2025-08-06 14:29:49,900 - logger - INFO - ============================================================
2025-08-06 14:29:49,905 - logger - INFO - Enhanced Word to HTML Converter Started
2025-08-06 14:29:49,907 - logger - INFO - Input folder: D:\Work 3 (20-Oct-24)\2 Side projects May 25\Encyclopedia\articles\مقالات بعد الاخراج\الرياضيات والفيزياء
2025-08-06 14:29:49,910 - logger - INFO - Output folder: D:\Work 3 (20-Oct-24)\2 Side projects May 25\Encyclopedia\articles\html
2025-08-06 14:29:49,911 - logger - INFO - External CSS: True
2025-08-06 14:29:49,911 - logger - INFO - Generate anchored docs: True
2025-08-06 14:29:49,912 - logger - INFO - ============================================================
2025-08-06 14:29:50,144 - logger - INFO - CSS files copied to D:\Work 3 (20-Oct-24)\2 Side projects May 25\Encyclopedia\articles\html\assets\css
2025-08-06 14:29:50,152 - logger - INFO - Processing 5 documents from: D:\Work 3 (20-Oct-24)\2 Side projects May 25\Encyclopedia\articles\مقالات بعد الاخراج\الرياضيات والفيزياء
2025-08-06 14:29:50,160 - mammoth_converter - INFO - Found 5 documents
2025-08-06 14:29:50,161 - mammoth_converter - INFO - Converting [1]: التشابه (جاهزة للنشر) .docx
2025-08-06 14:29:51,899 - mammoth_converter - INFO -   Detected equation type: office_math
2025-08-06 14:29:52,001 - mammoth_converter - ERROR - Error in equation marker conversion: xpath() got an unexpected keyword argument 'namespaces'
2025-08-06 14:29:53,360 - mammoth_converter - INFO - Saved: D:\Work 3 (20-Oct-24)\2 Side projects May 25\Encyclopedia\articles\html\001_التشابه (جاهزة للنشر)\التشابه (جاهزة للنشر).html
2025-08-06 14:29:53,360 - mammoth_converter - INFO - Converting [2]: الدائرة (جاهزة للنشر).docx
2025-08-06 14:29:54,601 - mammoth_converter - INFO -   Detected equation type: office_math
2025-08-06 14:29:54,667 - mammoth_converter - ERROR - Error in equation marker conversion: xpath() got an unexpected keyword argument 'namespaces'
2025-08-06 14:29:55,813 - mammoth_converter - INFO - Saved: D:\Work 3 (20-Oct-24)\2 Side projects May 25\Encyclopedia\articles\html\002_الدائرة (جاهزة للنشر)\الدائرة (جاهزة للنشر).html
2025-08-06 14:29:55,813 - mammoth_converter - INFO - Converting [3]: الدالة واحد لواحد (جاهزة للنشر).docx
2025-08-06 14:29:56,356 - mammoth_converter - INFO -   Detected equation type: office_math
2025-08-06 14:29:56,405 - mammoth_converter - ERROR - Error in equation marker conversion: xpath() got an unexpected keyword argument 'namespaces'
2025-08-06 14:29:56,973 - mammoth_converter - INFO - Saved: D:\Work 3 (20-Oct-24)\2 Side projects May 25\Encyclopedia\articles\html\003_الدالة واحد لواحد (جاهزة للنشر)\الدالة واحد لواحد (جاهزة للنشر).html
2025-08-06 14:29:56,973 - mammoth_converter - INFO - Converting [4]: العدد الأولي (جاهزة للنشر).docx
2025-08-06 14:29:58,557 - mammoth_converter - INFO -   Detected equation type: office_math
2025-08-06 14:29:58,624 - mammoth_converter - ERROR - Error in equation marker conversion: xpath() got an unexpected keyword argument 'namespaces'
2025-08-06 14:30:00,418 - mammoth_converter - INFO - Saved: D:\Work 3 (20-Oct-24)\2 Side projects May 25\Encyclopedia\articles\html\004_العدد الأولي (جاهزة للنشر)\العدد الأولي (جاهزة للنشر).html
2025-08-06 14:30:00,419 - mammoth_converter - INFO - Converting [5]: الفضاء المتري (جاهزة للنشر).docx
2025-08-06 14:30:01,582 - mammoth_converter - INFO -   Detected equation type: office_math
2025-08-06 14:30:01,661 - mammoth_converter - ERROR - Error in equation marker conversion: xpath() got an unexpected keyword argument 'namespaces'
2025-08-06 14:30:04,038 - mammoth_converter - INFO - Saved: D:\Work 3 (20-Oct-24)\2 Side projects May 25\Encyclopedia\articles\html\005_الفضاء المتري (جاهزة للنشر)\الفضاء المتري (جاهزة للنشر).html
2025-08-06 14:30:04,038 - mammoth_converter - INFO - ============================================================
2025-08-06 14:30:04,039 - mammoth_converter - INFO - Conversion Summary:
2025-08-06 14:30:04,039 - mammoth_converter - INFO -   Total equations found: 0
2025-08-06 14:30:04,039 - mammoth_converter - INFO -   Total footnotes: 0
2025-08-06 14:30:04,040 - mammoth_converter - INFO -   Total images: 37
2025-08-06 14:30:04,040 - mammoth_converter - INFO - ============================================================
2025-08-06 14:30:04,040 - mammoth_converter - INFO - ============================================================
2025-08-06 14:30:04,041 - mammoth_converter - INFO - Creating Word Documents with Anchors
2025-08-06 14:30:04,041 - mammoth_converter - INFO - ============================================================
2025-08-06 14:30:04,067 - word_anchor_adder - INFO - Processing 5 documents
2025-08-06 14:30:04,068 - word_anchor_adder - INFO - Adding anchors to: التشابه (جاهزة للنشر) .docx
2025-08-06 14:30:04,202 - word_anchor_adder - INFO - Found 53 Office Math paragraphs
2025-08-06 14:30:04,494 - word_anchor_adder - INFO - Saved: D:\Work 3 (20-Oct-24)\2 Side projects May 25\Encyclopedia\articles\html\with_anchors\التشابه (جاهزة للنشر) _anchored.docx
2025-08-06 14:30:04,494 - word_anchor_adder - INFO - Total anchors: 62 (Office Math + LaTeX + Images)
2025-08-06 14:30:04,494 - word_anchor_adder - INFO - [1/5] Completed التشابه (جاهزة للنشر) .docx
2025-08-06 14:30:04,494 - word_anchor_adder - INFO - Adding anchors to: الدائرة (جاهزة للنشر).docx
2025-08-06 14:30:04,666 - word_anchor_adder - INFO - Found 30 Office Math paragraphs
2025-08-06 14:30:04,824 - word_anchor_adder - INFO - Saved: D:\Work 3 (20-Oct-24)\2 Side projects May 25\Encyclopedia\articles\html\with_anchors\الدائرة (جاهزة للنشر)_anchored.docx
2025-08-06 14:30:04,825 - word_anchor_adder - INFO - Total anchors: 39 (Office Math + LaTeX + Images)
2025-08-06 14:30:04,825 - word_anchor_adder - INFO - [2/5] Completed الدائرة (جاهزة للنشر).docx
2025-08-06 14:30:04,825 - word_anchor_adder - INFO - Adding anchors to: الدالة واحد لواحد (جاهزة للنشر).docx
2025-08-06 14:30:04,869 - word_anchor_adder - INFO - Found 21 Office Math paragraphs
2025-08-06 14:30:04,939 - word_anchor_adder - INFO - Saved: D:\Work 3 (20-Oct-24)\2 Side projects May 25\Encyclopedia\articles\html\with_anchors\الدالة واحد لواحد (جاهزة للنشر)_anchored.docx
2025-08-06 14:30:04,940 - word_anchor_adder - INFO - Total anchors: 25 (Office Math + LaTeX + Images)
2025-08-06 14:30:04,940 - word_anchor_adder - INFO - [3/5] Completed الدالة واحد لواحد (جاهزة للنشر).docx
2025-08-06 14:30:04,941 - word_anchor_adder - INFO - Adding anchors to: العدد الأولي (جاهزة للنشر).docx
2025-08-06 14:30:05,054 - word_anchor_adder - INFO - Found 59 Office Math paragraphs
2025-08-06 14:30:05,227 - word_anchor_adder - INFO - Saved: D:\Work 3 (20-Oct-24)\2 Side projects May 25\Encyclopedia\articles\html\with_anchors\العدد الأولي (جاهزة للنشر)_anchored.docx
2025-08-06 14:30:05,227 - word_anchor_adder - INFO - Total anchors: 26 (Office Math + LaTeX + Images)
2025-08-06 14:30:05,228 - word_anchor_adder - INFO - [4/5] Completed العدد الأولي (جاهزة للنشر).docx
2025-08-06 14:30:05,228 - word_anchor_adder - INFO - Adding anchors to: الفضاء المتري (جاهزة للنشر).docx
2025-08-06 14:30:05,359 - word_anchor_adder - INFO - Found 53 Office Math paragraphs
2025-08-06 14:30:05,522 - word_anchor_adder - INFO - Saved: D:\Work 3 (20-Oct-24)\2 Side projects May 25\Encyclopedia\articles\html\with_anchors\الفضاء المتري (جاهزة للنشر)_anchored.docx
2025-08-06 14:30:05,522 - word_anchor_adder - INFO - Total anchors: 58 (Office Math + LaTeX + Images)
2025-08-06 14:30:05,523 - word_anchor_adder - INFO - [5/5] Completed الفضاء المتري (جاهزة للنشر).docx
2025-08-06 14:30:05,523 - mammoth_converter - INFO - Finished creating anchored Word documents
2025-08-06 14:30:05,524 - word_anchor_adder - INFO - Processing 5 documents
2025-08-06 14:30:05,525 - word_anchor_adder - INFO - Adding anchors to: التشابه (جاهزة للنشر) .docx
2025-08-06 14:30:05,677 - word_anchor_adder - INFO - Found 53 Office Math paragraphs
2025-08-06 14:30:06,040 - word_anchor_adder - INFO - Saved: D:\Work 3 (20-Oct-24)\2 Side projects May 25\Encyclopedia\articles\html\with_anchors\التشابه (جاهزة للنشر) _anchored.docx
2025-08-06 14:30:06,040 - word_anchor_adder - INFO - Total anchors: 62 (Office Math + LaTeX + Images)
2025-08-06 14:30:06,041 - word_anchor_adder - INFO - [1/5] Completed التشابه (جاهزة للنشر) .docx
2025-08-06 14:30:06,041 - word_anchor_adder - INFO - Adding anchors to: الدائرة (جاهزة للنشر).docx
2025-08-06 14:30:06,198 - word_anchor_adder - INFO - Found 30 Office Math paragraphs
2025-08-06 14:30:06,389 - word_anchor_adder - INFO - Saved: D:\Work 3 (20-Oct-24)\2 Side projects May 25\Encyclopedia\articles\html\with_anchors\الدائرة (جاهزة للنشر)_anchored.docx
2025-08-06 14:30:06,390 - word_anchor_adder - INFO - Total anchors: 39 (Office Math + LaTeX + Images)
2025-08-06 14:30:06,390 - word_anchor_adder - INFO - [2/5] Completed الدائرة (جاهزة للنشر).docx
2025-08-06 14:30:06,391 - word_anchor_adder - INFO - Adding anchors to: الدالة واحد لواحد (جاهزة للنشر).docx
2025-08-06 14:30:06,439 - word_anchor_adder - INFO - Found 21 Office Math paragraphs
2025-08-06 14:30:06,517 - word_anchor_adder - INFO - Saved: D:\Work 3 (20-Oct-24)\2 Side projects May 25\Encyclopedia\articles\html\with_anchors\الدالة واحد لواحد (جاهزة للنشر)_anchored.docx
2025-08-06 14:30:06,517 - word_anchor_adder - INFO - Total anchors: 25 (Office Math + LaTeX + Images)
2025-08-06 14:30:06,518 - word_anchor_adder - INFO - [3/5] Completed الدالة واحد لواحد (جاهزة للنشر).docx
2025-08-06 14:30:06,518 - word_anchor_adder - INFO - Adding anchors to: العدد الأولي (جاهزة للنشر).docx
2025-08-06 14:30:06,637 - word_anchor_adder - INFO - Found 59 Office Math paragraphs
2025-08-06 14:30:06,799 - word_anchor_adder - INFO - Saved: D:\Work 3 (20-Oct-24)\2 Side projects May 25\Encyclopedia\articles\html\with_anchors\العدد الأولي (جاهزة للنشر)_anchored.docx
2025-08-06 14:30:06,799 - word_anchor_adder - INFO - Total anchors: 26 (Office Math + LaTeX + Images)
2025-08-06 14:30:06,799 - word_anchor_adder - INFO - [4/5] Completed العدد الأولي (جاهزة للنشر).docx
2025-08-06 14:30:06,799 - word_anchor_adder - INFO - Adding anchors to: الفضاء المتري (جاهزة للنشر).docx
2025-08-06 14:30:06,933 - word_anchor_adder - INFO - Found 53 Office Math paragraphs
2025-08-06 14:30:07,078 - word_anchor_adder - INFO - Saved: D:\Work 3 (20-Oct-24)\2 Side projects May 25\Encyclopedia\articles\html\with_anchors\الفضاء المتري (جاهزة للنشر)_anchored.docx
2025-08-06 14:30:07,078 - word_anchor_adder - INFO - Total anchors: 58 (Office Math + LaTeX + Images)
2025-08-06 14:30:07,078 - word_anchor_adder - INFO - [5/5] Completed الفضاء المتري (جاهزة للنشر).docx
2025-08-06 14:30:07,079 - logger - INFO - ============================================================
2025-08-06 14:30:07,081 - logger - INFO - Conversion completed successfully!
2025-08-06 14:30:07,081 - logger - INFO - Total equations processed: 0
2025-08-06 14:30:07,081 - logger - INFO - Total images processed: 37
2025-08-06 14:30:07,082 - logger - INFO - Total footnotes processed: 0
2025-08-06 14:30:07,082 - logger - INFO - ============================================================
