2025-08-06 15:58:26,989 - logger - INFO - ============================================================
2025-08-06 15:58:26,990 - logger - INFO - Document Processing Started
2025-08-06 15:58:26,991 - logger - INFO - Input folder: D:\Work 3 (20-Oct-24)\2 Side projects May 25\Encyclopedia\articles\مقالات بعد الاخراج\test
2025-08-06 15:58:26,991 - logger - INFO - Output folder: D:\Work 3 (20-Oct-24)\2 Side projects May 25\Encyclopedia\articles\html
2025-08-06 15:58:26,991 - logger - INFO - External CSS: True
2025-08-06 15:58:26,992 - logger - INFO - ============================================================
2025-08-06 15:58:27,150 - office_math_to_latex_converter - INFO - Converting Office Math to LaTeX in: الدائرة (جاهزة للنشر).docx
2025-08-06 15:58:27,367 - office_math_to_latex_converter - INFO - Saved LaTeX version to: C:\Users\eyousef\AppData\Local\Temp\tmp3i7v5ltt.docx
2025-08-06 15:58:27,368 - office_math_to_latex_converter - INFO - Converted 30 Office Math equations to LaTeX
2025-08-06 15:58:27,368 - word_anchor_adder - INFO - Adding anchors to: tmp3i7v5ltt.docx
2025-08-06 15:58:27,536 - word_anchor_adder - INFO - Found 23 Office Math paragraphs
2025-08-06 15:58:27,707 - word_anchor_adder - INFO - Saved: D:\Work 3 (20-Oct-24)\2 Side projects May 25\Encyclopedia\articles\html\001_الدائرة (جاهزة للنشر)\الدائرة (جاهزة للنشر)_anchored.docx
2025-08-06 15:58:27,708 - word_anchor_adder - INFO - Total anchors: 43 (Office Math + LaTeX + Images)
2025-08-06 15:58:28,557 - mammoth_converter - INFO -   Detected equation type: office_math
2025-08-06 15:58:28,564 - mammoth_converter - INFO - Converting with equation markers (fixed)...
2025-08-06 15:58:29,686 - mammoth_converter - WARNING - الدائرة (جاهزة للنشر)_anchored.docx: Message(type='warning', message='An unrecognised element was ignored: {http://schemas.openxmlformats.org/officeDocument/2006/math}oMathPara')
2025-08-06 15:58:29,702 - mammoth_converter - WARNING - الدائرة (جاهزة للنشر)_anchored.docx: Message(type='warning', message='Unrecognised run style: rynqvb (Style ID: rynqvb)')
2025-08-06 15:58:29,703 - mammoth_converter - WARNING - الدائرة (جاهزة للنشر)_anchored.docx: Message(type='warning', message='Unrecognised paragraph style: List Paragraph (Style ID: ListParagraph)')
2025-08-06 15:58:29,703 - mammoth_converter - WARNING - الدائرة (جاهزة للنشر)_anchored.docx: Message(type='warning', message='Unrecognised paragraph style: q-text (Style ID: q-text)')
2025-08-06 15:58:29,704 - mammoth_converter - INFO -   Processed 28 Office Math equations with anchors
2025-08-06 15:58:29,713 - office_math_to_latex_converter - INFO - Converting Office Math to LaTeX in: الدالة واحد لواحد (جاهزة للنشر).docx
2025-08-06 15:58:29,757 - office_math_to_latex_converter - INFO - Saved LaTeX version to: C:\Users\eyousef\AppData\Local\Temp\tmpoa2plgrm.docx
2025-08-06 15:58:29,757 - office_math_to_latex_converter - INFO - Converted 1 Office Math equations to LaTeX
2025-08-06 15:58:29,761 - word_anchor_adder - INFO - Adding anchors to: tmpoa2plgrm.docx
2025-08-06 15:58:29,821 - word_anchor_adder - INFO - Saved: D:\Work 3 (20-Oct-24)\2 Side projects May 25\Encyclopedia\articles\html\002_الدالة واحد لواحد (جاهزة للنشر)\الدالة واحد لواحد (جاهزة للنشر)_anchored.docx
2025-08-06 15:58:29,821 - word_anchor_adder - INFO - Total anchors: 2 (Office Math + LaTeX + Images)
2025-08-06 15:58:29,918 - mammoth_converter - INFO -   Detected equation type: latex
2025-08-06 15:58:29,995 - office_math_to_latex_converter - INFO - Converting Office Math to LaTeX in: الكيمياء الحيوية (بانتظار الترجمة).docx
2025-08-06 15:58:30,129 - office_math_to_latex_converter - INFO - No Office Math equations found
2025-08-06 15:58:30,138 - word_anchor_adder - INFO - Adding anchors to: tmpzky3oh89.docx
2025-08-06 15:58:30,775 - word_anchor_adder - INFO - Saved: D:\Work 3 (20-Oct-24)\2 Side projects May 25\Encyclopedia\articles\html\003_الكيمياء الحيوية (بانتظار الترجمة)\الكيمياء الحيوية (بانتظار الترجمة)_anchored.docx
2025-08-06 15:58:30,776 - word_anchor_adder - INFO - Total anchors: 19 (Office Math + LaTeX + Images)
2025-08-06 15:58:32,325 - mammoth_converter - INFO -   Detected equation type: none
2025-08-06 15:58:34,036 - logger - INFO - Processing completed successfully!
