2025-08-06 15:43:58,815 - logger - INFO - ============================================================
2025-08-06 15:43:58,816 - logger - INFO - Document Processing Started
2025-08-06 15:43:58,816 - logger - INFO - Input folder: D:\Work 3 (20-Oct-24)\2 Side projects May 25\Encyclopedia\articles\مقالات بعد الاخراج\test
2025-08-06 15:43:58,817 - logger - INFO - Output folder: D:\Work 3 (20-Oct-24)\2 Side projects May 25\Encyclopedia\articles\html
2025-08-06 15:43:58,817 - logger - INFO - External CSS: True
2025-08-06 15:43:58,817 - logger - INFO - ============================================================
2025-08-06 15:43:59,379 - office_math_to_latex_converter - INFO - Converting Office Math to LaTeX in: الدائرة (جاهزة للنشر).docx
2025-08-06 15:43:59,642 - office_math_to_latex_converter - INFO - Saved LaTeX version to: C:\Users\eyousef\AppData\Local\Temp\tmp4e20r8g5.docx
2025-08-06 15:43:59,642 - office_math_to_latex_converter - INFO - Converted 30 Office Math equations to LaTeX
2025-08-06 15:43:59,642 - word_anchor_adder - INFO - Adding anchors to: tmp4e20r8g5.docx
2025-08-06 15:43:59,811 - word_anchor_adder - INFO - Found 23 Office Math paragraphs
2025-08-06 15:44:00,033 - word_anchor_adder - INFO - Saved: D:\Work 3 (20-Oct-24)\2 Side projects May 25\Encyclopedia\articles\html\001_الدائرة (جاهزة للنشر)\الدائرة (جاهزة للنشر)_anchored.docx
2025-08-06 15:44:00,034 - word_anchor_adder - INFO - Total anchors: 43 (Office Math + LaTeX + Images)
2025-08-06 15:44:01,252 - mammoth_converter - INFO -   Detected equation type: office_math
2025-08-06 15:44:01,253 - mammoth_converter - INFO - Converting with equation markers (fixed)...
2025-08-06 15:44:02,756 - mammoth_converter - WARNING - الدائرة (جاهزة للنشر)_anchored.docx: Message(type='warning', message='An unrecognised element was ignored: {http://schemas.openxmlformats.org/officeDocument/2006/math}oMathPara')
2025-08-06 15:44:02,757 - mammoth_converter - WARNING - الدائرة (جاهزة للنشر)_anchored.docx: Message(type='warning', message='Unrecognised run style: rynqvb (Style ID: rynqvb)')
2025-08-06 15:44:02,757 - mammoth_converter - WARNING - الدائرة (جاهزة للنشر)_anchored.docx: Message(type='warning', message='Unrecognised paragraph style: List Paragraph (Style ID: ListParagraph)')
2025-08-06 15:44:02,757 - mammoth_converter - WARNING - الدائرة (جاهزة للنشر)_anchored.docx: Message(type='warning', message='Unrecognised paragraph style: q-text (Style ID: q-text)')
2025-08-06 15:44:02,758 - mammoth_converter - INFO -   Processed 28 Office Math equations with anchors
2025-08-06 15:44:02,767 - office_math_to_latex_converter - INFO - Converting Office Math to LaTeX in: الدالة واحد لواحد (جاهزة للنشر).docx
2025-08-06 15:44:02,808 - office_math_to_latex_converter - INFO - Saved LaTeX version to: C:\Users\eyousef\AppData\Local\Temp\tmpjfl3ge0v.docx
2025-08-06 15:44:02,808 - office_math_to_latex_converter - INFO - Converted 1 Office Math equations to LaTeX
2025-08-06 15:44:02,808 - word_anchor_adder - INFO - Adding anchors to: tmpjfl3ge0v.docx
2025-08-06 15:44:02,863 - word_anchor_adder - INFO - Saved: D:\Work 3 (20-Oct-24)\2 Side projects May 25\Encyclopedia\articles\html\002_الدالة واحد لواحد (جاهزة للنشر)\الدالة واحد لواحد (جاهزة للنشر)_anchored.docx
2025-08-06 15:44:02,863 - word_anchor_adder - INFO - Total anchors: 2 (Office Math + LaTeX + Images)
2025-08-06 15:44:03,081 - mammoth_converter - INFO -   Detected equation type: latex
2025-08-06 15:44:03,250 - office_math_to_latex_converter - INFO - Converting Office Math to LaTeX in: الكيمياء الحيوية (بانتظار الترجمة).docx
2025-08-06 15:44:03,419 - office_math_to_latex_converter - INFO - No Office Math equations found
2025-08-06 15:44:03,431 - word_anchor_adder - INFO - Adding anchors to: tmpq753a00o.docx
2025-08-06 15:44:04,161 - word_anchor_adder - INFO - Saved: D:\Work 3 (20-Oct-24)\2 Side projects May 25\Encyclopedia\articles\html\003_الكيمياء الحيوية (بانتظار الترجمة)\الكيمياء الحيوية (بانتظار الترجمة)_anchored.docx
2025-08-06 15:44:04,162 - word_anchor_adder - INFO - Total anchors: 19 (Office Math + LaTeX + Images)
2025-08-06 15:44:05,703 - mammoth_converter - INFO -   Detected equation type: none
2025-08-06 15:44:07,679 - logger - INFO - Processing completed successfully!
