2025-08-06 13:17:40,760 - logger - INFO - ============================================================
2025-08-06 13:17:40,761 - logger - INFO - Enhanced Word to HTML Converter Started
2025-08-06 13:17:40,761 - logger - INFO - Input folder: D:\Work 3 (20-Oct-24)\2 Side projects May 25\Encyclopedia\articles\مقالات بعد الاخراج
2025-08-06 13:17:40,762 - logger - INFO - Output folder: D:\Work 3 (20-Oct-24)\2 Side projects May 25\Encyclopedia\articles\html
2025-08-06 13:17:40,762 - logger - INFO - External CSS: True
2025-08-06 13:17:40,762 - logger - INFO - Generate anchored docs: True
2025-08-06 13:17:40,763 - logger - INFO - ============================================================
2025-08-06 13:17:41,032 - logger - INFO - CSS files copied to D:\Work 3 (20-Oct-24)\2 Side projects May 25\Encyclopedia\articles\html\assets\css
2025-08-06 13:17:41,042 - logger - INFO - Processing 45 documents from: D:\Work 3 (20-Oct-24)\2 Side projects May 25\Encyclopedia\articles\مقالات بعد الاخراج
2025-08-06 13:17:41,048 - mammoth_converter - INFO - Found 45 documents
2025-08-06 13:17:41,074 - mammoth_converter - INFO - Converting [1]: الكيمياء الحيوية (بانتظار الترجمة).docx
2025-08-06 13:17:43,093 - mammoth_converter - INFO -   Detected equation type: none
2025-08-06 13:17:45,463 - mammoth_converter - WARNING - الكيمياء الحيوية (بانتظار الترجمة).docx: Message(type='warning', message='Unrecognised paragraph style: List Paragraph (Style ID: ListParagraph)')
2025-08-06 13:17:45,463 - mammoth_converter - WARNING - الكيمياء الحيوية (بانتظار الترجمة).docx: Message(type='warning', message='Unrecognised run style: anchor-text (Style ID: anchor-text)')
2025-08-06 13:17:45,468 - mammoth_converter - INFO -   Saved 23 anchors
2025-08-06 13:17:45,468 - mammoth_converter - INFO - Saved: D:\Work 3 (20-Oct-24)\2 Side projects May 25\Encyclopedia\articles\html\001_الكيمياء الحيوية (بانتظار الترجمة)\الكيمياء الحيوية (بانتظار الترجمة).html
2025-08-06 13:17:45,469 - mammoth_converter - INFO - Converting [2]: الكيمياء الحيوية (بانتظار الترجمة).docx
2025-08-06 13:17:47,447 - mammoth_converter - INFO -   Detected equation type: none
2025-08-06 13:17:50,041 - mammoth_converter - WARNING - الكيمياء الحيوية (بانتظار الترجمة).docx: Message(type='warning', message='Unrecognised paragraph style: List Paragraph (Style ID: ListParagraph)')
2025-08-06 13:17:50,042 - mammoth_converter - WARNING - الكيمياء الحيوية (بانتظار الترجمة).docx: Message(type='warning', message='Unrecognised run style: anchor-text (Style ID: anchor-text)')
2025-08-06 13:17:50,046 - mammoth_converter - INFO -   Saved 23 anchors
2025-08-06 13:17:50,046 - mammoth_converter - INFO - Saved: D:\Work 3 (20-Oct-24)\2 Side projects May 25\Encyclopedia\articles\html\test\002_الكيمياء الحيوية (بانتظار الترجمة)\الكيمياء الحيوية (بانتظار الترجمة).html
2025-08-06 13:17:50,047 - mammoth_converter - INFO - Converting [3]: التناص (جاهزة للنشر).docx
2025-08-06 13:17:51,247 - mammoth_converter - INFO -   Detected equation type: none
2025-08-06 13:17:52,439 - mammoth_converter - WARNING - التناص (جاهزة للنشر).docx: Message(type='warning', message='Unrecognised paragraph style: List Paragraph (Style ID: ListParagraph)')
2025-08-06 13:17:52,442 - mammoth_converter - INFO -   Saved 1 anchors
2025-08-06 13:17:52,442 - mammoth_converter - INFO - Saved: D:\Work 3 (20-Oct-24)\2 Side projects May 25\Encyclopedia\articles\html\الآداب واللغات\003_التناص (جاهزة للنشر)\التناص (جاهزة للنشر).html
2025-08-06 13:17:52,443 - mammoth_converter - INFO - Converting [4]: المعاجم العربية التراثية (جاهزة للنشر).docx
2025-08-06 13:17:54,914 - mammoth_converter - INFO -   Detected equation type: none
2025-08-06 13:17:57,547 - mammoth_converter - WARNING - المعاجم العربية التراثية (جاهزة للنشر).docx: Message(type='warning', message='Unrecognised paragraph style: List Paragraph (Style ID: ListParagraph)')
2025-08-06 13:17:57,560 - mammoth_converter - INFO -   Saved 3 anchors
2025-08-06 13:17:57,561 - mammoth_converter - INFO - Saved: D:\Work 3 (20-Oct-24)\2 Side projects May 25\Encyclopedia\articles\html\الآداب واللغات\004_المعاجم العربية التراثية (جاهزة للنشر)\المعاجم العربية التراثية (جاهزة للنشر).html
2025-08-06 13:17:57,565 - mammoth_converter - INFO - Converting [5]: أمين الخولي (جاهزة للنشر) .docx
2025-08-06 13:18:01,203 - mammoth_converter - INFO -   Detected equation type: none
2025-08-06 13:18:04,279 - mammoth_converter - INFO -   Saved 5 anchors
2025-08-06 13:18:04,280 - mammoth_converter - INFO - Saved: D:\Work 3 (20-Oct-24)\2 Side projects May 25\Encyclopedia\articles\html\الآداب واللغات\005_أمين الخولي (جاهزة للنشر)\أمين الخولي (جاهزة للنشر).html
2025-08-06 13:18:04,280 - mammoth_converter - INFO - Converting [6]: إلياس زيات (جاهزة للنشر).docx
2025-08-06 13:18:04,776 - mammoth_converter - INFO -   Detected equation type: none
2025-08-06 13:18:05,274 - mammoth_converter - INFO -   Saved 3 anchors
2025-08-06 13:18:05,274 - mammoth_converter - INFO - Saved: D:\Work 3 (20-Oct-24)\2 Side projects May 25\Encyclopedia\articles\html\الآداب واللغات\006_إلياس زيات (جاهزة للنشر)\إلياس زيات (جاهزة للنشر).html
2025-08-06 13:18:05,275 - mammoth_converter - INFO - Converting [7]: حسن العطار (جاهزة للنشر).docx
2025-08-06 13:18:06,233 - mammoth_converter - INFO -   Detected equation type: none
2025-08-06 13:18:07,153 - mammoth_converter - INFO -   Saved 2 anchors
2025-08-06 13:18:07,154 - mammoth_converter - INFO - Saved: D:\Work 3 (20-Oct-24)\2 Side projects May 25\Encyclopedia\articles\html\الآداب واللغات\007_حسن العطار (جاهزة للنشر)\حسن العطار (جاهزة للنشر).html
2025-08-06 13:18:07,155 - mammoth_converter - INFO - Converting [8]: حسن فتحي (جاهزة للنشر).docx
2025-08-06 13:18:08,223 - mammoth_converter - INFO -   Detected equation type: none
2025-08-06 13:18:09,146 - mammoth_converter - WARNING - حسن فتحي (جاهزة للنشر).docx: Message(type='warning', message='Unrecognised run style: wixui-rich-text__text (Style ID: wixui-rich-texttext)')
2025-08-06 13:18:09,149 - mammoth_converter - INFO -   Saved 4 anchors
2025-08-06 13:18:09,150 - mammoth_converter - INFO - Saved: D:\Work 3 (20-Oct-24)\2 Side projects May 25\Encyclopedia\articles\html\الآداب واللغات\008_حسن فتحي (جاهزة للنشر)\حسن فتحي (جاهزة للنشر).html
2025-08-06 13:18:09,150 - mammoth_converter - INFO - Converting [9]: سليم النقاش (جاهزة للنشر)  .docx
2025-08-06 13:18:09,820 - mammoth_converter - INFO -   Detected equation type: none
2025-08-06 13:18:10,426 - mammoth_converter - INFO -   Saved 2 anchors
2025-08-06 13:18:10,426 - mammoth_converter - INFO - Saved: D:\Work 3 (20-Oct-24)\2 Side projects May 25\Encyclopedia\articles\html\الآداب واللغات\009_سليم النقاش (جاهزة للنشر)\سليم النقاش (جاهزة للنشر).html
2025-08-06 13:18:10,426 - mammoth_converter - INFO - Converting [10]: غالب هلسا (جاهزة للنشر).docx
2025-08-06 13:18:11,339 - mammoth_converter - INFO -   Detected equation type: none
2025-08-06 13:18:12,313 - mammoth_converter - WARNING - غالب هلسا (جاهزة للنشر).docx: Message(type='warning', message='Unrecognised paragraph style: No Spacing (Style ID: NoSpacing)')
2025-08-06 13:18:12,314 - mammoth_converter - WARNING - غالب هلسا (جاهزة للنشر).docx: Message(type='warning', message='Unrecognised paragraph style: List Paragraph (Style ID: ListParagraph)')
2025-08-06 13:18:12,317 - mammoth_converter - INFO -   Saved 4 anchors
2025-08-06 13:18:12,317 - mammoth_converter - INFO - Saved: D:\Work 3 (20-Oct-24)\2 Side projects May 25\Encyclopedia\articles\html\الآداب واللغات\010_غالب هلسا (جاهزة للنشر)\غالب هلسا (جاهزة للنشر).html
2025-08-06 13:18:12,317 - mammoth_converter - INFO - Converting [11]: كتاب العين (جاهزة للنشر).docx
2025-08-06 13:18:13,342 - mammoth_converter - INFO -   Detected equation type: none
2025-08-06 13:18:14,595 - mammoth_converter - WARNING - كتاب العين (جاهزة للنشر).docx: Message(type='warning', message='Unrecognised paragraph style: List Paragraph (Style ID: ListParagraph)')
2025-08-06 13:18:14,602 - mammoth_converter - INFO -   Saved 4 anchors
2025-08-06 13:18:14,602 - mammoth_converter - INFO - Saved: D:\Work 3 (20-Oct-24)\2 Side projects May 25\Encyclopedia\articles\html\الآداب واللغات\011_كتاب العين (جاهزة للنشر)\كتاب العين (جاهزة للنشر).html
2025-08-06 13:18:14,603 - mammoth_converter - INFO - Converting [12]: ابن ماجه (جاهز للنشر).docx
2025-08-06 13:18:15,132 - mammoth_converter - INFO -   Detected equation type: none
2025-08-06 13:18:15,647 - mammoth_converter - WARNING - ابن ماجه (جاهز للنشر).docx: Message(type='warning', message='Unrecognised run style: familyname (Style ID: familyname)')
2025-08-06 13:18:15,649 - mammoth_converter - INFO -   Saved 1 anchors
2025-08-06 13:18:15,649 - mammoth_converter - INFO - Saved: D:\Work 3 (20-Oct-24)\2 Side projects May 25\Encyclopedia\articles\html\الاسلام وعلومه\012_ابن ماجه (جاهز للنشر)\ابن ماجه (جاهز للنشر).html
2025-08-06 13:18:15,649 - mammoth_converter - INFO - Converting [13]: الطبيعيات في علم الكلام (جاهزة للنشر).docx
2025-08-06 13:18:17,230 - mammoth_converter - INFO -   Detected equation type: none
2025-08-06 13:18:18,974 - mammoth_converter - WARNING - الطبيعيات في علم الكلام (جاهزة للنشر).docx: Message(type='warning', message='Unrecognised paragraph style: List Paragraph (Style ID: ListParagraph)')
2025-08-06 13:18:18,978 - mammoth_converter - INFO -   Saved 2 anchors
2025-08-06 13:18:18,978 - mammoth_converter - INFO - Saved: D:\Work 3 (20-Oct-24)\2 Side projects May 25\Encyclopedia\articles\html\الاسلام وعلومه\013_الطبيعيات في علم الكلام (جاهزة للنشر)\الطبيعيات في علم الكلام (جاهزة للنشر).html
2025-08-06 13:18:18,979 - mammoth_converter - INFO - Converting [14]: أبو يعلى الفراء (جاهزة للنشر).docx
2025-08-06 13:18:19,961 - mammoth_converter - INFO -   Detected equation type: none
2025-08-06 13:18:20,905 - mammoth_converter - WARNING - أبو يعلى الفراء (جاهزة للنشر).docx: Message(type='warning', message='Unrecognised paragraph style: List Paragraph (Style ID: ListParagraph)')
2025-08-06 13:18:20,908 - mammoth_converter - INFO -   Saved 5 anchors
2025-08-06 13:18:20,908 - mammoth_converter - INFO - Saved: D:\Work 3 (20-Oct-24)\2 Side projects May 25\Encyclopedia\articles\html\الاسلام وعلومه\014_أبو يعلى الفراء (جاهزة للنشر)\أبو يعلى الفراء (جاهزة للنشر).html
2025-08-06 13:18:20,909 - mammoth_converter - INFO - Converting [15]: حسين الجسر (جاهزة للنشر).docx
2025-08-06 13:18:21,709 - mammoth_converter - INFO -   Detected equation type: none
2025-08-06 13:18:22,268 - mammoth_converter - INFO -   Saved 1 anchors
2025-08-06 13:18:22,268 - mammoth_converter - INFO - Saved: D:\Work 3 (20-Oct-24)\2 Side projects May 25\Encyclopedia\articles\html\الاسلام وعلومه\015_حسين الجسر (جاهزة للنشر)\حسين الجسر (جاهزة للنشر).html
2025-08-06 13:18:22,269 - mammoth_converter - INFO - Converting [16]: مسعر بن كدام (جاهزة للنشر).docx
2025-08-06 13:18:23,388 - mammoth_converter - INFO -   Detected equation type: none
2025-08-06 13:18:24,499 - mammoth_converter - WARNING - مسعر بن كدام (جاهزة للنشر).docx: Message(type='warning', message='Unrecognised paragraph style: List Paragraph (Style ID: ListParagraph)')
2025-08-06 13:18:24,499 - mammoth_converter - WARNING - مسعر بن كدام (جاهزة للنشر).docx: Message(type='warning', message='Unrecognised run style: Footnote Text Char (Style ID: FootnoteTextChar)')
2025-08-06 13:18:24,502 - mammoth_converter - INFO -   Saved 1 anchors
2025-08-06 13:18:24,502 - mammoth_converter - INFO - Saved: D:\Work 3 (20-Oct-24)\2 Side projects May 25\Encyclopedia\articles\html\الاسلام وعلومه\016_مسعر بن كدام (جاهزة للنشر)\مسعر بن كدام (جاهزة للنشر).html
2025-08-06 13:18:24,503 - mammoth_converter - INFO - Converting [17]: السلع العامة (جاهزة للنشر).docx
2025-08-06 13:18:26,713 - mammoth_converter - INFO -   Detected equation type: none
2025-08-06 13:18:28,527 - mammoth_converter - WARNING - السلع العامة (جاهزة للنشر).docx: Message(type='warning', message='Unrecognised paragraph style: Style1 (Style ID: Style1)')
2025-08-06 13:18:28,530 - mammoth_converter - INFO -   Saved 1 anchors
2025-08-06 13:18:28,530 - mammoth_converter - INFO - Saved: D:\Work 3 (20-Oct-24)\2 Side projects May 25\Encyclopedia\articles\html\الاقتصاد والمال\017_السلع العامة (جاهزة للنشر)\السلع العامة (جاهزة للنشر).html
2025-08-06 13:18:28,530 - mammoth_converter - INFO - Converting [18]: التشابه (جاهزة للنشر) .docx
2025-08-06 13:18:29,941 - mammoth_converter - INFO -   Detected equation type: office_math
2025-08-06 13:18:30,019 - mammoth_converter - ERROR - Error in equation marker conversion: xpath() got an unexpected keyword argument 'namespaces'
2025-08-06 13:18:31,581 - mammoth_converter - INFO - Saved: D:\Work 3 (20-Oct-24)\2 Side projects May 25\Encyclopedia\articles\html\الرياضيات والفيزياء\018_التشابه (جاهزة للنشر)\التشابه (جاهزة للنشر).html
2025-08-06 13:18:31,582 - mammoth_converter - INFO - Converting [19]: الدائرة (جاهزة للنشر).docx
2025-08-06 13:18:33,086 - mammoth_converter - INFO -   Detected equation type: office_math
2025-08-06 13:18:33,153 - mammoth_converter - ERROR - Error in equation marker conversion: xpath() got an unexpected keyword argument 'namespaces'
2025-08-06 13:18:34,615 - mammoth_converter - INFO - Saved: D:\Work 3 (20-Oct-24)\2 Side projects May 25\Encyclopedia\articles\html\الرياضيات والفيزياء\019_الدائرة (جاهزة للنشر)\الدائرة (جاهزة للنشر).html
2025-08-06 13:18:34,615 - mammoth_converter - INFO - Converting [20]: الدالة واحد لواحد (جاهزة للنشر).docx
2025-08-06 13:18:35,109 - mammoth_converter - INFO -   Detected equation type: office_math
2025-08-06 13:18:35,150 - mammoth_converter - ERROR - Error in equation marker conversion: xpath() got an unexpected keyword argument 'namespaces'
2025-08-06 13:18:35,796 - mammoth_converter - INFO - Saved: D:\Work 3 (20-Oct-24)\2 Side projects May 25\Encyclopedia\articles\html\الرياضيات والفيزياء\020_الدالة واحد لواحد (جاهزة للنشر)\الدالة واحد لواحد (جاهزة للنشر).html
2025-08-06 13:18:35,796 - mammoth_converter - INFO - Converting [21]: العدد الأولي (جاهزة للنشر).docx
2025-08-06 13:18:37,278 - mammoth_converter - INFO -   Detected equation type: office_math
2025-08-06 13:18:37,360 - mammoth_converter - ERROR - Error in equation marker conversion: xpath() got an unexpected keyword argument 'namespaces'
2025-08-06 13:18:39,161 - mammoth_converter - INFO - Saved: D:\Work 3 (20-Oct-24)\2 Side projects May 25\Encyclopedia\articles\html\الرياضيات والفيزياء\021_العدد الأولي (جاهزة للنشر)\العدد الأولي (جاهزة للنشر).html
2025-08-06 13:18:39,161 - mammoth_converter - INFO - Converting [22]: الفضاء المتري (جاهزة للنشر).docx
2025-08-06 13:18:40,363 - mammoth_converter - INFO -   Detected equation type: office_math
2025-08-06 13:18:40,431 - mammoth_converter - ERROR - Error in equation marker conversion: xpath() got an unexpected keyword argument 'namespaces'
2025-08-06 13:18:41,744 - mammoth_converter - INFO - Saved: D:\Work 3 (20-Oct-24)\2 Side projects May 25\Encyclopedia\articles\html\الرياضيات والفيزياء\022_الفضاء المتري (جاهزة للنشر)\الفضاء المتري (جاهزة للنشر).html
2025-08-06 13:18:41,744 - mammoth_converter - INFO - Converting [23]: إستر أزهري (جاهزة للنشر).docx
2025-08-06 13:18:42,388 - mammoth_converter - INFO -   Detected equation type: none
2025-08-06 13:18:43,054 - mammoth_converter - INFO -   Saved 1 anchors
2025-08-06 13:18:43,055 - mammoth_converter - INFO - Saved: D:\Work 3 (20-Oct-24)\2 Side projects May 25\Encyclopedia\articles\html\تاريخ وجغرافيا\023_إستر أزهري (جاهزة للنشر)\إستر أزهري (جاهزة للنشر).html
2025-08-06 13:18:43,055 - mammoth_converter - INFO - Converting [24]: بولينا حسون (جاهزة للنشر).docx
2025-08-06 13:18:43,955 - mammoth_converter - INFO -   Detected equation type: none
2025-08-06 13:18:44,441 - mammoth_converter - INFO -   Saved 1 anchors
2025-08-06 13:18:44,442 - mammoth_converter - INFO - Saved: D:\Work 3 (20-Oct-24)\2 Side projects May 25\Encyclopedia\articles\html\تاريخ وجغرافيا\024_بولينا حسون (جاهزة للنشر)\بولينا حسون (جاهزة للنشر).html
2025-08-06 13:18:44,442 - mammoth_converter - INFO - Converting [25]: جمعية العهد (جاهزة للنشر).docx
2025-08-06 13:18:46,012 - mammoth_converter - INFO -   Detected equation type: none
2025-08-06 13:18:47,817 - mammoth_converter - WARNING - جمعية العهد (جاهزة للنشر).docx: Message(type='warning', message='Unrecognised paragraph style: List Paragraph (Style ID: ListParagraph)')
2025-08-06 13:18:47,818 - mammoth_converter - WARNING - جمعية العهد (جاهزة للنشر).docx: Message(type='warning', message='Unrecognised paragraph style: هامش عربي (المتن الداخلي) (Style ID: a)')
2025-08-06 13:18:47,818 - mammoth_converter - WARNING - جمعية العهد (جاهزة للنشر).docx: Message(type='warning', message='Unrecognised run style: عربي (Style ID: a0)')
2025-08-06 13:18:47,823 - mammoth_converter - INFO -   Saved 2 anchors
2025-08-06 13:18:47,823 - mammoth_converter - INFO - Saved: D:\Work 3 (20-Oct-24)\2 Side projects May 25\Encyclopedia\articles\html\تاريخ وجغرافيا\025_جمعية العهد (جاهزة للنشر)\جمعية العهد (جاهزة للنشر).html
2025-08-06 13:18:47,824 - mammoth_converter - INFO - Converting [26]: زينب فواز (جاهزة للنشر).docx
2025-08-06 13:18:48,341 - mammoth_converter - INFO -   Detected equation type: none
2025-08-06 13:18:48,875 - mammoth_converter - WARNING - زينب فواز (جاهزة للنشر).docx: Message(type='warning', message='Unrecognised paragraph style: List Paragraph (Style ID: ListParagraph)')
2025-08-06 13:18:48,877 - mammoth_converter - INFO -   Saved 3 anchors
2025-08-06 13:18:48,878 - mammoth_converter - INFO - Saved: D:\Work 3 (20-Oct-24)\2 Side projects May 25\Encyclopedia\articles\html\تاريخ وجغرافيا\026_زينب فواز (جاهزة للنشر)\زينب فواز (جاهزة للنشر).html
2025-08-06 13:18:48,878 - mammoth_converter - INFO - Converting [27]: ساطع الحصري (جاهزة للنشر).docx
2025-08-06 13:18:51,972 - mammoth_converter - INFO -   Detected equation type: none
2025-08-06 13:18:54,635 - mammoth_converter - WARNING - ساطع الحصري (جاهزة للنشر).docx: Message(type='warning', message='Unrecognised paragraph style: List Paragraph (Style ID: ListParagraph)')
2025-08-06 13:18:54,640 - mammoth_converter - INFO -   Saved 5 anchors
2025-08-06 13:18:54,641 - mammoth_converter - INFO - Saved: D:\Work 3 (20-Oct-24)\2 Side projects May 25\Encyclopedia\articles\html\تاريخ وجغرافيا\027_ساطع الحصري (جاهزة للنشر)\ساطع الحصري (جاهزة للنشر).html
2025-08-06 13:18:54,641 - mammoth_converter - INFO - Converting [28]: سوق عكاظ (جاهزة للنشر).docx
2025-08-06 13:18:56,137 - mammoth_converter - INFO -   Detected equation type: none
2025-08-06 13:18:57,724 - mammoth_converter - INFO -   Saved 3 anchors
2025-08-06 13:18:57,724 - mammoth_converter - INFO - Saved: D:\Work 3 (20-Oct-24)\2 Side projects May 25\Encyclopedia\articles\html\تاريخ وجغرافيا\028_سوق عكاظ (جاهزة للنشر)\سوق عكاظ (جاهزة للنشر).html
2025-08-06 13:18:57,725 - mammoth_converter - INFO - Converting [29]: صفقة الأسلحة التشيكية (جاهزة للنشر).docx
2025-08-06 13:18:58,154 - mammoth_converter - INFO -   Detected equation type: none
2025-08-06 13:18:58,792 - mammoth_converter - INFO -   Saved 1 anchors
2025-08-06 13:18:58,793 - mammoth_converter - INFO - Saved: D:\Work 3 (20-Oct-24)\2 Side projects May 25\Encyclopedia\articles\html\تاريخ وجغرافيا\029_صفقة الأسلحة التشيكية (جاهزة للنشر)\صفقة الأسلحة التشيكية (جاهزة للنشر).html
2025-08-06 13:18:58,793 - mammoth_converter - INFO - Converting [30]: مجلي نصراوين (جاهزة للنشر).docx
2025-08-06 13:18:59,366 - mammoth_converter - INFO -   Detected equation type: none
2025-08-06 13:19:00,183 - mammoth_converter - INFO -   Saved 1 anchors
2025-08-06 13:19:00,183 - mammoth_converter - INFO - Saved: D:\Work 3 (20-Oct-24)\2 Side projects May 25\Encyclopedia\articles\html\تاريخ وجغرافيا\030_مجلي نصراوين (جاهزة للنشر)\مجلي نصراوين (جاهزة للنشر).html
2025-08-06 13:19:00,184 - mammoth_converter - INFO - Converting [31]: مريانا مراش (جاهزة للنشر).docx
2025-08-06 13:19:01,014 - mammoth_converter - INFO -   Detected equation type: none
2025-08-06 13:19:01,534 - mammoth_converter - INFO -   Saved 2 anchors
2025-08-06 13:19:01,534 - mammoth_converter - INFO - Saved: D:\Work 3 (20-Oct-24)\2 Side projects May 25\Encyclopedia\articles\html\تاريخ وجغرافيا\031_مريانا مراش (جاهزة للنشر)\مريانا مراش (جاهزة للنشر).html
2025-08-06 13:19:01,535 - mammoth_converter - INFO - Converting [32]: مسلم بن مسلم الجرمي (جاهزة للنشر).docx
2025-08-06 13:19:01,897 - mammoth_converter - INFO -   Detected equation type: none
2025-08-06 13:19:02,269 - mammoth_converter - INFO -   Saved 1 anchors
2025-08-06 13:19:02,270 - mammoth_converter - INFO - Saved: D:\Work 3 (20-Oct-24)\2 Side projects May 25\Encyclopedia\articles\html\تاريخ وجغرافيا\032_مسلم بن مسلم الجرمي (جاهزة للنشر)\مسلم بن مسلم الجرمي (جاهزة للنشر).html
2025-08-06 13:19:02,270 - mammoth_converter - INFO - Converting [33]: نعمان قساطلي (جاهزة للنشر).docx
2025-08-06 13:19:02,876 - mammoth_converter - INFO -   Detected equation type: none
2025-08-06 13:19:03,340 - mammoth_converter - INFO -   Saved 1 anchors
2025-08-06 13:19:03,340 - mammoth_converter - INFO - Saved: D:\Work 3 (20-Oct-24)\2 Side projects May 25\Encyclopedia\articles\html\تاريخ وجغرافيا\033_نعمان قساطلي (جاهزة للنشر)\نعمان قساطلي (جاهزة للنشر).html
2025-08-06 13:19:03,341 - mammoth_converter - INFO - Converting [34]: هارون بن يحيى (جاهزة للنشر).docx
2025-08-06 13:19:03,731 - mammoth_converter - INFO -   Detected equation type: none
2025-08-06 13:19:04,146 - mammoth_converter - INFO -   Saved 1 anchors
2025-08-06 13:19:04,147 - mammoth_converter - INFO - Saved: D:\Work 3 (20-Oct-24)\2 Side projects May 25\Encyclopedia\articles\html\تاريخ وجغرافيا\034_هارون بن يحيى (جاهزة للنشر)\هارون بن يحيى (جاهزة للنشر).html
2025-08-06 13:19:04,147 - mammoth_converter - INFO - Converting [35]: هنا كسباني (جاهزة للنشر).docx
2025-08-06 13:19:04,532 - mammoth_converter - INFO -   Detected equation type: none
2025-08-06 13:19:05,000 - mammoth_converter - INFO -   Saved 2 anchors
2025-08-06 13:19:05,001 - mammoth_converter - INFO - Saved: D:\Work 3 (20-Oct-24)\2 Side projects May 25\Encyclopedia\articles\html\تاريخ وجغرافيا\035_هنا كسباني (جاهزة للنشر)\هنا كسباني (جاهزة للنشر).html
2025-08-06 13:19:05,001 - mammoth_converter - INFO - Converting [36]: ياسين الهاشمي (جاهزة للنشر).docx
2025-08-06 13:19:06,815 - mammoth_converter - INFO -   Detected equation type: none
2025-08-06 13:19:08,685 - mammoth_converter - WARNING - ياسين الهاشمي (جاهزة للنشر).docx: Message(type='warning', message='Unrecognised paragraph style: List Paragraph (Style ID: ListParagraph)')
2025-08-06 13:19:08,686 - mammoth_converter - WARNING - ياسين الهاشمي (جاهزة للنشر).docx: Message(type='warning', message='Unrecognised run style: fn (Style ID: fn)')
2025-08-06 13:19:08,686 - mammoth_converter - WARNING - ياسين الهاشمي (جاهزة للنشر).docx: Message(type='warning', message='Unrecognised run style: Subtitle1 (Style ID: Subtitle1)')
2025-08-06 13:19:08,689 - mammoth_converter - INFO -   Saved 1 anchors
2025-08-06 13:19:08,689 - mammoth_converter - INFO - Saved: D:\Work 3 (20-Oct-24)\2 Side projects May 25\Encyclopedia\articles\html\تاريخ وجغرافيا\036_ياسين الهاشمي (جاهزة للنشر)\ياسين الهاشمي (جاهزة للنشر).html
2025-08-06 13:19:08,689 - mammoth_converter - INFO - Converting [37]: الصيدلة (جاهزة للنشر).docx
2025-08-06 13:19:09,764 - mammoth_converter - INFO -   Detected equation type: none
2025-08-06 13:19:10,836 - mammoth_converter - WARNING - الصيدلة (جاهزة للنشر).docx: Message(type='warning', message='Unrecognised paragraph style: List Paragraph (Style ID: ListParagraph)')
2025-08-06 13:19:10,837 - mammoth_converter - WARNING - الصيدلة (جاهزة للنشر).docx: Message(type='warning', message='Unrecognised paragraph style: Normal (Web) (Style ID: NormalWeb)')
2025-08-06 13:19:10,839 - mammoth_converter - INFO -   Saved 10 anchors
2025-08-06 13:19:10,839 - mammoth_converter - INFO - Saved: D:\Work 3 (20-Oct-24)\2 Side projects May 25\Encyclopedia\articles\html\طب وصيدلة\037_الصيدلة (جاهزة للنشر)\الصيدلة (جاهزة للنشر).html
2025-08-06 13:19:10,840 - mammoth_converter - INFO - Converting [38]: المكملات الغذائية (جاهزة للنشر).docx
2025-08-06 13:19:11,771 - mammoth_converter - INFO -   Detected equation type: none
2025-08-06 13:19:12,606 - mammoth_converter - INFO -   Saved 3 anchors
2025-08-06 13:19:12,606 - mammoth_converter - INFO - Saved: D:\Work 3 (20-Oct-24)\2 Side projects May 25\Encyclopedia\articles\html\طب وصيدلة\038_المكملات الغذائية (جاهزة للنشر)\المكملات الغذائية (جاهزة للنشر).html
2025-08-06 13:19:12,606 - mammoth_converter - INFO - Converting [39]: البروتينات - (جاهزة للنشر).docx
2025-08-06 13:19:13,057 - mammoth_converter - INFO -   Detected equation type: none
2025-08-06 13:19:13,408 - mammoth_converter - WARNING - البروتينات - (جاهزة للنشر).docx: Message(type='warning', message='Unrecognised paragraph style: EndNote Bibliography (Style ID: EndNoteBibliography)')
2025-08-06 13:19:13,409 - mammoth_converter - INFO -   Saved 4 anchors
2025-08-06 13:19:13,410 - mammoth_converter - INFO - Saved: D:\Work 3 (20-Oct-24)\2 Side projects May 25\Encyclopedia\articles\html\علوم الأحياء والكيمياء\039_البروتينات - (جاهزة للنشر)\البروتينات - (جاهزة للنشر).html
2025-08-06 13:19:13,410 - mammoth_converter - INFO - Converting [40]: الدورة الشهرية (جاهزة للنشر).docx
2025-08-06 13:19:13,912 - mammoth_converter - INFO -   Detected equation type: none
2025-08-06 13:19:14,335 - mammoth_converter - WARNING - الدورة الشهرية (جاهزة للنشر).docx: Message(type='warning', message='Unrecognised paragraph style: List Paragraph (Style ID: ListParagraph)')
2025-08-06 13:19:14,335 - mammoth_converter - WARNING - الدورة الشهرية (جاهزة للنشر).docx: Message(type='warning', message='Unrecognised run style: bk_cite_avail (Style ID: bkciteavail)')
2025-08-06 13:19:14,338 - mammoth_converter - INFO -   Saved 2 anchors
2025-08-06 13:19:14,338 - mammoth_converter - INFO - Saved: D:\Work 3 (20-Oct-24)\2 Side projects May 25\Encyclopedia\articles\html\علوم الأحياء والكيمياء\040_الدورة الشهرية (جاهزة للنشر)\الدورة الشهرية (جاهزة للنشر).html
2025-08-06 13:19:14,338 - mammoth_converter - INFO - Converting [41]: الغشاء الخلوي-مترجم (جاهزة للنشر).docx
2025-08-06 13:19:15,402 - mammoth_converter - INFO -   Detected equation type: none
2025-08-06 13:19:16,371 - mammoth_converter - WARNING - الغشاء الخلوي-مترجم (جاهزة للنشر).docx: Message(type='warning', message='Unrecognised paragraph style: List Paragraph (Style ID: ListParagraph)')
2025-08-06 13:19:16,374 - mammoth_converter - INFO -   Saved 8 anchors
2025-08-06 13:19:16,374 - mammoth_converter - INFO - Saved: D:\Work 3 (20-Oct-24)\2 Side projects May 25\Encyclopedia\articles\html\علوم الأحياء والكيمياء\041_الغشاء الخلوي-مترجم (جاهزة للنشر)\الغشاء الخلوي-مترجم (جاهزة للنشر).html
2025-08-06 13:19:16,375 - mammoth_converter - INFO - Converting [42]: النواتج الطبيعية (جاهزة للنشر).docx
2025-08-06 13:19:19,672 - mammoth_converter - INFO -   Detected equation type: none
2025-08-06 13:19:22,801 - mammoth_converter - WARNING - النواتج الطبيعية (جاهزة للنشر).docx: Message(type='warning', message='Unrecognised paragraph style: List Paragraph (Style ID: ListParagraph)')
2025-08-06 13:19:22,804 - mammoth_converter - INFO -   Saved 19 anchors
2025-08-06 13:19:22,804 - mammoth_converter - INFO - Saved: D:\Work 3 (20-Oct-24)\2 Side projects May 25\Encyclopedia\articles\html\علوم الأحياء والكيمياء\042_النواتج الطبيعية (جاهزة للنشر)\النواتج الطبيعية (جاهزة للنشر).html
2025-08-06 13:19:22,804 - mammoth_converter - INFO - Converting [43]: فيروس كورونا (جاهزة للنشر).docx
2025-08-06 13:19:24,494 - mammoth_converter - INFO -   Detected equation type: none
2025-08-06 13:19:26,142 - mammoth_converter - WARNING - فيروس كورونا (جاهزة للنشر).docx: Message(type='warning', message='Unrecognised paragraph style: Heading 3a (Style ID: Heading3a)')
2025-08-06 13:19:26,143 - mammoth_converter - WARNING - فيروس كورونا (جاهزة للنشر).docx: Message(type='warning', message='Unrecognised paragraph style: EndNote Bibliography (Style ID: EndNoteBibliography)')
2025-08-06 13:19:26,145 - mammoth_converter - INFO -   Saved 2 anchors
2025-08-06 13:19:26,145 - mammoth_converter - INFO - Saved: D:\Work 3 (20-Oct-24)\2 Side projects May 25\Encyclopedia\articles\html\علوم الأحياء والكيمياء\043_فيروس كورونا (جاهزة للنشر)\فيروس كورونا (جاهزة للنشر).html
2025-08-06 13:19:26,146 - mammoth_converter - INFO - Converting [44]: لينا ماري عبيد (جاهزة للنشر).docx
2025-08-06 13:19:27,843 - mammoth_converter - INFO -   Detected equation type: none
2025-08-06 13:19:29,059 - mammoth_converter - WARNING - لينا ماري عبيد (جاهزة للنشر).docx: Message(type='warning', message='Unrecognised run style: id-label (Style ID: id-label)')
2025-08-06 13:19:29,059 - mammoth_converter - WARNING - لينا ماري عبيد (جاهزة للنشر).docx: Message(type='warning', message='Unrecognised run style: identifier (Style ID: identifier)')
2025-08-06 13:19:29,061 - mammoth_converter - INFO -   Saved 1 anchors
2025-08-06 13:19:29,061 - mammoth_converter - INFO - Saved: D:\Work 3 (20-Oct-24)\2 Side projects May 25\Encyclopedia\articles\html\علوم الأحياء والكيمياء\044_لينا ماري عبيد (جاهزة للنشر)\لينا ماري عبيد (جاهزة للنشر).html
2025-08-06 13:19:29,061 - mammoth_converter - INFO - Converting [45]: يوسف عوني حنّون (جاهزة للنشر).docx
2025-08-06 13:19:30,780 - mammoth_converter - INFO -   Detected equation type: none
2025-08-06 13:19:32,203 - mammoth_converter - WARNING - يوسف عوني حنّون (جاهزة للنشر).docx: Message(type='warning', message='Unrecognised run style: hlfld-contribauthor (Style ID: hlfld-contribauthor)')
2025-08-06 13:19:32,204 - mammoth_converter - WARNING - يوسف عوني حنّون (جاهزة للنشر).docx: Message(type='warning', message='Unrecognised run style: ml-1 (Style ID: ml-1)')
2025-08-06 13:19:32,205 - mammoth_converter - WARNING - يوسف عوني حنّون (جاهزة للنشر).docx: Message(type='warning', message='Unrecognised paragraph style: List Paragraph (Style ID: ListParagraph)')
2025-08-06 13:19:32,207 - mammoth_converter - INFO -   Saved 1 anchors
2025-08-06 13:19:32,207 - mammoth_converter - INFO - Saved: D:\Work 3 (20-Oct-24)\2 Side projects May 25\Encyclopedia\articles\html\علوم الأحياء والكيمياء\045_يوسف عوني حنّون (جاهزة للنشر)\يوسف عوني حنّون (جاهزة للنشر).html
2025-08-06 13:19:32,208 - mammoth_converter - INFO - ============================================================
2025-08-06 13:19:32,208 - mammoth_converter - INFO - Conversion Summary:
2025-08-06 13:19:32,208 - mammoth_converter - INFO -   Total equations found: 0
2025-08-06 13:19:32,208 - mammoth_converter - INFO -   Total footnotes: 0
2025-08-06 13:19:32,209 - mammoth_converter - INFO -   Total images: 197
2025-08-06 13:19:32,209 - mammoth_converter - INFO - ============================================================
2025-08-06 13:19:32,210 - mammoth_converter - INFO - ============================================================
2025-08-06 13:19:32,210 - mammoth_converter - INFO - Creating Word Documents with Anchors
2025-08-06 13:19:32,210 - mammoth_converter - INFO - ============================================================
2025-08-06 13:19:32,212 - logger - ERROR - Error during conversion: No module named 'word_anchor_adder'
Traceback (most recent call last):
  File "d:\Development\HTML Conversion\main3.py", line 95, in main
    converter.create_word_documents_with_anchors()
  File "d:\Development\HTML Conversion\mammoth_converter.py", line 298, in create_word_documents_with_anchors
    from word_anchor_adder import WordAnchorAdder
ModuleNotFoundError: No module named 'word_anchor_adder'
