2025-08-06 13:26:09,891 - logger - INFO - ============================================================
2025-08-06 13:26:09,892 - logger - INFO - Enhanced Word to HTML Converter Started
2025-08-06 13:26:09,893 - logger - INFO - Input folder: D:\Work 3 (20-Oct-24)\2 Side projects May 25\Encyclopedia\articles\مقالات بعد الاخراج
2025-08-06 13:26:09,893 - logger - INFO - Output folder: D:\Work 3 (20-Oct-24)\2 Side projects May 25\Encyclopedia\articles\html
2025-08-06 13:26:09,893 - logger - INFO - External CSS: True
2025-08-06 13:26:09,893 - logger - INFO - Generate anchored docs: True
2025-08-06 13:26:09,893 - logger - INFO - ============================================================
2025-08-06 13:26:10,058 - logger - INFO - CSS files copied to D:\Work 3 (20-Oct-24)\2 Side projects May 25\Encyclopedia\articles\html\assets\css
2025-08-06 13:26:10,063 - logger - INFO - Processing 45 documents from: D:\Work 3 (20-Oct-24)\2 Side projects May 25\Encyclopedia\articles\مقالات بعد الاخراج
2025-08-06 13:26:10,065 - mammoth_converter - INFO - Found 45 documents
2025-08-06 13:26:10,066 - mammoth_converter - INFO - Converting [1]: الكيمياء الحيوية (بانتظار الترجمة).docx
2025-08-06 13:26:11,837 - mammoth_converter - INFO -   Detected equation type: none
2025-08-06 13:26:13,623 - mammoth_converter - WARNING - الكيمياء الحيوية (بانتظار الترجمة).docx: Message(type='warning', message='Unrecognised paragraph style: List Paragraph (Style ID: ListParagraph)')
2025-08-06 13:26:13,624 - mammoth_converter - WARNING - الكيمياء الحيوية (بانتظار الترجمة).docx: Message(type='warning', message='Unrecognised run style: anchor-text (Style ID: anchor-text)')
2025-08-06 13:26:13,627 - mammoth_converter - INFO -   Saved 23 anchors
2025-08-06 13:26:13,627 - mammoth_converter - INFO - Saved: D:\Work 3 (20-Oct-24)\2 Side projects May 25\Encyclopedia\articles\html\001_الكيمياء الحيوية (بانتظار الترجمة)\الكيمياء الحيوية (بانتظار الترجمة).html
2025-08-06 13:26:13,627 - mammoth_converter - INFO - Converting [2]: الكيمياء الحيوية (بانتظار الترجمة).docx
2025-08-06 13:26:15,219 - mammoth_converter - INFO -   Detected equation type: none
2025-08-06 13:26:17,089 - mammoth_converter - WARNING - الكيمياء الحيوية (بانتظار الترجمة).docx: Message(type='warning', message='Unrecognised paragraph style: List Paragraph (Style ID: ListParagraph)')
2025-08-06 13:26:17,089 - mammoth_converter - WARNING - الكيمياء الحيوية (بانتظار الترجمة).docx: Message(type='warning', message='Unrecognised run style: anchor-text (Style ID: anchor-text)')
2025-08-06 13:26:17,094 - mammoth_converter - INFO -   Saved 23 anchors
2025-08-06 13:26:17,094 - mammoth_converter - INFO - Saved: D:\Work 3 (20-Oct-24)\2 Side projects May 25\Encyclopedia\articles\html\test\002_الكيمياء الحيوية (بانتظار الترجمة)\الكيمياء الحيوية (بانتظار الترجمة).html
2025-08-06 13:26:17,094 - mammoth_converter - INFO - Converting [3]: التناص (جاهزة للنشر).docx
2025-08-06 13:26:18,270 - mammoth_converter - INFO -   Detected equation type: none
2025-08-06 13:26:19,296 - mammoth_converter - WARNING - التناص (جاهزة للنشر).docx: Message(type='warning', message='Unrecognised paragraph style: List Paragraph (Style ID: ListParagraph)')
2025-08-06 13:26:19,299 - mammoth_converter - INFO -   Saved 1 anchors
2025-08-06 13:26:19,299 - mammoth_converter - INFO - Saved: D:\Work 3 (20-Oct-24)\2 Side projects May 25\Encyclopedia\articles\html\الآداب واللغات\003_التناص (جاهزة للنشر)\التناص (جاهزة للنشر).html
2025-08-06 13:26:19,300 - mammoth_converter - INFO - Converting [4]: المعاجم العربية التراثية (جاهزة للنشر).docx
2025-08-06 13:26:21,597 - mammoth_converter - INFO -   Detected equation type: none
2025-08-06 13:26:24,165 - mammoth_converter - WARNING - المعاجم العربية التراثية (جاهزة للنشر).docx: Message(type='warning', message='Unrecognised paragraph style: List Paragraph (Style ID: ListParagraph)')
2025-08-06 13:26:24,170 - mammoth_converter - INFO -   Saved 3 anchors
2025-08-06 13:26:24,171 - mammoth_converter - INFO - Saved: D:\Work 3 (20-Oct-24)\2 Side projects May 25\Encyclopedia\articles\html\الآداب واللغات\004_المعاجم العربية التراثية (جاهزة للنشر)\المعاجم العربية التراثية (جاهزة للنشر).html
2025-08-06 13:26:24,172 - mammoth_converter - INFO - Converting [5]: أمين الخولي (جاهزة للنشر) .docx
2025-08-06 13:26:26,680 - mammoth_converter - INFO -   Detected equation type: none
2025-08-06 13:26:29,436 - mammoth_converter - INFO -   Saved 5 anchors
2025-08-06 13:26:29,437 - mammoth_converter - INFO - Saved: D:\Work 3 (20-Oct-24)\2 Side projects May 25\Encyclopedia\articles\html\الآداب واللغات\005_أمين الخولي (جاهزة للنشر)\أمين الخولي (جاهزة للنشر).html
2025-08-06 13:26:29,437 - mammoth_converter - INFO - Converting [6]: إلياس زيات (جاهزة للنشر).docx
2025-08-06 13:26:29,933 - mammoth_converter - INFO -   Detected equation type: none
2025-08-06 13:26:30,416 - mammoth_converter - INFO -   Saved 3 anchors
2025-08-06 13:26:30,416 - mammoth_converter - INFO - Saved: D:\Work 3 (20-Oct-24)\2 Side projects May 25\Encyclopedia\articles\html\الآداب واللغات\006_إلياس زيات (جاهزة للنشر)\إلياس زيات (جاهزة للنشر).html
2025-08-06 13:26:30,417 - mammoth_converter - INFO - Converting [7]: حسن العطار (جاهزة للنشر).docx
2025-08-06 13:26:31,228 - mammoth_converter - INFO -   Detected equation type: none
2025-08-06 13:26:32,233 - mammoth_converter - INFO -   Saved 2 anchors
2025-08-06 13:26:32,234 - mammoth_converter - INFO - Saved: D:\Work 3 (20-Oct-24)\2 Side projects May 25\Encyclopedia\articles\html\الآداب واللغات\007_حسن العطار (جاهزة للنشر)\حسن العطار (جاهزة للنشر).html
2025-08-06 13:26:32,235 - mammoth_converter - INFO - Converting [8]: حسن فتحي (جاهزة للنشر).docx
2025-08-06 13:26:32,968 - mammoth_converter - INFO -   Detected equation type: none
2025-08-06 13:26:33,765 - mammoth_converter - WARNING - حسن فتحي (جاهزة للنشر).docx: Message(type='warning', message='Unrecognised run style: wixui-rich-text__text (Style ID: wixui-rich-texttext)')
2025-08-06 13:26:33,767 - mammoth_converter - INFO -   Saved 4 anchors
2025-08-06 13:26:33,768 - mammoth_converter - INFO - Saved: D:\Work 3 (20-Oct-24)\2 Side projects May 25\Encyclopedia\articles\html\الآداب واللغات\008_حسن فتحي (جاهزة للنشر)\حسن فتحي (جاهزة للنشر).html
2025-08-06 13:26:33,768 - mammoth_converter - INFO - Converting [9]: سليم النقاش (جاهزة للنشر)  .docx
2025-08-06 13:26:34,458 - mammoth_converter - INFO -   Detected equation type: none
2025-08-06 13:26:35,092 - mammoth_converter - INFO -   Saved 2 anchors
2025-08-06 13:26:35,092 - mammoth_converter - INFO - Saved: D:\Work 3 (20-Oct-24)\2 Side projects May 25\Encyclopedia\articles\html\الآداب واللغات\009_سليم النقاش (جاهزة للنشر)\سليم النقاش (جاهزة للنشر).html
2025-08-06 13:26:35,093 - mammoth_converter - INFO - Converting [10]: غالب هلسا (جاهزة للنشر).docx
2025-08-06 13:26:36,172 - mammoth_converter - INFO -   Detected equation type: none
2025-08-06 13:26:37,771 - mammoth_converter - WARNING - غالب هلسا (جاهزة للنشر).docx: Message(type='warning', message='Unrecognised paragraph style: No Spacing (Style ID: NoSpacing)')
2025-08-06 13:26:37,773 - mammoth_converter - WARNING - غالب هلسا (جاهزة للنشر).docx: Message(type='warning', message='Unrecognised paragraph style: List Paragraph (Style ID: ListParagraph)')
2025-08-06 13:26:37,780 - mammoth_converter - INFO -   Saved 4 anchors
2025-08-06 13:26:37,781 - mammoth_converter - INFO - Saved: D:\Work 3 (20-Oct-24)\2 Side projects May 25\Encyclopedia\articles\html\الآداب واللغات\010_غالب هلسا (جاهزة للنشر)\غالب هلسا (جاهزة للنشر).html
2025-08-06 13:26:37,781 - mammoth_converter - INFO - Converting [11]: كتاب العين (جاهزة للنشر).docx
2025-08-06 13:26:38,615 - mammoth_converter - INFO -   Detected equation type: none
2025-08-06 13:26:39,576 - mammoth_converter - WARNING - كتاب العين (جاهزة للنشر).docx: Message(type='warning', message='Unrecognised paragraph style: List Paragraph (Style ID: ListParagraph)')
2025-08-06 13:26:39,579 - mammoth_converter - INFO -   Saved 4 anchors
2025-08-06 13:26:39,579 - mammoth_converter - INFO - Saved: D:\Work 3 (20-Oct-24)\2 Side projects May 25\Encyclopedia\articles\html\الآداب واللغات\011_كتاب العين (جاهزة للنشر)\كتاب العين (جاهزة للنشر).html
2025-08-06 13:26:39,580 - mammoth_converter - INFO - Converting [12]: ابن ماجه (جاهز للنشر).docx
2025-08-06 13:26:40,078 - mammoth_converter - INFO -   Detected equation type: none
2025-08-06 13:26:40,561 - mammoth_converter - WARNING - ابن ماجه (جاهز للنشر).docx: Message(type='warning', message='Unrecognised run style: familyname (Style ID: familyname)')
2025-08-06 13:26:40,563 - mammoth_converter - INFO -   Saved 1 anchors
2025-08-06 13:26:40,564 - mammoth_converter - INFO - Saved: D:\Work 3 (20-Oct-24)\2 Side projects May 25\Encyclopedia\articles\html\الاسلام وعلومه\012_ابن ماجه (جاهز للنشر)\ابن ماجه (جاهز للنشر).html
2025-08-06 13:26:40,564 - mammoth_converter - INFO - Converting [13]: الطبيعيات في علم الكلام (جاهزة للنشر).docx
2025-08-06 13:26:41,960 - mammoth_converter - INFO -   Detected equation type: none
2025-08-06 13:26:43,641 - mammoth_converter - WARNING - الطبيعيات في علم الكلام (جاهزة للنشر).docx: Message(type='warning', message='Unrecognised paragraph style: List Paragraph (Style ID: ListParagraph)')
2025-08-06 13:26:43,646 - mammoth_converter - INFO -   Saved 2 anchors
2025-08-06 13:26:43,646 - mammoth_converter - INFO - Saved: D:\Work 3 (20-Oct-24)\2 Side projects May 25\Encyclopedia\articles\html\الاسلام وعلومه\013_الطبيعيات في علم الكلام (جاهزة للنشر)\الطبيعيات في علم الكلام (جاهزة للنشر).html
2025-08-06 13:26:43,647 - mammoth_converter - INFO - Converting [14]: أبو يعلى الفراء (جاهزة للنشر).docx
2025-08-06 13:26:44,557 - mammoth_converter - INFO -   Detected equation type: none
2025-08-06 13:26:45,583 - mammoth_converter - WARNING - أبو يعلى الفراء (جاهزة للنشر).docx: Message(type='warning', message='Unrecognised paragraph style: List Paragraph (Style ID: ListParagraph)')
2025-08-06 13:26:45,586 - mammoth_converter - INFO -   Saved 5 anchors
2025-08-06 13:26:45,587 - mammoth_converter - INFO - Saved: D:\Work 3 (20-Oct-24)\2 Side projects May 25\Encyclopedia\articles\html\الاسلام وعلومه\014_أبو يعلى الفراء (جاهزة للنشر)\أبو يعلى الفراء (جاهزة للنشر).html
2025-08-06 13:26:45,587 - mammoth_converter - INFO - Converting [15]: حسين الجسر (جاهزة للنشر).docx
2025-08-06 13:26:46,015 - mammoth_converter - INFO -   Detected equation type: none
2025-08-06 13:26:46,421 - mammoth_converter - INFO -   Saved 1 anchors
2025-08-06 13:26:46,421 - mammoth_converter - INFO - Saved: D:\Work 3 (20-Oct-24)\2 Side projects May 25\Encyclopedia\articles\html\الاسلام وعلومه\015_حسين الجسر (جاهزة للنشر)\حسين الجسر (جاهزة للنشر).html
2025-08-06 13:26:46,422 - mammoth_converter - INFO - Converting [16]: مسعر بن كدام (جاهزة للنشر).docx
2025-08-06 13:26:47,440 - mammoth_converter - INFO -   Detected equation type: none
2025-08-06 13:26:48,631 - mammoth_converter - WARNING - مسعر بن كدام (جاهزة للنشر).docx: Message(type='warning', message='Unrecognised paragraph style: List Paragraph (Style ID: ListParagraph)')
2025-08-06 13:26:48,632 - mammoth_converter - WARNING - مسعر بن كدام (جاهزة للنشر).docx: Message(type='warning', message='Unrecognised run style: Footnote Text Char (Style ID: FootnoteTextChar)')
2025-08-06 13:26:48,635 - mammoth_converter - INFO -   Saved 1 anchors
2025-08-06 13:26:48,635 - mammoth_converter - INFO - Saved: D:\Work 3 (20-Oct-24)\2 Side projects May 25\Encyclopedia\articles\html\الاسلام وعلومه\016_مسعر بن كدام (جاهزة للنشر)\مسعر بن كدام (جاهزة للنشر).html
2025-08-06 13:26:48,635 - mammoth_converter - INFO - Converting [17]: السلع العامة (جاهزة للنشر).docx
2025-08-06 13:26:50,348 - mammoth_converter - INFO -   Detected equation type: none
2025-08-06 13:26:51,818 - mammoth_converter - WARNING - السلع العامة (جاهزة للنشر).docx: Message(type='warning', message='Unrecognised paragraph style: Style1 (Style ID: Style1)')
2025-08-06 13:26:51,821 - mammoth_converter - INFO -   Saved 1 anchors
2025-08-06 13:26:51,822 - mammoth_converter - INFO - Saved: D:\Work 3 (20-Oct-24)\2 Side projects May 25\Encyclopedia\articles\html\الاقتصاد والمال\017_السلع العامة (جاهزة للنشر)\السلع العامة (جاهزة للنشر).html
2025-08-06 13:26:51,822 - mammoth_converter - INFO - Converting [18]: التشابه (جاهزة للنشر) .docx
2025-08-06 13:26:53,614 - mammoth_converter - INFO -   Detected equation type: office_math
2025-08-06 13:26:53,702 - mammoth_converter - ERROR - Error in equation marker conversion: xpath() got an unexpected keyword argument 'namespaces'
2025-08-06 13:26:55,104 - mammoth_converter - INFO - Saved: D:\Work 3 (20-Oct-24)\2 Side projects May 25\Encyclopedia\articles\html\الرياضيات والفيزياء\018_التشابه (جاهزة للنشر)\التشابه (جاهزة للنشر).html
2025-08-06 13:26:55,105 - mammoth_converter - INFO - Converting [19]: الدائرة (جاهزة للنشر).docx
2025-08-06 13:26:56,532 - mammoth_converter - INFO -   Detected equation type: office_math
2025-08-06 13:26:56,604 - mammoth_converter - ERROR - Error in equation marker conversion: xpath() got an unexpected keyword argument 'namespaces'
2025-08-06 13:26:58,051 - mammoth_converter - INFO - Saved: D:\Work 3 (20-Oct-24)\2 Side projects May 25\Encyclopedia\articles\html\الرياضيات والفيزياء\019_الدائرة (جاهزة للنشر)\الدائرة (جاهزة للنشر).html
2025-08-06 13:26:58,052 - mammoth_converter - INFO - Converting [20]: الدالة واحد لواحد (جاهزة للنشر).docx
2025-08-06 13:26:58,550 - mammoth_converter - INFO -   Detected equation type: office_math
2025-08-06 13:26:58,596 - mammoth_converter - ERROR - Error in equation marker conversion: xpath() got an unexpected keyword argument 'namespaces'
2025-08-06 13:26:59,153 - mammoth_converter - INFO - Saved: D:\Work 3 (20-Oct-24)\2 Side projects May 25\Encyclopedia\articles\html\الرياضيات والفيزياء\020_الدالة واحد لواحد (جاهزة للنشر)\الدالة واحد لواحد (جاهزة للنشر).html
2025-08-06 13:26:59,153 - mammoth_converter - INFO - Converting [21]: العدد الأولي (جاهزة للنشر).docx
2025-08-06 13:27:00,653 - mammoth_converter - INFO -   Detected equation type: office_math
2025-08-06 13:27:00,723 - mammoth_converter - ERROR - Error in equation marker conversion: xpath() got an unexpected keyword argument 'namespaces'
2025-08-06 13:27:02,402 - mammoth_converter - INFO - Saved: D:\Work 3 (20-Oct-24)\2 Side projects May 25\Encyclopedia\articles\html\الرياضيات والفيزياء\021_العدد الأولي (جاهزة للنشر)\العدد الأولي (جاهزة للنشر).html
2025-08-06 13:27:02,402 - mammoth_converter - INFO - Converting [22]: الفضاء المتري (جاهزة للنشر).docx
2025-08-06 13:27:03,635 - mammoth_converter - INFO -   Detected equation type: office_math
2025-08-06 13:27:03,696 - mammoth_converter - ERROR - Error in equation marker conversion: xpath() got an unexpected keyword argument 'namespaces'
2025-08-06 13:27:05,282 - mammoth_converter - INFO - Saved: D:\Work 3 (20-Oct-24)\2 Side projects May 25\Encyclopedia\articles\html\الرياضيات والفيزياء\022_الفضاء المتري (جاهزة للنشر)\الفضاء المتري (جاهزة للنشر).html
2025-08-06 13:27:05,282 - mammoth_converter - INFO - Converting [23]: إستر أزهري (جاهزة للنشر).docx
2025-08-06 13:27:05,938 - mammoth_converter - INFO -   Detected equation type: none
2025-08-06 13:27:06,520 - mammoth_converter - INFO -   Saved 1 anchors
2025-08-06 13:27:06,521 - mammoth_converter - INFO - Saved: D:\Work 3 (20-Oct-24)\2 Side projects May 25\Encyclopedia\articles\html\تاريخ وجغرافيا\023_إستر أزهري (جاهزة للنشر)\إستر أزهري (جاهزة للنشر).html
2025-08-06 13:27:06,521 - mammoth_converter - INFO - Converting [24]: بولينا حسون (جاهزة للنشر).docx
2025-08-06 13:27:06,962 - mammoth_converter - INFO -   Detected equation type: none
2025-08-06 13:27:07,437 - mammoth_converter - INFO -   Saved 1 anchors
2025-08-06 13:27:07,437 - mammoth_converter - INFO - Saved: D:\Work 3 (20-Oct-24)\2 Side projects May 25\Encyclopedia\articles\html\تاريخ وجغرافيا\024_بولينا حسون (جاهزة للنشر)\بولينا حسون (جاهزة للنشر).html
2025-08-06 13:27:07,437 - mammoth_converter - INFO - Converting [25]: جمعية العهد (جاهزة للنشر).docx
2025-08-06 13:27:09,032 - mammoth_converter - INFO -   Detected equation type: none
2025-08-06 13:27:10,831 - mammoth_converter - WARNING - جمعية العهد (جاهزة للنشر).docx: Message(type='warning', message='Unrecognised paragraph style: List Paragraph (Style ID: ListParagraph)')
2025-08-06 13:27:10,831 - mammoth_converter - WARNING - جمعية العهد (جاهزة للنشر).docx: Message(type='warning', message='Unrecognised paragraph style: هامش عربي (المتن الداخلي) (Style ID: a)')
2025-08-06 13:27:10,831 - mammoth_converter - WARNING - جمعية العهد (جاهزة للنشر).docx: Message(type='warning', message='Unrecognised run style: عربي (Style ID: a0)')
2025-08-06 13:27:10,834 - mammoth_converter - INFO -   Saved 2 anchors
2025-08-06 13:27:10,834 - mammoth_converter - INFO - Saved: D:\Work 3 (20-Oct-24)\2 Side projects May 25\Encyclopedia\articles\html\تاريخ وجغرافيا\025_جمعية العهد (جاهزة للنشر)\جمعية العهد (جاهزة للنشر).html
2025-08-06 13:27:10,835 - mammoth_converter - INFO - Converting [26]: زينب فواز (جاهزة للنشر).docx
2025-08-06 13:27:11,317 - mammoth_converter - INFO -   Detected equation type: none
2025-08-06 13:27:11,783 - mammoth_converter - WARNING - زينب فواز (جاهزة للنشر).docx: Message(type='warning', message='Unrecognised paragraph style: List Paragraph (Style ID: ListParagraph)')
2025-08-06 13:27:11,785 - mammoth_converter - INFO -   Saved 3 anchors
2025-08-06 13:27:11,785 - mammoth_converter - INFO - Saved: D:\Work 3 (20-Oct-24)\2 Side projects May 25\Encyclopedia\articles\html\تاريخ وجغرافيا\026_زينب فواز (جاهزة للنشر)\زينب فواز (جاهزة للنشر).html
2025-08-06 13:27:11,786 - mammoth_converter - INFO - Converting [27]: ساطع الحصري (جاهزة للنشر).docx
2025-08-06 13:27:14,246 - mammoth_converter - INFO -   Detected equation type: none
2025-08-06 13:27:16,725 - mammoth_converter - WARNING - ساطع الحصري (جاهزة للنشر).docx: Message(type='warning', message='Unrecognised paragraph style: List Paragraph (Style ID: ListParagraph)')
2025-08-06 13:27:16,728 - mammoth_converter - INFO -   Saved 5 anchors
2025-08-06 13:27:16,729 - mammoth_converter - INFO - Saved: D:\Work 3 (20-Oct-24)\2 Side projects May 25\Encyclopedia\articles\html\تاريخ وجغرافيا\027_ساطع الحصري (جاهزة للنشر)\ساطع الحصري (جاهزة للنشر).html
2025-08-06 13:27:16,729 - mammoth_converter - INFO - Converting [28]: سوق عكاظ (جاهزة للنشر).docx
2025-08-06 13:27:18,252 - mammoth_converter - INFO -   Detected equation type: none
2025-08-06 13:27:19,750 - mammoth_converter - INFO -   Saved 3 anchors
2025-08-06 13:27:19,750 - mammoth_converter - INFO - Saved: D:\Work 3 (20-Oct-24)\2 Side projects May 25\Encyclopedia\articles\html\تاريخ وجغرافيا\028_سوق عكاظ (جاهزة للنشر)\سوق عكاظ (جاهزة للنشر).html
2025-08-06 13:27:19,750 - mammoth_converter - INFO - Converting [29]: صفقة الأسلحة التشيكية (جاهزة للنشر).docx
2025-08-06 13:27:20,153 - mammoth_converter - INFO -   Detected equation type: none
2025-08-06 13:27:20,597 - mammoth_converter - INFO -   Saved 1 anchors
2025-08-06 13:27:20,598 - mammoth_converter - INFO - Saved: D:\Work 3 (20-Oct-24)\2 Side projects May 25\Encyclopedia\articles\html\تاريخ وجغرافيا\029_صفقة الأسلحة التشيكية (جاهزة للنشر)\صفقة الأسلحة التشيكية (جاهزة للنشر).html
2025-08-06 13:27:20,598 - mammoth_converter - INFO - Converting [30]: مجلي نصراوين (جاهزة للنشر).docx
2025-08-06 13:27:21,152 - mammoth_converter - INFO -   Detected equation type: none
2025-08-06 13:27:21,761 - mammoth_converter - INFO -   Saved 1 anchors
2025-08-06 13:27:21,761 - mammoth_converter - INFO - Saved: D:\Work 3 (20-Oct-24)\2 Side projects May 25\Encyclopedia\articles\html\تاريخ وجغرافيا\030_مجلي نصراوين (جاهزة للنشر)\مجلي نصراوين (جاهزة للنشر).html
2025-08-06 13:27:21,762 - mammoth_converter - INFO - Converting [31]: مريانا مراش (جاهزة للنشر).docx
2025-08-06 13:27:22,207 - mammoth_converter - INFO -   Detected equation type: none
2025-08-06 13:27:22,699 - mammoth_converter - INFO -   Saved 2 anchors
2025-08-06 13:27:22,699 - mammoth_converter - INFO - Saved: D:\Work 3 (20-Oct-24)\2 Side projects May 25\Encyclopedia\articles\html\تاريخ وجغرافيا\031_مريانا مراش (جاهزة للنشر)\مريانا مراش (جاهزة للنشر).html
2025-08-06 13:27:22,699 - mammoth_converter - INFO - Converting [32]: مسلم بن مسلم الجرمي (جاهزة للنشر).docx
2025-08-06 13:27:23,127 - mammoth_converter - INFO -   Detected equation type: none
2025-08-06 13:27:23,582 - mammoth_converter - INFO -   Saved 1 anchors
2025-08-06 13:27:23,582 - mammoth_converter - INFO - Saved: D:\Work 3 (20-Oct-24)\2 Side projects May 25\Encyclopedia\articles\html\تاريخ وجغرافيا\032_مسلم بن مسلم الجرمي (جاهزة للنشر)\مسلم بن مسلم الجرمي (جاهزة للنشر).html
2025-08-06 13:27:23,583 - mammoth_converter - INFO - Converting [33]: نعمان قساطلي (جاهزة للنشر).docx
2025-08-06 13:27:24,114 - mammoth_converter - INFO -   Detected equation type: none
2025-08-06 13:27:24,658 - mammoth_converter - INFO -   Saved 1 anchors
2025-08-06 13:27:24,659 - mammoth_converter - INFO - Saved: D:\Work 3 (20-Oct-24)\2 Side projects May 25\Encyclopedia\articles\html\تاريخ وجغرافيا\033_نعمان قساطلي (جاهزة للنشر)\نعمان قساطلي (جاهزة للنشر).html
2025-08-06 13:27:24,659 - mammoth_converter - INFO - Converting [34]: هارون بن يحيى (جاهزة للنشر).docx
2025-08-06 13:27:25,093 - mammoth_converter - INFO -   Detected equation type: none
2025-08-06 13:27:25,532 - mammoth_converter - INFO -   Saved 1 anchors
2025-08-06 13:27:25,533 - mammoth_converter - INFO - Saved: D:\Work 3 (20-Oct-24)\2 Side projects May 25\Encyclopedia\articles\html\تاريخ وجغرافيا\034_هارون بن يحيى (جاهزة للنشر)\هارون بن يحيى (جاهزة للنشر).html
2025-08-06 13:27:25,534 - mammoth_converter - INFO - Converting [35]: هنا كسباني (جاهزة للنشر).docx
2025-08-06 13:27:25,948 - mammoth_converter - INFO -   Detected equation type: none
2025-08-06 13:27:26,383 - mammoth_converter - INFO -   Saved 2 anchors
2025-08-06 13:27:26,383 - mammoth_converter - INFO - Saved: D:\Work 3 (20-Oct-24)\2 Side projects May 25\Encyclopedia\articles\html\تاريخ وجغرافيا\035_هنا كسباني (جاهزة للنشر)\هنا كسباني (جاهزة للنشر).html
2025-08-06 13:27:26,384 - mammoth_converter - INFO - Converting [36]: ياسين الهاشمي (جاهزة للنشر).docx
2025-08-06 13:27:28,269 - mammoth_converter - INFO -   Detected equation type: none
2025-08-06 13:27:31,011 - mammoth_converter - WARNING - ياسين الهاشمي (جاهزة للنشر).docx: Message(type='warning', message='Unrecognised paragraph style: List Paragraph (Style ID: ListParagraph)')
2025-08-06 13:27:31,012 - mammoth_converter - WARNING - ياسين الهاشمي (جاهزة للنشر).docx: Message(type='warning', message='Unrecognised run style: fn (Style ID: fn)')
2025-08-06 13:27:31,012 - mammoth_converter - WARNING - ياسين الهاشمي (جاهزة للنشر).docx: Message(type='warning', message='Unrecognised run style: Subtitle1 (Style ID: Subtitle1)')
2025-08-06 13:27:31,015 - mammoth_converter - INFO -   Saved 1 anchors
2025-08-06 13:27:31,016 - mammoth_converter - INFO - Saved: D:\Work 3 (20-Oct-24)\2 Side projects May 25\Encyclopedia\articles\html\تاريخ وجغرافيا\036_ياسين الهاشمي (جاهزة للنشر)\ياسين الهاشمي (جاهزة للنشر).html
2025-08-06 13:27:31,016 - mammoth_converter - INFO - Converting [37]: الصيدلة (جاهزة للنشر).docx
2025-08-06 13:27:32,461 - mammoth_converter - INFO -   Detected equation type: none
2025-08-06 13:27:33,702 - mammoth_converter - WARNING - الصيدلة (جاهزة للنشر).docx: Message(type='warning', message='Unrecognised paragraph style: List Paragraph (Style ID: ListParagraph)')
2025-08-06 13:27:33,703 - mammoth_converter - WARNING - الصيدلة (جاهزة للنشر).docx: Message(type='warning', message='Unrecognised paragraph style: Normal (Web) (Style ID: NormalWeb)')
2025-08-06 13:27:33,705 - mammoth_converter - INFO -   Saved 10 anchors
2025-08-06 13:27:33,706 - mammoth_converter - INFO - Saved: D:\Work 3 (20-Oct-24)\2 Side projects May 25\Encyclopedia\articles\html\طب وصيدلة\037_الصيدلة (جاهزة للنشر)\الصيدلة (جاهزة للنشر).html
2025-08-06 13:27:33,706 - mammoth_converter - INFO - Converting [38]: المكملات الغذائية (جاهزة للنشر).docx
2025-08-06 13:27:34,859 - mammoth_converter - INFO -   Detected equation type: none
2025-08-06 13:27:36,069 - mammoth_converter - INFO -   Saved 3 anchors
2025-08-06 13:27:36,069 - mammoth_converter - INFO - Saved: D:\Work 3 (20-Oct-24)\2 Side projects May 25\Encyclopedia\articles\html\طب وصيدلة\038_المكملات الغذائية (جاهزة للنشر)\المكملات الغذائية (جاهزة للنشر).html
2025-08-06 13:27:36,069 - mammoth_converter - INFO - Converting [39]: البروتينات - (جاهزة للنشر).docx
2025-08-06 13:27:36,562 - mammoth_converter - INFO -   Detected equation type: none
2025-08-06 13:27:36,999 - mammoth_converter - WARNING - البروتينات - (جاهزة للنشر).docx: Message(type='warning', message='Unrecognised paragraph style: EndNote Bibliography (Style ID: EndNoteBibliography)')
2025-08-06 13:27:37,002 - mammoth_converter - INFO -   Saved 4 anchors
2025-08-06 13:27:37,003 - mammoth_converter - INFO - Saved: D:\Work 3 (20-Oct-24)\2 Side projects May 25\Encyclopedia\articles\html\علوم الأحياء والكيمياء\039_البروتينات - (جاهزة للنشر)\البروتينات - (جاهزة للنشر).html
2025-08-06 13:27:37,004 - mammoth_converter - INFO - Converting [40]: الدورة الشهرية (جاهزة للنشر).docx
2025-08-06 13:27:37,565 - mammoth_converter - INFO -   Detected equation type: none
2025-08-06 13:27:38,077 - mammoth_converter - WARNING - الدورة الشهرية (جاهزة للنشر).docx: Message(type='warning', message='Unrecognised paragraph style: List Paragraph (Style ID: ListParagraph)')
2025-08-06 13:27:38,077 - mammoth_converter - WARNING - الدورة الشهرية (جاهزة للنشر).docx: Message(type='warning', message='Unrecognised run style: bk_cite_avail (Style ID: bkciteavail)')
2025-08-06 13:27:38,080 - mammoth_converter - INFO -   Saved 2 anchors
2025-08-06 13:27:38,080 - mammoth_converter - INFO - Saved: D:\Work 3 (20-Oct-24)\2 Side projects May 25\Encyclopedia\articles\html\علوم الأحياء والكيمياء\040_الدورة الشهرية (جاهزة للنشر)\الدورة الشهرية (جاهزة للنشر).html
2025-08-06 13:27:38,081 - mammoth_converter - INFO - Converting [41]: الغشاء الخلوي-مترجم (جاهزة للنشر).docx
2025-08-06 13:27:39,324 - mammoth_converter - INFO -   Detected equation type: none
2025-08-06 13:27:40,520 - mammoth_converter - WARNING - الغشاء الخلوي-مترجم (جاهزة للنشر).docx: Message(type='warning', message='Unrecognised paragraph style: List Paragraph (Style ID: ListParagraph)')
2025-08-06 13:27:40,523 - mammoth_converter - INFO -   Saved 8 anchors
2025-08-06 13:27:40,524 - mammoth_converter - INFO - Saved: D:\Work 3 (20-Oct-24)\2 Side projects May 25\Encyclopedia\articles\html\علوم الأحياء والكيمياء\041_الغشاء الخلوي-مترجم (جاهزة للنشر)\الغشاء الخلوي-مترجم (جاهزة للنشر).html
2025-08-06 13:27:40,524 - mammoth_converter - INFO - Converting [42]: النواتج الطبيعية (جاهزة للنشر).docx
2025-08-06 13:27:43,206 - mammoth_converter - INFO -   Detected equation type: none
2025-08-06 13:27:45,839 - mammoth_converter - WARNING - النواتج الطبيعية (جاهزة للنشر).docx: Message(type='warning', message='Unrecognised paragraph style: List Paragraph (Style ID: ListParagraph)')
2025-08-06 13:27:45,844 - mammoth_converter - INFO -   Saved 19 anchors
2025-08-06 13:27:45,844 - mammoth_converter - INFO - Saved: D:\Work 3 (20-Oct-24)\2 Side projects May 25\Encyclopedia\articles\html\علوم الأحياء والكيمياء\042_النواتج الطبيعية (جاهزة للنشر)\النواتج الطبيعية (جاهزة للنشر).html
2025-08-06 13:27:45,845 - mammoth_converter - INFO - Converting [43]: فيروس كورونا (جاهزة للنشر).docx
2025-08-06 13:27:47,122 - mammoth_converter - INFO -   Detected equation type: none
2025-08-06 13:27:48,442 - mammoth_converter - WARNING - فيروس كورونا (جاهزة للنشر).docx: Message(type='warning', message='Unrecognised paragraph style: Heading 3a (Style ID: Heading3a)')
2025-08-06 13:27:48,443 - mammoth_converter - WARNING - فيروس كورونا (جاهزة للنشر).docx: Message(type='warning', message='Unrecognised paragraph style: EndNote Bibliography (Style ID: EndNoteBibliography)')
2025-08-06 13:27:48,445 - mammoth_converter - INFO -   Saved 2 anchors
2025-08-06 13:27:48,446 - mammoth_converter - INFO - Saved: D:\Work 3 (20-Oct-24)\2 Side projects May 25\Encyclopedia\articles\html\علوم الأحياء والكيمياء\043_فيروس كورونا (جاهزة للنشر)\فيروس كورونا (جاهزة للنشر).html
2025-08-06 13:27:48,446 - mammoth_converter - INFO - Converting [44]: لينا ماري عبيد (جاهزة للنشر).docx
2025-08-06 13:27:49,830 - mammoth_converter - INFO -   Detected equation type: none
2025-08-06 13:27:51,288 - mammoth_converter - WARNING - لينا ماري عبيد (جاهزة للنشر).docx: Message(type='warning', message='Unrecognised run style: id-label (Style ID: id-label)')
2025-08-06 13:27:51,288 - mammoth_converter - WARNING - لينا ماري عبيد (جاهزة للنشر).docx: Message(type='warning', message='Unrecognised run style: identifier (Style ID: identifier)')
2025-08-06 13:27:51,291 - mammoth_converter - INFO -   Saved 1 anchors
2025-08-06 13:27:51,292 - mammoth_converter - INFO - Saved: D:\Work 3 (20-Oct-24)\2 Side projects May 25\Encyclopedia\articles\html\علوم الأحياء والكيمياء\044_لينا ماري عبيد (جاهزة للنشر)\لينا ماري عبيد (جاهزة للنشر).html
2025-08-06 13:27:51,292 - mammoth_converter - INFO - Converting [45]: يوسف عوني حنّون (جاهزة للنشر).docx
2025-08-06 13:27:52,727 - mammoth_converter - INFO -   Detected equation type: none
2025-08-06 13:27:54,190 - mammoth_converter - WARNING - يوسف عوني حنّون (جاهزة للنشر).docx: Message(type='warning', message='Unrecognised run style: hlfld-contribauthor (Style ID: hlfld-contribauthor)')
2025-08-06 13:27:54,191 - mammoth_converter - WARNING - يوسف عوني حنّون (جاهزة للنشر).docx: Message(type='warning', message='Unrecognised run style: ml-1 (Style ID: ml-1)')
2025-08-06 13:27:54,191 - mammoth_converter - WARNING - يوسف عوني حنّون (جاهزة للنشر).docx: Message(type='warning', message='Unrecognised paragraph style: List Paragraph (Style ID: ListParagraph)')
2025-08-06 13:27:54,193 - mammoth_converter - INFO -   Saved 1 anchors
2025-08-06 13:27:54,194 - mammoth_converter - INFO - Saved: D:\Work 3 (20-Oct-24)\2 Side projects May 25\Encyclopedia\articles\html\علوم الأحياء والكيمياء\045_يوسف عوني حنّون (جاهزة للنشر)\يوسف عوني حنّون (جاهزة للنشر).html
2025-08-06 13:27:54,194 - mammoth_converter - INFO - ============================================================
2025-08-06 13:27:54,194 - mammoth_converter - INFO - Conversion Summary:
2025-08-06 13:27:54,195 - mammoth_converter - INFO -   Total equations found: 0
2025-08-06 13:27:54,195 - mammoth_converter - INFO -   Total footnotes: 0
2025-08-06 13:27:54,195 - mammoth_converter - INFO -   Total images: 197
2025-08-06 13:27:54,196 - mammoth_converter - INFO - ============================================================
2025-08-06 13:27:54,196 - mammoth_converter - INFO - ============================================================
2025-08-06 13:27:54,197 - mammoth_converter - INFO - Creating Word Documents with Anchors
2025-08-06 13:27:54,197 - mammoth_converter - INFO - ============================================================
2025-08-06 13:27:54,220 - logger - ERROR - Error during conversion: 'MammothConverter' object has no attribute 'output_folder'
Traceback (most recent call last):
  File "d:\Development\HTML Conversion\main3.py", line 95, in main
    converter.create_word_documents_with_anchors()
  File "d:\Development\HTML Conversion\mammoth_converter.py", line 300, in create_word_documents_with_anchors
    anchor_adder.process_folder(self.input_folder, self.output_folder)
AttributeError: 'MammothConverter' object has no attribute 'output_folder'
