2025-08-06 15:54:37,728 - logger - INFO - ============================================================
2025-08-06 15:54:37,729 - logger - INFO - Document Processing Started
2025-08-06 15:54:37,729 - logger - INFO - Input folder: D:\Work 3 (20-Oct-24)\2 Side projects May 25\Encyclopedia\articles\مقالات بعد الاخراج\test
2025-08-06 15:54:37,730 - logger - INFO - Output folder: D:\Work 3 (20-Oct-24)\2 Side projects May 25\Encyclopedia\articles\html
2025-08-06 15:54:37,730 - logger - INFO - External CSS: True
2025-08-06 15:54:37,730 - logger - INFO - ============================================================
2025-08-06 15:54:37,879 - office_math_to_latex_converter - INFO - Converting Office Math to LaTeX in: الدائرة (جاهزة للنشر).docx
2025-08-06 15:54:38,073 - office_math_to_latex_converter - INFO - Saved LaTeX version to: C:\Users\eyousef\AppData\Local\Temp\tmpsp7hol75.docx
2025-08-06 15:54:38,074 - office_math_to_latex_converter - INFO - Converted 30 Office Math equations to LaTeX
2025-08-06 15:54:38,074 - word_anchor_adder - INFO - Adding anchors to: tmpsp7hol75.docx
2025-08-06 15:54:38,172 - word_anchor_adder - INFO - Found 23 Office Math paragraphs
2025-08-06 15:54:38,305 - word_anchor_adder - INFO - Saved: D:\Work 3 (20-Oct-24)\2 Side projects May 25\Encyclopedia\articles\html\001_الدائرة (جاهزة للنشر)\الدائرة (جاهزة للنشر)_anchored.docx
2025-08-06 15:54:38,318 - word_anchor_adder - INFO - Total anchors: 43 (Office Math + LaTeX + Images)
2025-08-06 15:54:39,170 - mammoth_converter - INFO -   Detected equation type: office_math
2025-08-06 15:54:39,171 - mammoth_converter - INFO - Converting with equation markers (fixed)...
2025-08-06 15:54:40,284 - mammoth_converter - WARNING - الدائرة (جاهزة للنشر)_anchored.docx: Message(type='warning', message='An unrecognised element was ignored: {http://schemas.openxmlformats.org/officeDocument/2006/math}oMathPara')
2025-08-06 15:54:40,284 - mammoth_converter - WARNING - الدائرة (جاهزة للنشر)_anchored.docx: Message(type='warning', message='Unrecognised run style: rynqvb (Style ID: rynqvb)')
2025-08-06 15:54:40,286 - mammoth_converter - WARNING - الدائرة (جاهزة للنشر)_anchored.docx: Message(type='warning', message='Unrecognised paragraph style: List Paragraph (Style ID: ListParagraph)')
2025-08-06 15:54:40,286 - mammoth_converter - WARNING - الدائرة (جاهزة للنشر)_anchored.docx: Message(type='warning', message='Unrecognised paragraph style: q-text (Style ID: q-text)')
2025-08-06 15:54:40,287 - mammoth_converter - INFO -   Processed 28 Office Math equations with anchors
2025-08-06 15:54:40,294 - office_math_to_latex_converter - INFO - Converting Office Math to LaTeX in: الدالة واحد لواحد (جاهزة للنشر).docx
2025-08-06 15:54:40,340 - office_math_to_latex_converter - INFO - Saved LaTeX version to: C:\Users\eyousef\AppData\Local\Temp\tmp_1jlovxe.docx
2025-08-06 15:54:40,340 - office_math_to_latex_converter - INFO - Converted 1 Office Math equations to LaTeX
2025-08-06 15:54:40,340 - word_anchor_adder - INFO - Adding anchors to: tmp_1jlovxe.docx
2025-08-06 15:54:40,396 - word_anchor_adder - INFO - Saved: D:\Work 3 (20-Oct-24)\2 Side projects May 25\Encyclopedia\articles\html\002_الدالة واحد لواحد (جاهزة للنشر)\الدالة واحد لواحد (جاهزة للنشر)_anchored.docx
2025-08-06 15:54:40,396 - word_anchor_adder - INFO - Total anchors: 2 (Office Math + LaTeX + Images)
2025-08-06 15:54:40,494 - mammoth_converter - INFO -   Detected equation type: latex
2025-08-06 15:54:40,569 - office_math_to_latex_converter - INFO - Converting Office Math to LaTeX in: الكيمياء الحيوية (بانتظار الترجمة).docx
2025-08-06 15:54:40,676 - office_math_to_latex_converter - INFO - No Office Math equations found
2025-08-06 15:54:40,683 - word_anchor_adder - INFO - Adding anchors to: tmp9jnkpiv2.docx
2025-08-06 15:54:41,366 - word_anchor_adder - INFO - Saved: D:\Work 3 (20-Oct-24)\2 Side projects May 25\Encyclopedia\articles\html\003_الكيمياء الحيوية (بانتظار الترجمة)\الكيمياء الحيوية (بانتظار الترجمة)_anchored.docx
2025-08-06 15:54:41,367 - word_anchor_adder - INFO - Total anchors: 19 (Office Math + LaTeX + Images)
2025-08-06 15:54:43,379 - mammoth_converter - INFO -   Detected equation type: none
2025-08-06 15:54:45,651 - logger - INFO - Processing completed successfully!
