2025-08-06 15:14:25,247 - logger - INFO - ============================================================
2025-08-06 15:14:25,251 - logger - INFO - Document Processing Started
2025-08-06 15:14:25,252 - logger - INFO - Input folder: D:\Work 3 (20-Oct-24)\2 Side projects May 25\Encyclopedia\articles\مقالات بعد الاخراج\test
2025-08-06 15:14:25,253 - logger - INFO - Output folder: D:\Work 3 (20-Oct-24)\2 Side projects May 25\Encyclopedia\articles\html
2025-08-06 15:14:25,254 - logger - INFO - External CSS: True
2025-08-06 15:14:25,255 - logger - INFO - ============================================================
2025-08-06 15:14:26,160 - office_math_to_latex_converter - INFO - Converting Office Math to LaTeX in: الدائرة (جاهزة للنشر).docx
2025-08-06 15:14:26,368 - office_math_to_latex_converter - INFO - Saved LaTeX version to: C:\Users\eyousef\AppData\Local\Temp\tmpfhnbo5fp.docx
2025-08-06 15:14:26,369 - office_math_to_latex_converter - INFO - Converted 30 Office Math equations to LaTeX
2025-08-06 15:14:26,369 - word_anchor_adder - INFO - Adding anchors to: tmpfhnbo5fp.docx
2025-08-06 15:14:26,490 - word_anchor_adder - INFO - Found 23 Office Math paragraphs
2025-08-06 15:14:26,618 - word_anchor_adder - INFO - Saved: D:\Work 3 (20-Oct-24)\2 Side projects May 25\Encyclopedia\articles\html\001_الدائرة (جاهزة للنشر)\الدائرة (جاهزة للنشر)_anchored.docx
2025-08-06 15:14:26,619 - word_anchor_adder - INFO - Total anchors: 43 (Office Math + LaTeX + Images)
2025-08-06 15:14:27,410 - mammoth_converter - INFO -   Detected equation type: office_math
2025-08-06 15:14:27,487 - mammoth_converter - ERROR - Error in equation marker conversion: xpath() got an unexpected keyword argument 'namespaces'
2025-08-06 15:14:28,382 - unified_document_processor - ERROR - Error processing الدائرة (جاهزة للنشر).docx: _build_html_document() got multiple values for argument 'title'
Traceback (most recent call last):
  File "d:\Development\HTML Conversion\unified_document_processor.py", line 92, in process_all_documents
    self._convert_document_custom(
  File "d:\Development\HTML Conversion\unified_document_processor.py", line 164, in _convert_document_custom
    complete_html = mammoth._build_html_document(
TypeError: _build_html_document() got multiple values for argument 'title'
2025-08-06 15:14:28,385 - office_math_to_latex_converter - INFO - Converting Office Math to LaTeX in: الدالة واحد لواحد (جاهزة للنشر).docx
2025-08-06 15:14:28,433 - office_math_to_latex_converter - INFO - Saved LaTeX version to: C:\Users\eyousef\AppData\Local\Temp\tmptx1qvex1.docx
2025-08-06 15:14:28,433 - office_math_to_latex_converter - INFO - Converted 1 Office Math equations to LaTeX
2025-08-06 15:14:28,441 - word_anchor_adder - INFO - Adding anchors to: tmptx1qvex1.docx
2025-08-06 15:14:28,502 - word_anchor_adder - INFO - Saved: D:\Work 3 (20-Oct-24)\2 Side projects May 25\Encyclopedia\articles\html\002_الدالة واحد لواحد (جاهزة للنشر)\الدالة واحد لواحد (جاهزة للنشر)_anchored.docx
2025-08-06 15:14:28,502 - word_anchor_adder - INFO - Total anchors: 2 (Office Math + LaTeX + Images)
2025-08-06 15:14:28,570 - mammoth_converter - INFO -   Detected equation type: latex
2025-08-06 15:14:28,650 - unified_document_processor - ERROR - Error processing الدالة واحد لواحد (جاهزة للنشر).docx: name 're' is not defined
Traceback (most recent call last):
  File "d:\Development\HTML Conversion\unified_document_processor.py", line 92, in process_all_documents
    self._convert_document_custom(
  File "d:\Development\HTML Conversion\unified_document_processor.py", line 161, in _convert_document_custom
    mammoth.total_equations = len(re.findall(r'\$[^$]+\$|\$\$[^$]+\$\$', html_content))
NameError: name 're' is not defined
2025-08-06 15:14:28,652 - office_math_to_latex_converter - INFO - Converting Office Math to LaTeX in: الكيمياء الحيوية (بانتظار الترجمة).docx
2025-08-06 15:14:28,779 - office_math_to_latex_converter - INFO - No Office Math equations found
2025-08-06 15:14:28,795 - word_anchor_adder - INFO - Adding anchors to: tmpvb4_4fgj.docx
2025-08-06 15:14:29,375 - word_anchor_adder - INFO - Saved: D:\Work 3 (20-Oct-24)\2 Side projects May 25\Encyclopedia\articles\html\003_الكيمياء الحيوية (بانتظار الترجمة)\الكيمياء الحيوية (بانتظار الترجمة)_anchored.docx
2025-08-06 15:14:29,376 - word_anchor_adder - INFO - Total anchors: 19 (Office Math + LaTeX + Images)
2025-08-06 15:14:30,887 - mammoth_converter - INFO -   Detected equation type: none
2025-08-06 15:14:32,833 - unified_document_processor - ERROR - Error processing الكيمياء الحيوية (بانتظار الترجمة).docx: _build_html_document() got multiple values for argument 'title'
Traceback (most recent call last):
  File "d:\Development\HTML Conversion\unified_document_processor.py", line 92, in process_all_documents
    self._convert_document_custom(
  File "d:\Development\HTML Conversion\unified_document_processor.py", line 164, in _convert_document_custom
    complete_html = mammoth._build_html_document(
TypeError: _build_html_document() got multiple values for argument 'title'
2025-08-06 15:14:32,844 - logger - INFO - Processing completed successfully!
