2025-08-06 14:07:16,998 - logger - INFO - ============================================================
2025-08-06 14:07:16,999 - logger - INFO - Enhanced Word to HTML Converter Started
2025-08-06 14:07:17,000 - logger - INFO - Input folder: D:\Work 3 (20-Oct-24)\2 Side projects May 25\Encyclopedia\articles\مقالات بعد الاخراج
2025-08-06 14:07:17,000 - logger - INFO - Output folder: D:\Work 3 (20-Oct-24)\2 Side projects May 25\Encyclopedia\articles\html
2025-08-06 14:07:17,000 - logger - INFO - External CSS: True
2025-08-06 14:07:17,001 - logger - INFO - Generate anchored docs: True
2025-08-06 14:07:17,001 - logger - INFO - ============================================================
2025-08-06 14:07:17,144 - logger - INFO - CSS files copied to D:\Work 3 (20-Oct-24)\2 Side projects May 25\Encyclopedia\articles\html\assets\css
2025-08-06 14:07:17,150 - logger - INFO - Processing 45 documents from: D:\Work 3 (20-Oct-24)\2 Side projects May 25\Encyclopedia\articles\مقالات بعد الاخراج
2025-08-06 14:07:17,154 - mammoth_converter - INFO - Found 45 documents
2025-08-06 14:07:17,154 - mammoth_converter - INFO - Converting [1]: الكيمياء الحيوية (بانتظار الترجمة).docx
2025-08-06 14:07:19,031 - mammoth_converter - INFO -   Detected equation type: none
2025-08-06 14:07:20,825 - mammoth_converter - WARNING - الكيمياء الحيوية (بانتظار الترجمة).docx: Message(type='warning', message='Unrecognised paragraph style: List Paragraph (Style ID: ListParagraph)')
2025-08-06 14:07:20,826 - mammoth_converter - WARNING - الكيمياء الحيوية (بانتظار الترجمة).docx: Message(type='warning', message='Unrecognised run style: anchor-text (Style ID: anchor-text)')
2025-08-06 14:07:20,829 - mammoth_converter - INFO -   Saved 23 anchors
2025-08-06 14:07:20,830 - mammoth_converter - INFO - Saved: D:\Work 3 (20-Oct-24)\2 Side projects May 25\Encyclopedia\articles\html\001_الكيمياء الحيوية (بانتظار الترجمة)\الكيمياء الحيوية (بانتظار الترجمة).html
2025-08-06 14:07:20,831 - mammoth_converter - INFO - Converting [2]: الكيمياء الحيوية (بانتظار الترجمة).docx
2025-08-06 14:07:22,470 - mammoth_converter - INFO -   Detected equation type: none
2025-08-06 14:07:24,429 - mammoth_converter - WARNING - الكيمياء الحيوية (بانتظار الترجمة).docx: Message(type='warning', message='Unrecognised paragraph style: List Paragraph (Style ID: ListParagraph)')
2025-08-06 14:07:24,429 - mammoth_converter - WARNING - الكيمياء الحيوية (بانتظار الترجمة).docx: Message(type='warning', message='Unrecognised run style: anchor-text (Style ID: anchor-text)')
2025-08-06 14:07:24,433 - mammoth_converter - INFO -   Saved 23 anchors
2025-08-06 14:07:24,433 - mammoth_converter - INFO - Saved: D:\Work 3 (20-Oct-24)\2 Side projects May 25\Encyclopedia\articles\html\test\002_الكيمياء الحيوية (بانتظار الترجمة)\الكيمياء الحيوية (بانتظار الترجمة).html
2025-08-06 14:07:24,434 - mammoth_converter - INFO - Converting [3]: التناص (جاهزة للنشر).docx
2025-08-06 14:07:25,514 - mammoth_converter - INFO -   Detected equation type: none
2025-08-06 14:07:26,543 - mammoth_converter - WARNING - التناص (جاهزة للنشر).docx: Message(type='warning', message='Unrecognised paragraph style: List Paragraph (Style ID: ListParagraph)')
2025-08-06 14:07:26,547 - mammoth_converter - INFO -   Saved 1 anchors
2025-08-06 14:07:26,547 - mammoth_converter - INFO - Saved: D:\Work 3 (20-Oct-24)\2 Side projects May 25\Encyclopedia\articles\html\الآداب واللغات\003_التناص (جاهزة للنشر)\التناص (جاهزة للنشر).html
2025-08-06 14:07:26,548 - mammoth_converter - INFO - Converting [4]: المعاجم العربية التراثية (جاهزة للنشر).docx
2025-08-06 14:07:29,028 - mammoth_converter - INFO -   Detected equation type: none
2025-08-06 14:07:31,804 - mammoth_converter - WARNING - المعاجم العربية التراثية (جاهزة للنشر).docx: Message(type='warning', message='Unrecognised paragraph style: List Paragraph (Style ID: ListParagraph)')
2025-08-06 14:07:31,811 - mammoth_converter - INFO -   Saved 3 anchors
2025-08-06 14:07:31,811 - mammoth_converter - INFO - Saved: D:\Work 3 (20-Oct-24)\2 Side projects May 25\Encyclopedia\articles\html\الآداب واللغات\004_المعاجم العربية التراثية (جاهزة للنشر)\المعاجم العربية التراثية (جاهزة للنشر).html
2025-08-06 14:07:31,812 - mammoth_converter - INFO - Converting [5]: أمين الخولي (جاهزة للنشر) .docx
2025-08-06 14:07:34,425 - mammoth_converter - INFO -   Detected equation type: none
2025-08-06 14:07:37,216 - mammoth_converter - INFO -   Saved 5 anchors
2025-08-06 14:07:37,217 - mammoth_converter - INFO - Saved: D:\Work 3 (20-Oct-24)\2 Side projects May 25\Encyclopedia\articles\html\الآداب واللغات\005_أمين الخولي (جاهزة للنشر)\أمين الخولي (جاهزة للنشر).html
2025-08-06 14:07:37,218 - mammoth_converter - INFO - Converting [6]: إلياس زيات (جاهزة للنشر).docx
2025-08-06 14:07:37,715 - mammoth_converter - INFO -   Detected equation type: none
2025-08-06 14:07:38,192 - mammoth_converter - INFO -   Saved 3 anchors
2025-08-06 14:07:38,193 - mammoth_converter - INFO - Saved: D:\Work 3 (20-Oct-24)\2 Side projects May 25\Encyclopedia\articles\html\الآداب واللغات\006_إلياس زيات (جاهزة للنشر)\إلياس زيات (جاهزة للنشر).html
2025-08-06 14:07:38,193 - mammoth_converter - INFO - Converting [7]: حسن العطار (جاهزة للنشر).docx
2025-08-06 14:07:38,997 - mammoth_converter - INFO -   Detected equation type: none
2025-08-06 14:07:39,887 - mammoth_converter - INFO -   Saved 2 anchors
2025-08-06 14:07:39,888 - mammoth_converter - INFO - Saved: D:\Work 3 (20-Oct-24)\2 Side projects May 25\Encyclopedia\articles\html\الآداب واللغات\007_حسن العطار (جاهزة للنشر)\حسن العطار (جاهزة للنشر).html
2025-08-06 14:07:39,888 - mammoth_converter - INFO - Converting [8]: حسن فتحي (جاهزة للنشر).docx
2025-08-06 14:07:40,615 - mammoth_converter - INFO -   Detected equation type: none
2025-08-06 14:07:41,347 - mammoth_converter - WARNING - حسن فتحي (جاهزة للنشر).docx: Message(type='warning', message='Unrecognised run style: wixui-rich-text__text (Style ID: wixui-rich-texttext)')
2025-08-06 14:07:41,350 - mammoth_converter - INFO -   Saved 4 anchors
2025-08-06 14:07:41,350 - mammoth_converter - INFO - Saved: D:\Work 3 (20-Oct-24)\2 Side projects May 25\Encyclopedia\articles\html\الآداب واللغات\008_حسن فتحي (جاهزة للنشر)\حسن فتحي (جاهزة للنشر).html
2025-08-06 14:07:41,351 - mammoth_converter - INFO - Converting [9]: سليم النقاش (جاهزة للنشر)  .docx
2025-08-06 14:07:42,045 - mammoth_converter - INFO -   Detected equation type: none
2025-08-06 14:07:42,668 - mammoth_converter - INFO -   Saved 2 anchors
2025-08-06 14:07:42,668 - mammoth_converter - INFO - Saved: D:\Work 3 (20-Oct-24)\2 Side projects May 25\Encyclopedia\articles\html\الآداب واللغات\009_سليم النقاش (جاهزة للنشر)\سليم النقاش (جاهزة للنشر).html
2025-08-06 14:07:42,669 - mammoth_converter - INFO - Converting [10]: غالب هلسا (جاهزة للنشر).docx
2025-08-06 14:07:43,604 - mammoth_converter - INFO -   Detected equation type: none
2025-08-06 14:07:44,735 - mammoth_converter - WARNING - غالب هلسا (جاهزة للنشر).docx: Message(type='warning', message='Unrecognised paragraph style: No Spacing (Style ID: NoSpacing)')
2025-08-06 14:07:44,736 - mammoth_converter - WARNING - غالب هلسا (جاهزة للنشر).docx: Message(type='warning', message='Unrecognised paragraph style: List Paragraph (Style ID: ListParagraph)')
2025-08-06 14:07:44,740 - mammoth_converter - INFO -   Saved 4 anchors
2025-08-06 14:07:44,740 - mammoth_converter - INFO - Saved: D:\Work 3 (20-Oct-24)\2 Side projects May 25\Encyclopedia\articles\html\الآداب واللغات\010_غالب هلسا (جاهزة للنشر)\غالب هلسا (جاهزة للنشر).html
2025-08-06 14:07:44,741 - mammoth_converter - INFO - Converting [11]: كتاب العين (جاهزة للنشر).docx
2025-08-06 14:07:45,506 - mammoth_converter - INFO -   Detected equation type: none
2025-08-06 14:07:46,461 - mammoth_converter - WARNING - كتاب العين (جاهزة للنشر).docx: Message(type='warning', message='Unrecognised paragraph style: List Paragraph (Style ID: ListParagraph)')
2025-08-06 14:07:46,463 - mammoth_converter - INFO -   Saved 4 anchors
2025-08-06 14:07:46,464 - mammoth_converter - INFO - Saved: D:\Work 3 (20-Oct-24)\2 Side projects May 25\Encyclopedia\articles\html\الآداب واللغات\011_كتاب العين (جاهزة للنشر)\كتاب العين (جاهزة للنشر).html
2025-08-06 14:07:46,464 - mammoth_converter - INFO - Converting [12]: ابن ماجه (جاهز للنشر).docx
2025-08-06 14:07:46,939 - mammoth_converter - INFO -   Detected equation type: none
2025-08-06 14:07:47,384 - mammoth_converter - WARNING - ابن ماجه (جاهز للنشر).docx: Message(type='warning', message='Unrecognised run style: familyname (Style ID: familyname)')
2025-08-06 14:07:47,388 - mammoth_converter - INFO -   Saved 1 anchors
2025-08-06 14:07:47,389 - mammoth_converter - INFO - Saved: D:\Work 3 (20-Oct-24)\2 Side projects May 25\Encyclopedia\articles\html\الاسلام وعلومه\012_ابن ماجه (جاهز للنشر)\ابن ماجه (جاهز للنشر).html
2025-08-06 14:07:47,389 - mammoth_converter - INFO - Converting [13]: الطبيعيات في علم الكلام (جاهزة للنشر).docx
2025-08-06 14:07:49,096 - mammoth_converter - INFO -   Detected equation type: none
2025-08-06 14:07:50,939 - mammoth_converter - WARNING - الطبيعيات في علم الكلام (جاهزة للنشر).docx: Message(type='warning', message='Unrecognised paragraph style: List Paragraph (Style ID: ListParagraph)')
2025-08-06 14:07:50,942 - mammoth_converter - INFO -   Saved 2 anchors
2025-08-06 14:07:50,942 - mammoth_converter - INFO - Saved: D:\Work 3 (20-Oct-24)\2 Side projects May 25\Encyclopedia\articles\html\الاسلام وعلومه\013_الطبيعيات في علم الكلام (جاهزة للنشر)\الطبيعيات في علم الكلام (جاهزة للنشر).html
2025-08-06 14:07:50,943 - mammoth_converter - INFO - Converting [14]: أبو يعلى الفراء (جاهزة للنشر).docx
2025-08-06 14:07:51,885 - mammoth_converter - INFO -   Detected equation type: none
2025-08-06 14:07:52,926 - mammoth_converter - WARNING - أبو يعلى الفراء (جاهزة للنشر).docx: Message(type='warning', message='Unrecognised paragraph style: List Paragraph (Style ID: ListParagraph)')
2025-08-06 14:07:52,929 - mammoth_converter - INFO -   Saved 5 anchors
2025-08-06 14:07:52,930 - mammoth_converter - INFO - Saved: D:\Work 3 (20-Oct-24)\2 Side projects May 25\Encyclopedia\articles\html\الاسلام وعلومه\014_أبو يعلى الفراء (جاهزة للنشر)\أبو يعلى الفراء (جاهزة للنشر).html
2025-08-06 14:07:52,930 - mammoth_converter - INFO - Converting [15]: حسين الجسر (جاهزة للنشر).docx
2025-08-06 14:07:53,335 - mammoth_converter - INFO -   Detected equation type: none
2025-08-06 14:07:53,721 - mammoth_converter - INFO -   Saved 1 anchors
2025-08-06 14:07:53,722 - mammoth_converter - INFO - Saved: D:\Work 3 (20-Oct-24)\2 Side projects May 25\Encyclopedia\articles\html\الاسلام وعلومه\015_حسين الجسر (جاهزة للنشر)\حسين الجسر (جاهزة للنشر).html
2025-08-06 14:07:53,723 - mammoth_converter - INFO - Converting [16]: مسعر بن كدام (جاهزة للنشر).docx
2025-08-06 14:07:54,714 - mammoth_converter - INFO -   Detected equation type: none
2025-08-06 14:07:55,807 - mammoth_converter - WARNING - مسعر بن كدام (جاهزة للنشر).docx: Message(type='warning', message='Unrecognised paragraph style: List Paragraph (Style ID: ListParagraph)')
2025-08-06 14:07:55,808 - mammoth_converter - WARNING - مسعر بن كدام (جاهزة للنشر).docx: Message(type='warning', message='Unrecognised run style: Footnote Text Char (Style ID: FootnoteTextChar)')
2025-08-06 14:07:55,811 - mammoth_converter - INFO -   Saved 1 anchors
2025-08-06 14:07:55,811 - mammoth_converter - INFO - Saved: D:\Work 3 (20-Oct-24)\2 Side projects May 25\Encyclopedia\articles\html\الاسلام وعلومه\016_مسعر بن كدام (جاهزة للنشر)\مسعر بن كدام (جاهزة للنشر).html
2025-08-06 14:07:55,812 - mammoth_converter - INFO - Converting [17]: السلع العامة (جاهزة للنشر).docx
2025-08-06 14:07:57,219 - mammoth_converter - INFO -   Detected equation type: none
2025-08-06 14:07:58,704 - mammoth_converter - WARNING - السلع العامة (جاهزة للنشر).docx: Message(type='warning', message='Unrecognised paragraph style: Style1 (Style ID: Style1)')
2025-08-06 14:07:58,709 - mammoth_converter - INFO -   Saved 1 anchors
2025-08-06 14:07:58,710 - mammoth_converter - INFO - Saved: D:\Work 3 (20-Oct-24)\2 Side projects May 25\Encyclopedia\articles\html\الاقتصاد والمال\017_السلع العامة (جاهزة للنشر)\السلع العامة (جاهزة للنشر).html
2025-08-06 14:07:58,711 - mammoth_converter - INFO - Converting [18]: التشابه (جاهزة للنشر) .docx
2025-08-06 14:08:00,093 - mammoth_converter - INFO -   Detected equation type: office_math
2025-08-06 14:08:00,183 - mammoth_converter - ERROR - Error in equation marker conversion: xpath() got an unexpected keyword argument 'namespaces'
2025-08-06 14:08:01,669 - mammoth_converter - INFO - Saved: D:\Work 3 (20-Oct-24)\2 Side projects May 25\Encyclopedia\articles\html\الرياضيات والفيزياء\018_التشابه (جاهزة للنشر)\التشابه (جاهزة للنشر).html
2025-08-06 14:08:01,669 - mammoth_converter - INFO - Converting [19]: الدائرة (جاهزة للنشر).docx
2025-08-06 14:08:03,127 - mammoth_converter - INFO -   Detected equation type: office_math
2025-08-06 14:08:03,200 - mammoth_converter - ERROR - Error in equation marker conversion: xpath() got an unexpected keyword argument 'namespaces'
2025-08-06 14:08:04,731 - mammoth_converter - INFO - Saved: D:\Work 3 (20-Oct-24)\2 Side projects May 25\Encyclopedia\articles\html\الرياضيات والفيزياء\019_الدائرة (جاهزة للنشر)\الدائرة (جاهزة للنشر).html
2025-08-06 14:08:04,732 - mammoth_converter - INFO - Converting [20]: الدالة واحد لواحد (جاهزة للنشر).docx
2025-08-06 14:08:05,293 - mammoth_converter - INFO -   Detected equation type: office_math
2025-08-06 14:08:05,344 - mammoth_converter - ERROR - Error in equation marker conversion: xpath() got an unexpected keyword argument 'namespaces'
2025-08-06 14:08:06,015 - mammoth_converter - INFO - Saved: D:\Work 3 (20-Oct-24)\2 Side projects May 25\Encyclopedia\articles\html\الرياضيات والفيزياء\020_الدالة واحد لواحد (جاهزة للنشر)\الدالة واحد لواحد (جاهزة للنشر).html
2025-08-06 14:08:06,016 - mammoth_converter - INFO - Converting [21]: العدد الأولي (جاهزة للنشر).docx
2025-08-06 14:08:07,540 - mammoth_converter - INFO -   Detected equation type: office_math
2025-08-06 14:08:07,617 - mammoth_converter - ERROR - Error in equation marker conversion: xpath() got an unexpected keyword argument 'namespaces'
2025-08-06 14:08:09,377 - mammoth_converter - INFO - Saved: D:\Work 3 (20-Oct-24)\2 Side projects May 25\Encyclopedia\articles\html\الرياضيات والفيزياء\021_العدد الأولي (جاهزة للنشر)\العدد الأولي (جاهزة للنشر).html
2025-08-06 14:08:09,378 - mammoth_converter - INFO - Converting [22]: الفضاء المتري (جاهزة للنشر).docx
2025-08-06 14:08:10,561 - mammoth_converter - INFO -   Detected equation type: office_math
2025-08-06 14:08:10,623 - mammoth_converter - ERROR - Error in equation marker conversion: xpath() got an unexpected keyword argument 'namespaces'
2025-08-06 14:08:11,750 - mammoth_converter - INFO - Saved: D:\Work 3 (20-Oct-24)\2 Side projects May 25\Encyclopedia\articles\html\الرياضيات والفيزياء\022_الفضاء المتري (جاهزة للنشر)\الفضاء المتري (جاهزة للنشر).html
2025-08-06 14:08:11,750 - mammoth_converter - INFO - Converting [23]: إستر أزهري (جاهزة للنشر).docx
2025-08-06 14:08:12,203 - mammoth_converter - INFO -   Detected equation type: none
2025-08-06 14:08:12,808 - mammoth_converter - INFO -   Saved 1 anchors
2025-08-06 14:08:12,809 - mammoth_converter - INFO - Saved: D:\Work 3 (20-Oct-24)\2 Side projects May 25\Encyclopedia\articles\html\تاريخ وجغرافيا\023_إستر أزهري (جاهزة للنشر)\إستر أزهري (جاهزة للنشر).html
2025-08-06 14:08:12,809 - mammoth_converter - INFO - Converting [24]: بولينا حسون (جاهزة للنشر).docx
2025-08-06 14:08:13,176 - mammoth_converter - INFO -   Detected equation type: none
2025-08-06 14:08:13,560 - mammoth_converter - INFO -   Saved 1 anchors
2025-08-06 14:08:13,560 - mammoth_converter - INFO - Saved: D:\Work 3 (20-Oct-24)\2 Side projects May 25\Encyclopedia\articles\html\تاريخ وجغرافيا\024_بولينا حسون (جاهزة للنشر)\بولينا حسون (جاهزة للنشر).html
2025-08-06 14:08:13,561 - mammoth_converter - INFO - Converting [25]: جمعية العهد (جاهزة للنشر).docx
2025-08-06 14:08:14,784 - mammoth_converter - INFO -   Detected equation type: none
2025-08-06 14:08:16,383 - mammoth_converter - WARNING - جمعية العهد (جاهزة للنشر).docx: Message(type='warning', message='Unrecognised paragraph style: List Paragraph (Style ID: ListParagraph)')
2025-08-06 14:08:16,383 - mammoth_converter - WARNING - جمعية العهد (جاهزة للنشر).docx: Message(type='warning', message='Unrecognised paragraph style: هامش عربي (المتن الداخلي) (Style ID: a)')
2025-08-06 14:08:16,383 - mammoth_converter - WARNING - جمعية العهد (جاهزة للنشر).docx: Message(type='warning', message='Unrecognised run style: عربي (Style ID: a0)')
2025-08-06 14:08:16,386 - mammoth_converter - INFO -   Saved 2 anchors
2025-08-06 14:08:16,387 - mammoth_converter - INFO - Saved: D:\Work 3 (20-Oct-24)\2 Side projects May 25\Encyclopedia\articles\html\تاريخ وجغرافيا\025_جمعية العهد (جاهزة للنشر)\جمعية العهد (جاهزة للنشر).html
2025-08-06 14:08:16,387 - mammoth_converter - INFO - Converting [26]: زينب فواز (جاهزة للنشر).docx
2025-08-06 14:08:17,364 - mammoth_converter - INFO -   Detected equation type: none
2025-08-06 14:08:17,955 - mammoth_converter - WARNING - زينب فواز (جاهزة للنشر).docx: Message(type='warning', message='Unrecognised paragraph style: List Paragraph (Style ID: ListParagraph)')
2025-08-06 14:08:17,967 - mammoth_converter - INFO -   Saved 3 anchors
2025-08-06 14:08:17,967 - mammoth_converter - INFO - Saved: D:\Work 3 (20-Oct-24)\2 Side projects May 25\Encyclopedia\articles\html\تاريخ وجغرافيا\026_زينب فواز (جاهزة للنشر)\زينب فواز (جاهزة للنشر).html
2025-08-06 14:08:17,972 - mammoth_converter - INFO - Converting [27]: ساطع الحصري (جاهزة للنشر).docx
2025-08-06 14:08:21,230 - mammoth_converter - INFO -   Detected equation type: none
2025-08-06 14:08:23,943 - mammoth_converter - WARNING - ساطع الحصري (جاهزة للنشر).docx: Message(type='warning', message='Unrecognised paragraph style: List Paragraph (Style ID: ListParagraph)')
2025-08-06 14:08:23,948 - mammoth_converter - INFO -   Saved 5 anchors
2025-08-06 14:08:23,949 - mammoth_converter - INFO - Saved: D:\Work 3 (20-Oct-24)\2 Side projects May 25\Encyclopedia\articles\html\تاريخ وجغرافيا\027_ساطع الحصري (جاهزة للنشر)\ساطع الحصري (جاهزة للنشر).html
2025-08-06 14:08:23,950 - mammoth_converter - INFO - Converting [28]: سوق عكاظ (جاهزة للنشر).docx
2025-08-06 14:08:26,074 - mammoth_converter - INFO -   Detected equation type: none
2025-08-06 14:08:27,811 - mammoth_converter - INFO -   Saved 3 anchors
2025-08-06 14:08:27,814 - mammoth_converter - INFO - Saved: D:\Work 3 (20-Oct-24)\2 Side projects May 25\Encyclopedia\articles\html\تاريخ وجغرافيا\028_سوق عكاظ (جاهزة للنشر)\سوق عكاظ (جاهزة للنشر).html
2025-08-06 14:08:27,819 - mammoth_converter - INFO - Converting [29]: صفقة الأسلحة التشيكية (جاهزة للنشر).docx
2025-08-06 14:08:28,383 - mammoth_converter - INFO -   Detected equation type: none
2025-08-06 14:08:28,854 - mammoth_converter - INFO -   Saved 1 anchors
2025-08-06 14:08:28,854 - mammoth_converter - INFO - Saved: D:\Work 3 (20-Oct-24)\2 Side projects May 25\Encyclopedia\articles\html\تاريخ وجغرافيا\029_صفقة الأسلحة التشيكية (جاهزة للنشر)\صفقة الأسلحة التشيكية (جاهزة للنشر).html
2025-08-06 14:08:28,854 - mammoth_converter - INFO - Converting [30]: مجلي نصراوين (جاهزة للنشر).docx
2025-08-06 14:08:29,487 - mammoth_converter - INFO -   Detected equation type: none
2025-08-06 14:08:30,284 - mammoth_converter - INFO -   Saved 1 anchors
2025-08-06 14:08:30,285 - mammoth_converter - INFO - Saved: D:\Work 3 (20-Oct-24)\2 Side projects May 25\Encyclopedia\articles\html\تاريخ وجغرافيا\030_مجلي نصراوين (جاهزة للنشر)\مجلي نصراوين (جاهزة للنشر).html
2025-08-06 14:08:30,285 - mammoth_converter - INFO - Converting [31]: مريانا مراش (جاهزة للنشر).docx
2025-08-06 14:08:30,828 - mammoth_converter - INFO -   Detected equation type: none
2025-08-06 14:08:31,548 - mammoth_converter - INFO -   Saved 2 anchors
2025-08-06 14:08:31,549 - mammoth_converter - INFO - Saved: D:\Work 3 (20-Oct-24)\2 Side projects May 25\Encyclopedia\articles\html\تاريخ وجغرافيا\031_مريانا مراش (جاهزة للنشر)\مريانا مراش (جاهزة للنشر).html
2025-08-06 14:08:31,549 - mammoth_converter - INFO - Converting [32]: مسلم بن مسلم الجرمي (جاهزة للنشر).docx
2025-08-06 14:08:32,062 - mammoth_converter - INFO -   Detected equation type: none
2025-08-06 14:08:32,571 - mammoth_converter - INFO -   Saved 1 anchors
2025-08-06 14:08:32,571 - mammoth_converter - INFO - Saved: D:\Work 3 (20-Oct-24)\2 Side projects May 25\Encyclopedia\articles\html\تاريخ وجغرافيا\032_مسلم بن مسلم الجرمي (جاهزة للنشر)\مسلم بن مسلم الجرمي (جاهزة للنشر).html
2025-08-06 14:08:32,572 - mammoth_converter - INFO - Converting [33]: نعمان قساطلي (جاهزة للنشر).docx
2025-08-06 14:08:33,135 - mammoth_converter - INFO -   Detected equation type: none
2025-08-06 14:08:33,744 - mammoth_converter - INFO -   Saved 1 anchors
2025-08-06 14:08:33,744 - mammoth_converter - INFO - Saved: D:\Work 3 (20-Oct-24)\2 Side projects May 25\Encyclopedia\articles\html\تاريخ وجغرافيا\033_نعمان قساطلي (جاهزة للنشر)\نعمان قساطلي (جاهزة للنشر).html
2025-08-06 14:08:33,745 - mammoth_converter - INFO - Converting [34]: هارون بن يحيى (جاهزة للنشر).docx
2025-08-06 14:08:34,503 - mammoth_converter - INFO -   Detected equation type: none
2025-08-06 14:08:35,595 - mammoth_converter - INFO -   Saved 1 anchors
2025-08-06 14:08:35,597 - mammoth_converter - INFO - Saved: D:\Work 3 (20-Oct-24)\2 Side projects May 25\Encyclopedia\articles\html\تاريخ وجغرافيا\034_هارون بن يحيى (جاهزة للنشر)\هارون بن يحيى (جاهزة للنشر).html
2025-08-06 14:08:35,598 - mammoth_converter - INFO - Converting [35]: هنا كسباني (جاهزة للنشر).docx
2025-08-06 14:08:36,539 - mammoth_converter - INFO -   Detected equation type: none
2025-08-06 14:08:37,034 - mammoth_converter - INFO -   Saved 2 anchors
2025-08-06 14:08:37,034 - mammoth_converter - INFO - Saved: D:\Work 3 (20-Oct-24)\2 Side projects May 25\Encyclopedia\articles\html\تاريخ وجغرافيا\035_هنا كسباني (جاهزة للنشر)\هنا كسباني (جاهزة للنشر).html
2025-08-06 14:08:37,035 - mammoth_converter - INFO - Converting [36]: ياسين الهاشمي (جاهزة للنشر).docx
2025-08-06 14:08:38,834 - mammoth_converter - INFO -   Detected equation type: none
2025-08-06 14:08:40,777 - mammoth_converter - WARNING - ياسين الهاشمي (جاهزة للنشر).docx: Message(type='warning', message='Unrecognised paragraph style: List Paragraph (Style ID: ListParagraph)')
2025-08-06 14:08:40,777 - mammoth_converter - WARNING - ياسين الهاشمي (جاهزة للنشر).docx: Message(type='warning', message='Unrecognised run style: fn (Style ID: fn)')
2025-08-06 14:08:40,778 - mammoth_converter - WARNING - ياسين الهاشمي (جاهزة للنشر).docx: Message(type='warning', message='Unrecognised run style: Subtitle1 (Style ID: Subtitle1)')
2025-08-06 14:08:40,781 - mammoth_converter - INFO -   Saved 1 anchors
2025-08-06 14:08:40,782 - mammoth_converter - INFO - Saved: D:\Work 3 (20-Oct-24)\2 Side projects May 25\Encyclopedia\articles\html\تاريخ وجغرافيا\036_ياسين الهاشمي (جاهزة للنشر)\ياسين الهاشمي (جاهزة للنشر).html
2025-08-06 14:08:40,783 - mammoth_converter - INFO - Converting [37]: الصيدلة (جاهزة للنشر).docx
2025-08-06 14:08:42,051 - mammoth_converter - INFO -   Detected equation type: none
2025-08-06 14:08:43,131 - mammoth_converter - WARNING - الصيدلة (جاهزة للنشر).docx: Message(type='warning', message='Unrecognised paragraph style: List Paragraph (Style ID: ListParagraph)')
2025-08-06 14:08:43,131 - mammoth_converter - WARNING - الصيدلة (جاهزة للنشر).docx: Message(type='warning', message='Unrecognised paragraph style: Normal (Web) (Style ID: NormalWeb)')
2025-08-06 14:08:43,134 - mammoth_converter - INFO -   Saved 10 anchors
2025-08-06 14:08:43,134 - mammoth_converter - INFO - Saved: D:\Work 3 (20-Oct-24)\2 Side projects May 25\Encyclopedia\articles\html\طب وصيدلة\037_الصيدلة (جاهزة للنشر)\الصيدلة (جاهزة للنشر).html
2025-08-06 14:08:43,134 - mammoth_converter - INFO - Converting [38]: المكملات الغذائية (جاهزة للنشر).docx
2025-08-06 14:08:45,875 - mammoth_converter - INFO -   Detected equation type: none
2025-08-06 14:08:47,834 - mammoth_converter - INFO -   Saved 3 anchors
2025-08-06 14:08:47,835 - mammoth_converter - INFO - Saved: D:\Work 3 (20-Oct-24)\2 Side projects May 25\Encyclopedia\articles\html\طب وصيدلة\038_المكملات الغذائية (جاهزة للنشر)\المكملات الغذائية (جاهزة للنشر).html
2025-08-06 14:08:47,835 - mammoth_converter - INFO - Converting [39]: البروتينات - (جاهزة للنشر).docx
2025-08-06 14:08:48,471 - mammoth_converter - INFO -   Detected equation type: none
2025-08-06 14:08:49,051 - mammoth_converter - WARNING - البروتينات - (جاهزة للنشر).docx: Message(type='warning', message='Unrecognised paragraph style: EndNote Bibliography (Style ID: EndNoteBibliography)')
2025-08-06 14:08:49,053 - mammoth_converter - INFO -   Saved 4 anchors
2025-08-06 14:08:49,053 - mammoth_converter - INFO - Saved: D:\Work 3 (20-Oct-24)\2 Side projects May 25\Encyclopedia\articles\html\علوم الأحياء والكيمياء\039_البروتينات - (جاهزة للنشر)\البروتينات - (جاهزة للنشر).html
2025-08-06 14:08:49,054 - mammoth_converter - INFO - Converting [40]: الدورة الشهرية (جاهزة للنشر).docx
2025-08-06 14:08:49,940 - mammoth_converter - INFO -   Detected equation type: none
2025-08-06 14:08:50,798 - mammoth_converter - WARNING - الدورة الشهرية (جاهزة للنشر).docx: Message(type='warning', message='Unrecognised paragraph style: List Paragraph (Style ID: ListParagraph)')
2025-08-06 14:08:50,799 - mammoth_converter - WARNING - الدورة الشهرية (جاهزة للنشر).docx: Message(type='warning', message='Unrecognised run style: bk_cite_avail (Style ID: bkciteavail)')
2025-08-06 14:08:50,801 - mammoth_converter - INFO -   Saved 2 anchors
2025-08-06 14:08:50,802 - mammoth_converter - INFO - Saved: D:\Work 3 (20-Oct-24)\2 Side projects May 25\Encyclopedia\articles\html\علوم الأحياء والكيمياء\040_الدورة الشهرية (جاهزة للنشر)\الدورة الشهرية (جاهزة للنشر).html
2025-08-06 14:08:50,802 - mammoth_converter - INFO - Converting [41]: الغشاء الخلوي-مترجم (جاهزة للنشر).docx
2025-08-06 14:08:52,154 - mammoth_converter - INFO -   Detected equation type: none
2025-08-06 14:08:53,167 - mammoth_converter - WARNING - الغشاء الخلوي-مترجم (جاهزة للنشر).docx: Message(type='warning', message='Unrecognised paragraph style: List Paragraph (Style ID: ListParagraph)')
2025-08-06 14:08:53,170 - mammoth_converter - INFO -   Saved 8 anchors
2025-08-06 14:08:53,171 - mammoth_converter - INFO - Saved: D:\Work 3 (20-Oct-24)\2 Side projects May 25\Encyclopedia\articles\html\علوم الأحياء والكيمياء\041_الغشاء الخلوي-مترجم (جاهزة للنشر)\الغشاء الخلوي-مترجم (جاهزة للنشر).html
2025-08-06 14:08:53,171 - mammoth_converter - INFO - Converting [42]: النواتج الطبيعية (جاهزة للنشر).docx
2025-08-06 14:08:55,583 - mammoth_converter - INFO -   Detected equation type: none
2025-08-06 14:08:57,902 - mammoth_converter - WARNING - النواتج الطبيعية (جاهزة للنشر).docx: Message(type='warning', message='Unrecognised paragraph style: List Paragraph (Style ID: ListParagraph)')
2025-08-06 14:08:57,905 - mammoth_converter - INFO -   Saved 19 anchors
2025-08-06 14:08:57,905 - mammoth_converter - INFO - Saved: D:\Work 3 (20-Oct-24)\2 Side projects May 25\Encyclopedia\articles\html\علوم الأحياء والكيمياء\042_النواتج الطبيعية (جاهزة للنشر)\النواتج الطبيعية (جاهزة للنشر).html
2025-08-06 14:08:57,906 - mammoth_converter - INFO - Converting [43]: فيروس كورونا (جاهزة للنشر).docx
2025-08-06 14:08:59,105 - mammoth_converter - INFO -   Detected equation type: none
2025-08-06 14:09:00,365 - mammoth_converter - WARNING - فيروس كورونا (جاهزة للنشر).docx: Message(type='warning', message='Unrecognised paragraph style: Heading 3a (Style ID: Heading3a)')
2025-08-06 14:09:00,365 - mammoth_converter - WARNING - فيروس كورونا (جاهزة للنشر).docx: Message(type='warning', message='Unrecognised paragraph style: EndNote Bibliography (Style ID: EndNoteBibliography)')
2025-08-06 14:09:00,368 - mammoth_converter - INFO -   Saved 2 anchors
2025-08-06 14:09:00,368 - mammoth_converter - INFO - Saved: D:\Work 3 (20-Oct-24)\2 Side projects May 25\Encyclopedia\articles\html\علوم الأحياء والكيمياء\043_فيروس كورونا (جاهزة للنشر)\فيروس كورونا (جاهزة للنشر).html
2025-08-06 14:09:00,369 - mammoth_converter - INFO - Converting [44]: لينا ماري عبيد (جاهزة للنشر).docx
2025-08-06 14:09:02,112 - mammoth_converter - INFO -   Detected equation type: none
2025-08-06 14:09:03,982 - mammoth_converter - WARNING - لينا ماري عبيد (جاهزة للنشر).docx: Message(type='warning', message='Unrecognised run style: id-label (Style ID: id-label)')
2025-08-06 14:09:03,982 - mammoth_converter - WARNING - لينا ماري عبيد (جاهزة للنشر).docx: Message(type='warning', message='Unrecognised run style: identifier (Style ID: identifier)')
2025-08-06 14:09:03,984 - mammoth_converter - INFO -   Saved 1 anchors
2025-08-06 14:09:03,985 - mammoth_converter - INFO - Saved: D:\Work 3 (20-Oct-24)\2 Side projects May 25\Encyclopedia\articles\html\علوم الأحياء والكيمياء\044_لينا ماري عبيد (جاهزة للنشر)\لينا ماري عبيد (جاهزة للنشر).html
2025-08-06 14:09:03,985 - mammoth_converter - INFO - Converting [45]: يوسف عوني حنّون (جاهزة للنشر).docx
2025-08-06 14:09:05,483 - mammoth_converter - INFO -   Detected equation type: none
2025-08-06 14:09:06,984 - mammoth_converter - WARNING - يوسف عوني حنّون (جاهزة للنشر).docx: Message(type='warning', message='Unrecognised run style: hlfld-contribauthor (Style ID: hlfld-contribauthor)')
2025-08-06 14:09:06,985 - mammoth_converter - WARNING - يوسف عوني حنّون (جاهزة للنشر).docx: Message(type='warning', message='Unrecognised run style: ml-1 (Style ID: ml-1)')
2025-08-06 14:09:06,985 - mammoth_converter - WARNING - يوسف عوني حنّون (جاهزة للنشر).docx: Message(type='warning', message='Unrecognised paragraph style: List Paragraph (Style ID: ListParagraph)')
2025-08-06 14:09:06,987 - mammoth_converter - INFO -   Saved 1 anchors
2025-08-06 14:09:06,988 - mammoth_converter - INFO - Saved: D:\Work 3 (20-Oct-24)\2 Side projects May 25\Encyclopedia\articles\html\علوم الأحياء والكيمياء\045_يوسف عوني حنّون (جاهزة للنشر)\يوسف عوني حنّون (جاهزة للنشر).html
2025-08-06 14:09:06,988 - mammoth_converter - INFO - ============================================================
2025-08-06 14:09:06,988 - mammoth_converter - INFO - Conversion Summary:
2025-08-06 14:09:06,989 - mammoth_converter - INFO -   Total equations found: 0
2025-08-06 14:09:06,989 - mammoth_converter - INFO -   Total footnotes: 0
2025-08-06 14:09:06,989 - mammoth_converter - INFO -   Total images: 197
2025-08-06 14:09:06,989 - mammoth_converter - INFO - ============================================================
2025-08-06 14:09:06,990 - mammoth_converter - INFO - ============================================================
2025-08-06 14:09:06,991 - mammoth_converter - INFO - Creating Word Documents with Anchors
2025-08-06 14:09:06,991 - mammoth_converter - INFO - ============================================================
2025-08-06 14:09:06,997 - word_anchor_adder - INFO - Processing 45 documents
2025-08-06 14:09:06,998 - word_anchor_adder - INFO - Adding anchors to: الكيمياء الحيوية (بانتظار الترجمة).docx
2025-08-06 14:09:07,800 - word_anchor_adder - INFO - Saved: D:\Work 3 (20-Oct-24)\2 Side projects May 25\Encyclopedia\articles\html\with_anchors\الكيمياء الحيوية (بانتظار الترجمة)_anchored.docx
2025-08-06 14:09:07,800 - word_anchor_adder - INFO - Total anchors: 19 (Office Math + LaTeX + Images)
2025-08-06 14:09:07,800 - word_anchor_adder - INFO - [1/45] Completed الكيمياء الحيوية (بانتظار الترجمة).docx
2025-08-06 14:09:07,801 - word_anchor_adder - INFO - Adding anchors to: الكيمياء الحيوية (بانتظار الترجمة).docx
2025-08-06 14:09:08,641 - word_anchor_adder - INFO - Saved: D:\Work 3 (20-Oct-24)\2 Side projects May 25\Encyclopedia\articles\html\with_anchors\test\الكيمياء الحيوية (بانتظار الترجمة)_anchored.docx
2025-08-06 14:09:08,642 - word_anchor_adder - INFO - Total anchors: 19 (Office Math + LaTeX + Images)
2025-08-06 14:09:08,643 - word_anchor_adder - INFO - [2/45] Completed الكيمياء الحيوية (بانتظار الترجمة).docx
2025-08-06 14:09:08,644 - word_anchor_adder - INFO - Adding anchors to: التناص (جاهزة للنشر).docx
2025-08-06 14:09:10,933 - word_anchor_adder - INFO - Saved: D:\Work 3 (20-Oct-24)\2 Side projects May 25\Encyclopedia\articles\html\with_anchors\الآداب واللغات\التناص (جاهزة للنشر)_anchored.docx
2025-08-06 14:09:10,934 - word_anchor_adder - INFO - Total anchors: 1 (Office Math + LaTeX + Images)
2025-08-06 14:09:10,934 - word_anchor_adder - INFO - [3/45] Completed التناص (جاهزة للنشر).docx
2025-08-06 14:09:10,935 - word_anchor_adder - INFO - Adding anchors to: المعاجم العربية التراثية (جاهزة للنشر).docx
2025-08-06 14:09:11,298 - word_anchor_adder - INFO - Saved: D:\Work 3 (20-Oct-24)\2 Side projects May 25\Encyclopedia\articles\html\with_anchors\الآداب واللغات\المعاجم العربية التراثية (جاهزة للنشر)_anchored.docx
2025-08-06 14:09:11,298 - word_anchor_adder - INFO - Total anchors: 8 (Office Math + LaTeX + Images)
2025-08-06 14:09:11,299 - word_anchor_adder - INFO - [4/45] Completed المعاجم العربية التراثية (جاهزة للنشر).docx
2025-08-06 14:09:11,299 - word_anchor_adder - INFO - Adding anchors to: أمين الخولي (جاهزة للنشر) .docx
2025-08-06 14:09:11,782 - word_anchor_adder - INFO - Saved: D:\Work 3 (20-Oct-24)\2 Side projects May 25\Encyclopedia\articles\html\with_anchors\الآداب واللغات\أمين الخولي (جاهزة للنشر) _anchored.docx
2025-08-06 14:09:11,782 - word_anchor_adder - INFO - Total anchors: 8 (Office Math + LaTeX + Images)
2025-08-06 14:09:11,782 - word_anchor_adder - INFO - [5/45] Completed أمين الخولي (جاهزة للنشر) .docx
2025-08-06 14:09:11,783 - word_anchor_adder - INFO - Adding anchors to: إلياس زيات (جاهزة للنشر).docx
2025-08-06 14:09:11,898 - word_anchor_adder - INFO - Saved: D:\Work 3 (20-Oct-24)\2 Side projects May 25\Encyclopedia\articles\html\with_anchors\الآداب واللغات\إلياس زيات (جاهزة للنشر)_anchored.docx
2025-08-06 14:09:11,898 - word_anchor_adder - INFO - Total anchors: 3 (Office Math + LaTeX + Images)
2025-08-06 14:09:11,898 - word_anchor_adder - INFO - [6/45] Completed إلياس زيات (جاهزة للنشر).docx
2025-08-06 14:09:11,899 - word_anchor_adder - INFO - Adding anchors to: حسن العطار (جاهزة للنشر).docx
2025-08-06 14:09:12,107 - word_anchor_adder - INFO - Saved: D:\Work 3 (20-Oct-24)\2 Side projects May 25\Encyclopedia\articles\html\with_anchors\الآداب واللغات\حسن العطار (جاهزة للنشر)_anchored.docx
2025-08-06 14:09:12,108 - word_anchor_adder - INFO - Total anchors: 2 (Office Math + LaTeX + Images)
2025-08-06 14:09:12,108 - word_anchor_adder - INFO - [7/45] Completed حسن العطار (جاهزة للنشر).docx
2025-08-06 14:09:12,109 - word_anchor_adder - INFO - Adding anchors to: حسن فتحي (جاهزة للنشر).docx
2025-08-06 14:09:12,332 - word_anchor_adder - INFO - Saved: D:\Work 3 (20-Oct-24)\2 Side projects May 25\Encyclopedia\articles\html\with_anchors\الآداب واللغات\حسن فتحي (جاهزة للنشر)_anchored.docx
2025-08-06 14:09:12,332 - word_anchor_adder - INFO - Total anchors: 4 (Office Math + LaTeX + Images)
2025-08-06 14:09:12,332 - word_anchor_adder - INFO - [8/45] Completed حسن فتحي (جاهزة للنشر).docx
2025-08-06 14:09:12,333 - word_anchor_adder - INFO - Adding anchors to: سليم النقاش (جاهزة للنشر)  .docx
2025-08-06 14:09:12,466 - word_anchor_adder - INFO - Saved: D:\Work 3 (20-Oct-24)\2 Side projects May 25\Encyclopedia\articles\html\with_anchors\الآداب واللغات\سليم النقاش (جاهزة للنشر)  _anchored.docx
2025-08-06 14:09:12,466 - word_anchor_adder - INFO - Total anchors: 2 (Office Math + LaTeX + Images)
2025-08-06 14:09:12,467 - word_anchor_adder - INFO - [9/45] Completed سليم النقاش (جاهزة للنشر)  .docx
2025-08-06 14:09:12,467 - word_anchor_adder - INFO - Adding anchors to: غالب هلسا (جاهزة للنشر).docx
2025-08-06 14:09:12,633 - word_anchor_adder - INFO - Saved: D:\Work 3 (20-Oct-24)\2 Side projects May 25\Encyclopedia\articles\html\with_anchors\الآداب واللغات\غالب هلسا (جاهزة للنشر)_anchored.docx
2025-08-06 14:09:12,634 - word_anchor_adder - INFO - Total anchors: 7 (Office Math + LaTeX + Images)
2025-08-06 14:09:12,634 - word_anchor_adder - INFO - [10/45] Completed غالب هلسا (جاهزة للنشر).docx
2025-08-06 14:09:12,635 - word_anchor_adder - INFO - Adding anchors to: كتاب العين (جاهزة للنشر).docx
2025-08-06 14:09:12,833 - word_anchor_adder - INFO - Saved: D:\Work 3 (20-Oct-24)\2 Side projects May 25\Encyclopedia\articles\html\with_anchors\الآداب واللغات\كتاب العين (جاهزة للنشر)_anchored.docx
2025-08-06 14:09:12,833 - word_anchor_adder - INFO - Total anchors: 7 (Office Math + LaTeX + Images)
2025-08-06 14:09:12,833 - word_anchor_adder - INFO - [11/45] Completed كتاب العين (جاهزة للنشر).docx
2025-08-06 14:09:12,834 - word_anchor_adder - INFO - Adding anchors to: ابن ماجه (جاهز للنشر).docx
2025-08-06 14:09:12,912 - word_anchor_adder - INFO - Saved: D:\Work 3 (20-Oct-24)\2 Side projects May 25\Encyclopedia\articles\html\with_anchors\الاسلام وعلومه\ابن ماجه (جاهز للنشر)_anchored.docx
2025-08-06 14:09:12,912 - word_anchor_adder - INFO - Total anchors: 1 (Office Math + LaTeX + Images)
2025-08-06 14:09:12,913 - word_anchor_adder - INFO - [12/45] Completed ابن ماجه (جاهز للنشر).docx
2025-08-06 14:09:12,913 - word_anchor_adder - INFO - Adding anchors to: الطبيعيات في علم الكلام (جاهزة للنشر).docx
2025-08-06 14:09:13,131 - word_anchor_adder - INFO - Saved: D:\Work 3 (20-Oct-24)\2 Side projects May 25\Encyclopedia\articles\html\with_anchors\الاسلام وعلومه\الطبيعيات في علم الكلام (جاهزة للنشر)_anchored.docx
2025-08-06 14:09:13,132 - word_anchor_adder - INFO - Total anchors: 2 (Office Math + LaTeX + Images)
2025-08-06 14:09:13,132 - word_anchor_adder - INFO - [13/45] Completed الطبيعيات في علم الكلام (جاهزة للنشر).docx
2025-08-06 14:09:13,132 - word_anchor_adder - INFO - Adding anchors to: أبو يعلى الفراء (جاهزة للنشر).docx
2025-08-06 14:09:13,289 - word_anchor_adder - INFO - Saved: D:\Work 3 (20-Oct-24)\2 Side projects May 25\Encyclopedia\articles\html\with_anchors\الاسلام وعلومه\أبو يعلى الفراء (جاهزة للنشر)_anchored.docx
2025-08-06 14:09:13,290 - word_anchor_adder - INFO - Total anchors: 8 (Office Math + LaTeX + Images)
2025-08-06 14:09:13,290 - word_anchor_adder - INFO - [14/45] Completed أبو يعلى الفراء (جاهزة للنشر).docx
2025-08-06 14:09:13,290 - word_anchor_adder - INFO - Adding anchors to: حسين الجسر (جاهزة للنشر).docx
2025-08-06 14:09:13,383 - word_anchor_adder - INFO - Saved: D:\Work 3 (20-Oct-24)\2 Side projects May 25\Encyclopedia\articles\html\with_anchors\الاسلام وعلومه\حسين الجسر (جاهزة للنشر)_anchored.docx
2025-08-06 14:09:13,384 - word_anchor_adder - INFO - Total anchors: 1 (Office Math + LaTeX + Images)
2025-08-06 14:09:13,384 - word_anchor_adder - INFO - [15/45] Completed حسين الجسر (جاهزة للنشر).docx
2025-08-06 14:09:13,384 - word_anchor_adder - INFO - Adding anchors to: مسعر بن كدام (جاهزة للنشر).docx
2025-08-06 14:09:13,579 - word_anchor_adder - INFO - Saved: D:\Work 3 (20-Oct-24)\2 Side projects May 25\Encyclopedia\articles\html\with_anchors\الاسلام وعلومه\مسعر بن كدام (جاهزة للنشر)_anchored.docx
2025-08-06 14:09:13,580 - word_anchor_adder - INFO - Total anchors: 1 (Office Math + LaTeX + Images)
2025-08-06 14:09:13,581 - word_anchor_adder - INFO - [16/45] Completed مسعر بن كدام (جاهزة للنشر).docx
2025-08-06 14:09:13,581 - word_anchor_adder - INFO - Adding anchors to: السلع العامة (جاهزة للنشر).docx
2025-08-06 14:09:13,817 - word_anchor_adder - INFO - Saved: D:\Work 3 (20-Oct-24)\2 Side projects May 25\Encyclopedia\articles\html\with_anchors\الاقتصاد والمال\السلع العامة (جاهزة للنشر)_anchored.docx
2025-08-06 14:09:13,818 - word_anchor_adder - INFO - Total anchors: 1 (Office Math + LaTeX + Images)
2025-08-06 14:09:13,818 - word_anchor_adder - INFO - [17/45] Completed السلع العامة (جاهزة للنشر).docx
2025-08-06 14:09:13,818 - word_anchor_adder - INFO - Adding anchors to: التشابه (جاهزة للنشر) .docx
2025-08-06 14:09:13,951 - word_anchor_adder - INFO - Found 53 Office Math paragraphs
2025-08-06 14:09:14,305 - word_anchor_adder - INFO - Saved: D:\Work 3 (20-Oct-24)\2 Side projects May 25\Encyclopedia\articles\html\with_anchors\الرياضيات والفيزياء\التشابه (جاهزة للنشر) _anchored.docx
2025-08-06 14:09:14,306 - word_anchor_adder - INFO - Total anchors: 62 (Office Math + LaTeX + Images)
2025-08-06 14:09:14,306 - word_anchor_adder - INFO - [18/45] Completed التشابه (جاهزة للنشر) .docx
2025-08-06 14:09:14,307 - word_anchor_adder - INFO - Adding anchors to: الدائرة (جاهزة للنشر).docx
2025-08-06 14:09:14,479 - word_anchor_adder - INFO - Found 30 Office Math paragraphs
2025-08-06 14:09:14,682 - word_anchor_adder - INFO - Saved: D:\Work 3 (20-Oct-24)\2 Side projects May 25\Encyclopedia\articles\html\with_anchors\الرياضيات والفيزياء\الدائرة (جاهزة للنشر)_anchored.docx
2025-08-06 14:09:14,683 - word_anchor_adder - INFO - Total anchors: 39 (Office Math + LaTeX + Images)
2025-08-06 14:09:14,683 - word_anchor_adder - INFO - [19/45] Completed الدائرة (جاهزة للنشر).docx
2025-08-06 14:09:14,684 - word_anchor_adder - INFO - Adding anchors to: الدالة واحد لواحد (جاهزة للنشر).docx
2025-08-06 14:09:14,747 - word_anchor_adder - INFO - Found 21 Office Math paragraphs
2025-08-06 14:09:14,833 - word_anchor_adder - INFO - Saved: D:\Work 3 (20-Oct-24)\2 Side projects May 25\Encyclopedia\articles\html\with_anchors\الرياضيات والفيزياء\الدالة واحد لواحد (جاهزة للنشر)_anchored.docx
2025-08-06 14:09:14,834 - word_anchor_adder - INFO - Total anchors: 25 (Office Math + LaTeX + Images)
2025-08-06 14:09:14,834 - word_anchor_adder - INFO - [20/45] Completed الدالة واحد لواحد (جاهزة للنشر).docx
2025-08-06 14:09:14,835 - word_anchor_adder - INFO - Adding anchors to: العدد الأولي (جاهزة للنشر).docx
2025-08-06 14:09:14,981 - word_anchor_adder - INFO - Found 59 Office Math paragraphs
2025-08-06 14:09:15,175 - word_anchor_adder - INFO - Saved: D:\Work 3 (20-Oct-24)\2 Side projects May 25\Encyclopedia\articles\html\with_anchors\الرياضيات والفيزياء\العدد الأولي (جاهزة للنشر)_anchored.docx
2025-08-06 14:09:15,176 - word_anchor_adder - INFO - Total anchors: 26 (Office Math + LaTeX + Images)
2025-08-06 14:09:15,176 - word_anchor_adder - INFO - [21/45] Completed العدد الأولي (جاهزة للنشر).docx
2025-08-06 14:09:15,177 - word_anchor_adder - INFO - Adding anchors to: الفضاء المتري (جاهزة للنشر).docx
2025-08-06 14:09:15,339 - word_anchor_adder - INFO - Found 53 Office Math paragraphs
2025-08-06 14:09:15,497 - word_anchor_adder - INFO - Saved: D:\Work 3 (20-Oct-24)\2 Side projects May 25\Encyclopedia\articles\html\with_anchors\الرياضيات والفيزياء\الفضاء المتري (جاهزة للنشر)_anchored.docx
2025-08-06 14:09:15,497 - word_anchor_adder - INFO - Total anchors: 58 (Office Math + LaTeX + Images)
2025-08-06 14:09:15,498 - word_anchor_adder - INFO - [22/45] Completed الفضاء المتري (جاهزة للنشر).docx
2025-08-06 14:09:15,498 - word_anchor_adder - INFO - Adding anchors to: إستر أزهري (جاهزة للنشر).docx
2025-08-06 14:09:15,611 - word_anchor_adder - INFO - Saved: D:\Work 3 (20-Oct-24)\2 Side projects May 25\Encyclopedia\articles\html\with_anchors\تاريخ وجغرافيا\إستر أزهري (جاهزة للنشر)_anchored.docx
2025-08-06 14:09:15,612 - word_anchor_adder - INFO - Total anchors: 1 (Office Math + LaTeX + Images)
2025-08-06 14:09:15,612 - word_anchor_adder - INFO - [23/45] Completed إستر أزهري (جاهزة للنشر).docx
2025-08-06 14:09:15,613 - word_anchor_adder - INFO - Adding anchors to: بولينا حسون (جاهزة للنشر).docx
2025-08-06 14:09:15,701 - word_anchor_adder - INFO - Saved: D:\Work 3 (20-Oct-24)\2 Side projects May 25\Encyclopedia\articles\html\with_anchors\تاريخ وجغرافيا\بولينا حسون (جاهزة للنشر)_anchored.docx
2025-08-06 14:09:15,701 - word_anchor_adder - INFO - Total anchors: 1 (Office Math + LaTeX + Images)
2025-08-06 14:09:15,702 - word_anchor_adder - INFO - [24/45] Completed بولينا حسون (جاهزة للنشر).docx
2025-08-06 14:09:15,702 - word_anchor_adder - INFO - Adding anchors to: جمعية العهد (جاهزة للنشر).docx
2025-08-06 14:09:16,028 - word_anchor_adder - INFO - Saved: D:\Work 3 (20-Oct-24)\2 Side projects May 25\Encyclopedia\articles\html\with_anchors\تاريخ وجغرافيا\جمعية العهد (جاهزة للنشر)_anchored.docx
2025-08-06 14:09:16,029 - word_anchor_adder - INFO - Total anchors: 2 (Office Math + LaTeX + Images)
2025-08-06 14:09:16,029 - word_anchor_adder - INFO - [25/45] Completed جمعية العهد (جاهزة للنشر).docx
2025-08-06 14:09:16,029 - word_anchor_adder - INFO - Adding anchors to: زينب فواز (جاهزة للنشر).docx
2025-08-06 14:09:16,137 - word_anchor_adder - INFO - Saved: D:\Work 3 (20-Oct-24)\2 Side projects May 25\Encyclopedia\articles\html\with_anchors\تاريخ وجغرافيا\زينب فواز (جاهزة للنشر)_anchored.docx
2025-08-06 14:09:16,137 - word_anchor_adder - INFO - Total anchors: 3 (Office Math + LaTeX + Images)
2025-08-06 14:09:16,137 - word_anchor_adder - INFO - [26/45] Completed زينب فواز (جاهزة للنشر).docx
2025-08-06 14:09:16,137 - word_anchor_adder - INFO - Adding anchors to: ساطع الحصري (جاهزة للنشر).docx
2025-08-06 14:09:16,532 - word_anchor_adder - INFO - Saved: D:\Work 3 (20-Oct-24)\2 Side projects May 25\Encyclopedia\articles\html\with_anchors\تاريخ وجغرافيا\ساطع الحصري (جاهزة للنشر)_anchored.docx
2025-08-06 14:09:16,532 - word_anchor_adder - INFO - Total anchors: 8 (Office Math + LaTeX + Images)
2025-08-06 14:09:16,533 - word_anchor_adder - INFO - [27/45] Completed ساطع الحصري (جاهزة للنشر).docx
2025-08-06 14:09:16,533 - word_anchor_adder - INFO - Adding anchors to: سوق عكاظ (جاهزة للنشر).docx
2025-08-06 14:09:17,003 - word_anchor_adder - INFO - Saved: D:\Work 3 (20-Oct-24)\2 Side projects May 25\Encyclopedia\articles\html\with_anchors\تاريخ وجغرافيا\سوق عكاظ (جاهزة للنشر)_anchored.docx
2025-08-06 14:09:17,004 - word_anchor_adder - INFO - Total anchors: 3 (Office Math + LaTeX + Images)
2025-08-06 14:09:17,004 - word_anchor_adder - INFO - [28/45] Completed سوق عكاظ (جاهزة للنشر).docx
2025-08-06 14:09:17,004 - word_anchor_adder - INFO - Adding anchors to: صفقة الأسلحة التشيكية (جاهزة للنشر).docx
2025-08-06 14:09:17,088 - word_anchor_adder - INFO - Saved: D:\Work 3 (20-Oct-24)\2 Side projects May 25\Encyclopedia\articles\html\with_anchors\تاريخ وجغرافيا\صفقة الأسلحة التشيكية (جاهزة للنشر)_anchored.docx
2025-08-06 14:09:17,088 - word_anchor_adder - INFO - Total anchors: 1 (Office Math + LaTeX + Images)
2025-08-06 14:09:17,089 - word_anchor_adder - INFO - [29/45] Completed صفقة الأسلحة التشيكية (جاهزة للنشر).docx
2025-08-06 14:09:17,089 - word_anchor_adder - INFO - Adding anchors to: مجلي نصراوين (جاهزة للنشر).docx
2025-08-06 14:09:17,214 - word_anchor_adder - INFO - Saved: D:\Work 3 (20-Oct-24)\2 Side projects May 25\Encyclopedia\articles\html\with_anchors\تاريخ وجغرافيا\مجلي نصراوين (جاهزة للنشر)_anchored.docx
2025-08-06 14:09:17,215 - word_anchor_adder - INFO - Total anchors: 1 (Office Math + LaTeX + Images)
2025-08-06 14:09:17,215 - word_anchor_adder - INFO - [30/45] Completed مجلي نصراوين (جاهزة للنشر).docx
2025-08-06 14:09:17,215 - word_anchor_adder - INFO - Adding anchors to: مريانا مراش (جاهزة للنشر).docx
2025-08-06 14:09:17,314 - word_anchor_adder - INFO - Saved: D:\Work 3 (20-Oct-24)\2 Side projects May 25\Encyclopedia\articles\html\with_anchors\تاريخ وجغرافيا\مريانا مراش (جاهزة للنشر)_anchored.docx
2025-08-06 14:09:17,315 - word_anchor_adder - INFO - Total anchors: 2 (Office Math + LaTeX + Images)
2025-08-06 14:09:17,315 - word_anchor_adder - INFO - [31/45] Completed مريانا مراش (جاهزة للنشر).docx
2025-08-06 14:09:17,316 - word_anchor_adder - INFO - Adding anchors to: مسلم بن مسلم الجرمي (جاهزة للنشر).docx
2025-08-06 14:09:17,448 - word_anchor_adder - INFO - Saved: D:\Work 3 (20-Oct-24)\2 Side projects May 25\Encyclopedia\articles\html\with_anchors\تاريخ وجغرافيا\مسلم بن مسلم الجرمي (جاهزة للنشر)_anchored.docx
2025-08-06 14:09:17,448 - word_anchor_adder - INFO - Total anchors: 1 (Office Math + LaTeX + Images)
2025-08-06 14:09:17,448 - word_anchor_adder - INFO - [32/45] Completed مسلم بن مسلم الجرمي (جاهزة للنشر).docx
2025-08-06 14:09:17,450 - word_anchor_adder - INFO - Adding anchors to: نعمان قساطلي (جاهزة للنشر).docx
2025-08-06 14:09:17,570 - word_anchor_adder - INFO - Saved: D:\Work 3 (20-Oct-24)\2 Side projects May 25\Encyclopedia\articles\html\with_anchors\تاريخ وجغرافيا\نعمان قساطلي (جاهزة للنشر)_anchored.docx
2025-08-06 14:09:17,570 - word_anchor_adder - INFO - Total anchors: 1 (Office Math + LaTeX + Images)
2025-08-06 14:09:17,570 - word_anchor_adder - INFO - [33/45] Completed نعمان قساطلي (جاهزة للنشر).docx
2025-08-06 14:09:17,571 - word_anchor_adder - INFO - Adding anchors to: هارون بن يحيى (جاهزة للنشر).docx
2025-08-06 14:09:17,687 - word_anchor_adder - INFO - Saved: D:\Work 3 (20-Oct-24)\2 Side projects May 25\Encyclopedia\articles\html\with_anchors\تاريخ وجغرافيا\هارون بن يحيى (جاهزة للنشر)_anchored.docx
2025-08-06 14:09:17,687 - word_anchor_adder - INFO - Total anchors: 1 (Office Math + LaTeX + Images)
2025-08-06 14:09:17,687 - word_anchor_adder - INFO - [34/45] Completed هارون بن يحيى (جاهزة للنشر).docx
2025-08-06 14:09:17,688 - word_anchor_adder - INFO - Adding anchors to: هنا كسباني (جاهزة للنشر).docx
2025-08-06 14:09:17,811 - word_anchor_adder - INFO - Saved: D:\Work 3 (20-Oct-24)\2 Side projects May 25\Encyclopedia\articles\html\with_anchors\تاريخ وجغرافيا\هنا كسباني (جاهزة للنشر)_anchored.docx
2025-08-06 14:09:17,812 - word_anchor_adder - INFO - Total anchors: 2 (Office Math + LaTeX + Images)
2025-08-06 14:09:17,812 - word_anchor_adder - INFO - [35/45] Completed هنا كسباني (جاهزة للنشر).docx
2025-08-06 14:09:17,812 - word_anchor_adder - INFO - Adding anchors to: ياسين الهاشمي (جاهزة للنشر).docx
2025-08-06 14:09:18,233 - word_anchor_adder - INFO - Saved: D:\Work 3 (20-Oct-24)\2 Side projects May 25\Encyclopedia\articles\html\with_anchors\تاريخ وجغرافيا\ياسين الهاشمي (جاهزة للنشر)_anchored.docx
2025-08-06 14:09:18,234 - word_anchor_adder - INFO - Total anchors: 1 (Office Math + LaTeX + Images)
2025-08-06 14:09:18,234 - word_anchor_adder - INFO - [36/45] Completed ياسين الهاشمي (جاهزة للنشر).docx
2025-08-06 14:09:18,234 - word_anchor_adder - INFO - Adding anchors to: الصيدلة (جاهزة للنشر).docx
2025-08-06 14:09:18,753 - word_anchor_adder - INFO - Saved: D:\Work 3 (20-Oct-24)\2 Side projects May 25\Encyclopedia\articles\html\with_anchors\طب وصيدلة\الصيدلة (جاهزة للنشر)_anchored.docx
2025-08-06 14:09:18,753 - word_anchor_adder - INFO - Total anchors: 10 (Office Math + LaTeX + Images)
2025-08-06 14:09:18,754 - word_anchor_adder - INFO - [37/45] Completed الصيدلة (جاهزة للنشر).docx
2025-08-06 14:09:18,754 - word_anchor_adder - INFO - Adding anchors to: المكملات الغذائية (جاهزة للنشر).docx
2025-08-06 14:09:20,982 - word_anchor_adder - INFO - Saved: D:\Work 3 (20-Oct-24)\2 Side projects May 25\Encyclopedia\articles\html\with_anchors\طب وصيدلة\المكملات الغذائية (جاهزة للنشر)_anchored.docx
2025-08-06 14:09:20,984 - word_anchor_adder - INFO - Total anchors: 3 (Office Math + LaTeX + Images)
2025-08-06 14:09:20,985 - word_anchor_adder - INFO - [38/45] Completed المكملات الغذائية (جاهزة للنشر).docx
2025-08-06 14:09:20,989 - word_anchor_adder - INFO - Adding anchors to: البروتينات - (جاهزة للنشر).docx
2025-08-06 14:09:21,489 - word_anchor_adder - INFO - Saved: D:\Work 3 (20-Oct-24)\2 Side projects May 25\Encyclopedia\articles\html\with_anchors\علوم الأحياء والكيمياء\البروتينات - (جاهزة للنشر)_anchored.docx
2025-08-06 14:09:21,512 - word_anchor_adder - INFO - Total anchors: 4 (Office Math + LaTeX + Images)
2025-08-06 14:09:21,514 - word_anchor_adder - INFO - [39/45] Completed البروتينات - (جاهزة للنشر).docx
2025-08-06 14:09:21,539 - word_anchor_adder - INFO - Adding anchors to: الدورة الشهرية (جاهزة للنشر).docx
2025-08-06 14:09:24,828 - word_anchor_adder - INFO - Saved: D:\Work 3 (20-Oct-24)\2 Side projects May 25\Encyclopedia\articles\html\with_anchors\علوم الأحياء والكيمياء\الدورة الشهرية (جاهزة للنشر)_anchored.docx
2025-08-06 14:09:24,831 - word_anchor_adder - INFO - Total anchors: 2 (Office Math + LaTeX + Images)
2025-08-06 14:09:24,832 - word_anchor_adder - INFO - [40/45] Completed الدورة الشهرية (جاهزة للنشر).docx
2025-08-06 14:09:24,833 - word_anchor_adder - INFO - Adding anchors to: الغشاء الخلوي-مترجم (جاهزة للنشر).docx
2025-08-06 14:09:30,440 - word_anchor_adder - INFO - Saved: D:\Work 3 (20-Oct-24)\2 Side projects May 25\Encyclopedia\articles\html\with_anchors\علوم الأحياء والكيمياء\الغشاء الخلوي-مترجم (جاهزة للنشر)_anchored.docx
2025-08-06 14:09:30,448 - word_anchor_adder - INFO - Total anchors: 7 (Office Math + LaTeX + Images)
2025-08-06 14:09:30,448 - word_anchor_adder - INFO - [41/45] Completed الغشاء الخلوي-مترجم (جاهزة للنشر).docx
2025-08-06 14:09:30,449 - word_anchor_adder - INFO - Adding anchors to: النواتج الطبيعية (جاهزة للنشر).docx
2025-08-06 14:09:32,664 - word_anchor_adder - INFO - Saved: D:\Work 3 (20-Oct-24)\2 Side projects May 25\Encyclopedia\articles\html\with_anchors\علوم الأحياء والكيمياء\النواتج الطبيعية (جاهزة للنشر)_anchored.docx
2025-08-06 14:09:32,667 - word_anchor_adder - INFO - Total anchors: 19 (Office Math + LaTeX + Images)
2025-08-06 14:09:32,669 - word_anchor_adder - INFO - [42/45] Completed النواتج الطبيعية (جاهزة للنشر).docx
2025-08-06 14:09:32,670 - word_anchor_adder - INFO - Adding anchors to: فيروس كورونا (جاهزة للنشر).docx
2025-08-06 14:09:33,789 - word_anchor_adder - INFO - Saved: D:\Work 3 (20-Oct-24)\2 Side projects May 25\Encyclopedia\articles\html\with_anchors\علوم الأحياء والكيمياء\فيروس كورونا (جاهزة للنشر)_anchored.docx
2025-08-06 14:09:33,799 - word_anchor_adder - INFO - Total anchors: 2 (Office Math + LaTeX + Images)
2025-08-06 14:09:33,803 - word_anchor_adder - INFO - [43/45] Completed فيروس كورونا (جاهزة للنشر).docx
2025-08-06 14:09:33,807 - word_anchor_adder - INFO - Adding anchors to: لينا ماري عبيد (جاهزة للنشر).docx
2025-08-06 14:09:34,722 - word_anchor_adder - INFO - Saved: D:\Work 3 (20-Oct-24)\2 Side projects May 25\Encyclopedia\articles\html\with_anchors\علوم الأحياء والكيمياء\لينا ماري عبيد (جاهزة للنشر)_anchored.docx
2025-08-06 14:09:34,723 - word_anchor_adder - INFO - Total anchors: 1 (Office Math + LaTeX + Images)
2025-08-06 14:09:34,725 - word_anchor_adder - INFO - [44/45] Completed لينا ماري عبيد (جاهزة للنشر).docx
2025-08-06 14:09:34,726 - word_anchor_adder - INFO - Adding anchors to: يوسف عوني حنّون (جاهزة للنشر).docx
2025-08-06 14:09:36,005 - word_anchor_adder - INFO - Saved: D:\Work 3 (20-Oct-24)\2 Side projects May 25\Encyclopedia\articles\html\with_anchors\علوم الأحياء والكيمياء\يوسف عوني حنّون (جاهزة للنشر)_anchored.docx
2025-08-06 14:09:36,007 - word_anchor_adder - INFO - Total anchors: 1 (Office Math + LaTeX + Images)
2025-08-06 14:09:36,008 - word_anchor_adder - INFO - [45/45] Completed يوسف عوني حنّون (جاهزة للنشر).docx
2025-08-06 14:09:36,009 - mammoth_converter - INFO - Finished creating anchored Word documents
2025-08-06 14:09:36,010 - logger - INFO - Generating anchored Word documents...
2025-08-06 14:09:36,258 - anchor_generator - INFO - Loaded 23 anchors from الكيمياء الحيوية (بانتظار الترجمة).anchors.json
2025-08-06 14:09:36,535 - anchor_generator - INFO - Created anchored document: D:\Work 3 (20-Oct-24)\2 Side projects May 25\Encyclopedia\articles\html\001_الكيمياء الحيوية (بانتظار الترجمة)\الكيمياء الحيوية (بانتظار الترجمة)_anchored.docx
2025-08-06 14:09:36,591 - anchor_generator - INFO - Loaded 23 anchors from الكيمياء الحيوية (بانتظار الترجمة).anchors.json
2025-08-06 14:09:36,757 - anchor_generator - INFO - Created anchored document: D:\Work 3 (20-Oct-24)\2 Side projects May 25\Encyclopedia\articles\html\test\002_الكيمياء الحيوية (بانتظار الترجمة)\الكيمياء الحيوية (بانتظار الترجمة)_anchored.docx
2025-08-06 14:09:36,806 - anchor_generator - INFO - Loaded 1 anchors from التناص (جاهزة للنشر).anchors.json
2025-08-06 14:09:36,943 - anchor_generator - INFO - Created anchored document: D:\Work 3 (20-Oct-24)\2 Side projects May 25\Encyclopedia\articles\html\الآداب واللغات\003_التناص (جاهزة للنشر)\التناص (جاهزة للنشر)_anchored.docx
2025-08-06 14:09:36,978 - anchor_generator - INFO - Loaded 3 anchors from المعاجم العربية التراثية (جاهزة للنشر).anchors.json
2025-08-06 14:09:37,122 - anchor_generator - INFO - Created anchored document: D:\Work 3 (20-Oct-24)\2 Side projects May 25\Encyclopedia\articles\html\الآداب واللغات\004_المعاجم العربية التراثية (جاهزة للنشر)\المعاجم العربية التراثية (جاهزة للنشر)_anchored.docx
2025-08-06 14:09:37,188 - anchor_generator - INFO - Loaded 5 anchors from أمين الخولي (جاهزة للنشر).anchors.json
2025-08-06 14:09:38,037 - anchor_generator - INFO - Created anchored document: D:\Work 3 (20-Oct-24)\2 Side projects May 25\Encyclopedia\articles\html\الآداب واللغات\005_أمين الخولي (جاهزة للنشر)\أمين الخولي (جاهزة للنشر)_anchored.docx
2025-08-06 14:09:38,140 - anchor_generator - INFO - Loaded 3 anchors from إلياس زيات (جاهزة للنشر).anchors.json
2025-08-06 14:09:38,387 - anchor_generator - INFO - Created anchored document: D:\Work 3 (20-Oct-24)\2 Side projects May 25\Encyclopedia\articles\html\الآداب واللغات\006_إلياس زيات (جاهزة للنشر)\إلياس زيات (جاهزة للنشر)_anchored.docx
2025-08-06 14:09:38,657 - anchor_generator - INFO - Loaded 2 anchors from حسن العطار (جاهزة للنشر).anchors.json
2025-08-06 14:09:38,878 - anchor_generator - INFO - Created anchored document: D:\Work 3 (20-Oct-24)\2 Side projects May 25\Encyclopedia\articles\html\الآداب واللغات\007_حسن العطار (جاهزة للنشر)\حسن العطار (جاهزة للنشر)_anchored.docx
2025-08-06 14:09:39,018 - anchor_generator - INFO - Loaded 4 anchors from حسن فتحي (جاهزة للنشر).anchors.json
2025-08-06 14:09:39,167 - anchor_generator - INFO - Created anchored document: D:\Work 3 (20-Oct-24)\2 Side projects May 25\Encyclopedia\articles\html\الآداب واللغات\008_حسن فتحي (جاهزة للنشر)\حسن فتحي (جاهزة للنشر)_anchored.docx
2025-08-06 14:09:39,201 - anchor_generator - INFO - Loaded 2 anchors from سليم النقاش (جاهزة للنشر).anchors.json
2025-08-06 14:09:39,385 - anchor_generator - INFO - Created anchored document: D:\Work 3 (20-Oct-24)\2 Side projects May 25\Encyclopedia\articles\html\الآداب واللغات\009_سليم النقاش (جاهزة للنشر)\سليم النقاش (جاهزة للنشر)_anchored.docx
2025-08-06 14:09:39,513 - anchor_generator - INFO - Loaded 4 anchors from غالب هلسا (جاهزة للنشر).anchors.json
2025-08-06 14:09:39,719 - anchor_generator - INFO - Created anchored document: D:\Work 3 (20-Oct-24)\2 Side projects May 25\Encyclopedia\articles\html\الآداب واللغات\010_غالب هلسا (جاهزة للنشر)\غالب هلسا (جاهزة للنشر)_anchored.docx
2025-08-06 14:09:39,773 - anchor_generator - INFO - Loaded 4 anchors from كتاب العين (جاهزة للنشر).anchors.json
2025-08-06 14:09:39,943 - anchor_generator - INFO - Created anchored document: D:\Work 3 (20-Oct-24)\2 Side projects May 25\Encyclopedia\articles\html\الآداب واللغات\011_كتاب العين (جاهزة للنشر)\كتاب العين (جاهزة للنشر)_anchored.docx
2025-08-06 14:09:40,019 - anchor_generator - INFO - Loaded 1 anchors from ابن ماجه (جاهز للنشر).anchors.json
2025-08-06 14:09:40,348 - anchor_generator - INFO - Created anchored document: D:\Work 3 (20-Oct-24)\2 Side projects May 25\Encyclopedia\articles\html\الاسلام وعلومه\012_ابن ماجه (جاهز للنشر)\ابن ماجه (جاهز للنشر)_anchored.docx
2025-08-06 14:09:40,402 - anchor_generator - INFO - Loaded 2 anchors from الطبيعيات في علم الكلام (جاهزة للنشر).anchors.json
2025-08-06 14:09:40,612 - anchor_generator - INFO - Created anchored document: D:\Work 3 (20-Oct-24)\2 Side projects May 25\Encyclopedia\articles\html\الاسلام وعلومه\013_الطبيعيات في علم الكلام (جاهزة للنشر)\الطبيعيات في علم الكلام (جاهزة للنشر)_anchored.docx
2025-08-06 14:09:40,641 - anchor_generator - INFO - Loaded 5 anchors from أبو يعلى الفراء (جاهزة للنشر).anchors.json
2025-08-06 14:09:40,775 - anchor_generator - INFO - Created anchored document: D:\Work 3 (20-Oct-24)\2 Side projects May 25\Encyclopedia\articles\html\الاسلام وعلومه\014_أبو يعلى الفراء (جاهزة للنشر)\أبو يعلى الفراء (جاهزة للنشر)_anchored.docx
2025-08-06 14:09:40,802 - anchor_generator - INFO - Loaded 1 anchors from حسين الجسر (جاهزة للنشر).anchors.json
2025-08-06 14:09:40,919 - anchor_generator - INFO - Created anchored document: D:\Work 3 (20-Oct-24)\2 Side projects May 25\Encyclopedia\articles\html\الاسلام وعلومه\015_حسين الجسر (جاهزة للنشر)\حسين الجسر (جاهزة للنشر)_anchored.docx
2025-08-06 14:09:40,947 - anchor_generator - INFO - Loaded 1 anchors from مسعر بن كدام (جاهزة للنشر).anchors.json
2025-08-06 14:09:41,052 - anchor_generator - INFO - Created anchored document: D:\Work 3 (20-Oct-24)\2 Side projects May 25\Encyclopedia\articles\html\الاسلام وعلومه\016_مسعر بن كدام (جاهزة للنشر)\مسعر بن كدام (جاهزة للنشر)_anchored.docx
2025-08-06 14:09:41,080 - anchor_generator - INFO - Loaded 1 anchors from السلع العامة (جاهزة للنشر).anchors.json
2025-08-06 14:09:41,185 - anchor_generator - INFO - Created anchored document: D:\Work 3 (20-Oct-24)\2 Side projects May 25\Encyclopedia\articles\html\الاقتصاد والمال\017_السلع العامة (جاهزة للنشر)\السلع العامة (جاهزة للنشر)_anchored.docx
2025-08-06 14:09:41,217 - anchor_generator - INFO - Loaded 1 anchors from إستر أزهري (جاهزة للنشر).anchors.json
2025-08-06 14:09:41,335 - anchor_generator - INFO - Created anchored document: D:\Work 3 (20-Oct-24)\2 Side projects May 25\Encyclopedia\articles\html\تاريخ وجغرافيا\023_إستر أزهري (جاهزة للنشر)\إستر أزهري (جاهزة للنشر)_anchored.docx
2025-08-06 14:09:41,363 - anchor_generator - INFO - Loaded 1 anchors from بولينا حسون (جاهزة للنشر).anchors.json
2025-08-06 14:09:41,499 - anchor_generator - INFO - Created anchored document: D:\Work 3 (20-Oct-24)\2 Side projects May 25\Encyclopedia\articles\html\تاريخ وجغرافيا\024_بولينا حسون (جاهزة للنشر)\بولينا حسون (جاهزة للنشر)_anchored.docx
2025-08-06 14:09:41,529 - anchor_generator - INFO - Loaded 2 anchors from جمعية العهد (جاهزة للنشر).anchors.json
2025-08-06 14:09:41,634 - anchor_generator - INFO - Created anchored document: D:\Work 3 (20-Oct-24)\2 Side projects May 25\Encyclopedia\articles\html\تاريخ وجغرافيا\025_جمعية العهد (جاهزة للنشر)\جمعية العهد (جاهزة للنشر)_anchored.docx
2025-08-06 14:09:41,663 - anchor_generator - INFO - Loaded 3 anchors from زينب فواز (جاهزة للنشر).anchors.json
2025-08-06 14:09:41,782 - anchor_generator - INFO - Created anchored document: D:\Work 3 (20-Oct-24)\2 Side projects May 25\Encyclopedia\articles\html\تاريخ وجغرافيا\026_زينب فواز (جاهزة للنشر)\زينب فواز (جاهزة للنشر)_anchored.docx
2025-08-06 14:09:41,821 - anchor_generator - INFO - Loaded 5 anchors from ساطع الحصري (جاهزة للنشر).anchors.json
2025-08-06 14:09:42,083 - anchor_generator - INFO - Created anchored document: D:\Work 3 (20-Oct-24)\2 Side projects May 25\Encyclopedia\articles\html\تاريخ وجغرافيا\027_ساطع الحصري (جاهزة للنشر)\ساطع الحصري (جاهزة للنشر)_anchored.docx
2025-08-06 14:09:42,120 - anchor_generator - INFO - Loaded 3 anchors from سوق عكاظ (جاهزة للنشر).anchors.json
2025-08-06 14:09:42,231 - anchor_generator - INFO - Created anchored document: D:\Work 3 (20-Oct-24)\2 Side projects May 25\Encyclopedia\articles\html\تاريخ وجغرافيا\028_سوق عكاظ (جاهزة للنشر)\سوق عكاظ (جاهزة للنشر)_anchored.docx
2025-08-06 14:09:42,258 - anchor_generator - INFO - Loaded 1 anchors from صفقة الأسلحة التشيكية (جاهزة للنشر).anchors.json
2025-08-06 14:09:42,383 - anchor_generator - INFO - Created anchored document: D:\Work 3 (20-Oct-24)\2 Side projects May 25\Encyclopedia\articles\html\تاريخ وجغرافيا\029_صفقة الأسلحة التشيكية (جاهزة للنشر)\صفقة الأسلحة التشيكية (جاهزة للنشر)_anchored.docx
2025-08-06 14:09:42,410 - anchor_generator - INFO - Loaded 1 anchors from مجلي نصراوين (جاهزة للنشر).anchors.json
2025-08-06 14:09:42,512 - anchor_generator - INFO - Created anchored document: D:\Work 3 (20-Oct-24)\2 Side projects May 25\Encyclopedia\articles\html\تاريخ وجغرافيا\030_مجلي نصراوين (جاهزة للنشر)\مجلي نصراوين (جاهزة للنشر)_anchored.docx
2025-08-06 14:09:42,540 - anchor_generator - INFO - Loaded 2 anchors from مريانا مراش (جاهزة للنشر).anchors.json
2025-08-06 14:09:42,647 - anchor_generator - INFO - Created anchored document: D:\Work 3 (20-Oct-24)\2 Side projects May 25\Encyclopedia\articles\html\تاريخ وجغرافيا\031_مريانا مراش (جاهزة للنشر)\مريانا مراش (جاهزة للنشر)_anchored.docx
2025-08-06 14:09:42,675 - anchor_generator - INFO - Loaded 1 anchors from مسلم بن مسلم الجرمي (جاهزة للنشر).anchors.json
2025-08-06 14:09:42,783 - anchor_generator - INFO - Created anchored document: D:\Work 3 (20-Oct-24)\2 Side projects May 25\Encyclopedia\articles\html\تاريخ وجغرافيا\032_مسلم بن مسلم الجرمي (جاهزة للنشر)\مسلم بن مسلم الجرمي (جاهزة للنشر)_anchored.docx
2025-08-06 14:09:42,810 - anchor_generator - INFO - Loaded 1 anchors from نعمان قساطلي (جاهزة للنشر).anchors.json
2025-08-06 14:09:42,909 - anchor_generator - INFO - Created anchored document: D:\Work 3 (20-Oct-24)\2 Side projects May 25\Encyclopedia\articles\html\تاريخ وجغرافيا\033_نعمان قساطلي (جاهزة للنشر)\نعمان قساطلي (جاهزة للنشر)_anchored.docx
2025-08-06 14:09:42,938 - anchor_generator - INFO - Loaded 1 anchors from هارون بن يحيى (جاهزة للنشر).anchors.json
2025-08-06 14:09:43,073 - anchor_generator - INFO - Created anchored document: D:\Work 3 (20-Oct-24)\2 Side projects May 25\Encyclopedia\articles\html\تاريخ وجغرافيا\034_هارون بن يحيى (جاهزة للنشر)\هارون بن يحيى (جاهزة للنشر)_anchored.docx
2025-08-06 14:09:43,103 - anchor_generator - INFO - Loaded 2 anchors from هنا كسباني (جاهزة للنشر).anchors.json
2025-08-06 14:09:43,225 - anchor_generator - INFO - Created anchored document: D:\Work 3 (20-Oct-24)\2 Side projects May 25\Encyclopedia\articles\html\تاريخ وجغرافيا\035_هنا كسباني (جاهزة للنشر)\هنا كسباني (جاهزة للنشر)_anchored.docx
2025-08-06 14:09:43,251 - anchor_generator - INFO - Loaded 1 anchors from ياسين الهاشمي (جاهزة للنشر).anchors.json
2025-08-06 14:09:43,371 - anchor_generator - INFO - Created anchored document: D:\Work 3 (20-Oct-24)\2 Side projects May 25\Encyclopedia\articles\html\تاريخ وجغرافيا\036_ياسين الهاشمي (جاهزة للنشر)\ياسين الهاشمي (جاهزة للنشر)_anchored.docx
2025-08-06 14:09:43,449 - anchor_generator - INFO - Loaded 10 anchors from الصيدلة (جاهزة للنشر).anchors.json
2025-08-06 14:09:43,582 - anchor_generator - INFO - Created anchored document: D:\Work 3 (20-Oct-24)\2 Side projects May 25\Encyclopedia\articles\html\طب وصيدلة\037_الصيدلة (جاهزة للنشر)\الصيدلة (جاهزة للنشر)_anchored.docx
2025-08-06 14:09:43,632 - anchor_generator - INFO - Loaded 3 anchors from المكملات الغذائية (جاهزة للنشر).anchors.json
2025-08-06 14:09:43,739 - anchor_generator - INFO - Created anchored document: D:\Work 3 (20-Oct-24)\2 Side projects May 25\Encyclopedia\articles\html\طب وصيدلة\038_المكملات الغذائية (جاهزة للنشر)\المكملات الغذائية (جاهزة للنشر)_anchored.docx
2025-08-06 14:09:43,767 - anchor_generator - INFO - Loaded 4 anchors from البروتينات - (جاهزة للنشر).anchors.json
2025-08-06 14:09:43,900 - anchor_generator - INFO - Created anchored document: D:\Work 3 (20-Oct-24)\2 Side projects May 25\Encyclopedia\articles\html\علوم الأحياء والكيمياء\039_البروتينات - (جاهزة للنشر)\البروتينات - (جاهزة للنشر)_anchored.docx
2025-08-06 14:09:43,927 - anchor_generator - INFO - Loaded 2 anchors from الدورة الشهرية (جاهزة للنشر).anchors.json
2025-08-06 14:09:44,030 - anchor_generator - INFO - Created anchored document: D:\Work 3 (20-Oct-24)\2 Side projects May 25\Encyclopedia\articles\html\علوم الأحياء والكيمياء\040_الدورة الشهرية (جاهزة للنشر)\الدورة الشهرية (جاهزة للنشر)_anchored.docx
2025-08-06 14:09:44,057 - anchor_generator - INFO - Loaded 8 anchors from الغشاء الخلوي-مترجم (جاهزة للنشر).anchors.json
2025-08-06 14:09:44,163 - anchor_generator - INFO - Created anchored document: D:\Work 3 (20-Oct-24)\2 Side projects May 25\Encyclopedia\articles\html\علوم الأحياء والكيمياء\041_الغشاء الخلوي-مترجم (جاهزة للنشر)\الغشاء الخلوي-مترجم (جاهزة للنشر)_anchored.docx
2025-08-06 14:09:44,191 - anchor_generator - INFO - Loaded 19 anchors from النواتج الطبيعية (جاهزة للنشر).anchors.json
2025-08-06 14:09:44,302 - anchor_generator - INFO - Created anchored document: D:\Work 3 (20-Oct-24)\2 Side projects May 25\Encyclopedia\articles\html\علوم الأحياء والكيمياء\042_النواتج الطبيعية (جاهزة للنشر)\النواتج الطبيعية (جاهزة للنشر)_anchored.docx
2025-08-06 14:09:44,327 - anchor_generator - INFO - Loaded 2 anchors from فيروس كورونا (جاهزة للنشر).anchors.json
2025-08-06 14:09:44,427 - anchor_generator - INFO - Created anchored document: D:\Work 3 (20-Oct-24)\2 Side projects May 25\Encyclopedia\articles\html\علوم الأحياء والكيمياء\043_فيروس كورونا (جاهزة للنشر)\فيروس كورونا (جاهزة للنشر)_anchored.docx
2025-08-06 14:09:44,456 - anchor_generator - INFO - Loaded 1 anchors from لينا ماري عبيد (جاهزة للنشر).anchors.json
2025-08-06 14:09:44,588 - anchor_generator - INFO - Created anchored document: D:\Work 3 (20-Oct-24)\2 Side projects May 25\Encyclopedia\articles\html\علوم الأحياء والكيمياء\044_لينا ماري عبيد (جاهزة للنشر)\لينا ماري عبيد (جاهزة للنشر)_anchored.docx
2025-08-06 14:09:44,615 - anchor_generator - INFO - Loaded 1 anchors from يوسف عوني حنّون (جاهزة للنشر).anchors.json
2025-08-06 14:09:44,724 - anchor_generator - INFO - Created anchored document: D:\Work 3 (20-Oct-24)\2 Side projects May 25\Encyclopedia\articles\html\علوم الأحياء والكيمياء\045_يوسف عوني حنّون (جاهزة للنشر)\يوسف عوني حنّون (جاهزة للنشر)_anchored.docx
2025-08-06 14:09:44,725 - logger - INFO - Created 40 anchored Word documents
2025-08-06 14:09:44,725 - logger - INFO - ============================================================
2025-08-06 14:09:44,727 - logger - INFO - Conversion completed successfully!
2025-08-06 14:09:44,728 - logger - INFO - Total equations processed: 0
2025-08-06 14:09:44,728 - logger - INFO - Total images processed: 197
2025-08-06 14:09:44,730 - logger - INFO - Total footnotes processed: 0
2025-08-06 14:09:44,731 - logger - INFO - ============================================================
