2025-08-06 16:14:55,958 - logger - INFO - ============================================================
2025-08-06 16:14:55,959 - logger - INFO - Document Processing Started
2025-08-06 16:14:55,960 - logger - INFO - Input folder: D:\Work 3 (20-Oct-24)\2 Side projects May 25\Encyclopedia\articles\مقالات بعد الاخراج\test
2025-08-06 16:14:55,960 - logger - INFO - Output folder: D:\Work 3 (20-Oct-24)\2 Side projects May 25\Encyclopedia\articles\html
2025-08-06 16:14:55,960 - logger - INFO - External CSS: True
2025-08-06 16:14:55,961 - logger - INFO - ============================================================
2025-08-06 16:14:56,314 - office_math_to_latex_converter - INFO - Converting Office Math to LaTeX in: الدائرة (جاهزة للنشر).docx
2025-08-06 16:14:56,599 - office_math_to_latex_converter - INFO - Saved LaTeX version to: C:\Users\eyousef\AppData\Local\Temp\tmpmgnnnql9.docx
2025-08-06 16:14:56,599 - office_math_to_latex_converter - INFO - Converted 30 Office Math equations to LaTeX
2025-08-06 16:14:56,600 - word_anchor_adder - INFO - Adding anchors to: tmpmgnnnql9.docx
2025-08-06 16:14:56,783 - word_anchor_adder - INFO - Found 23 Office Math paragraphs
2025-08-06 16:14:56,974 - word_anchor_adder - INFO - Saved: D:\Work 3 (20-Oct-24)\2 Side projects May 25\Encyclopedia\articles\html\001_الدائرة (جاهزة للنشر)\الدائرة (جاهزة للنشر)_anchored.docx
2025-08-06 16:14:56,976 - word_anchor_adder - INFO - Total anchors: 43 (Office Math + LaTeX + Images)
2025-08-06 16:14:57,986 - mammoth_converter - INFO -   Detected equation type: office_math
2025-08-06 16:14:57,996 - mammoth_converter - INFO - Converting with equation markers (fixed)...
2025-08-06 16:14:59,373 - mammoth_converter - WARNING - الدائرة (جاهزة للنشر)_anchored.docx: Message(type='warning', message='An unrecognised element was ignored: {http://schemas.openxmlformats.org/officeDocument/2006/math}oMathPara')
2025-08-06 16:14:59,374 - mammoth_converter - WARNING - الدائرة (جاهزة للنشر)_anchored.docx: Message(type='warning', message='Unrecognised run style: rynqvb (Style ID: rynqvb)')
2025-08-06 16:14:59,375 - mammoth_converter - WARNING - الدائرة (جاهزة للنشر)_anchored.docx: Message(type='warning', message='Unrecognised paragraph style: List Paragraph (Style ID: ListParagraph)')
2025-08-06 16:14:59,376 - mammoth_converter - WARNING - الدائرة (جاهزة للنشر)_anchored.docx: Message(type='warning', message='Unrecognised paragraph style: q-text (Style ID: q-text)')
2025-08-06 16:14:59,377 - mammoth_converter - INFO -   Processed 28 Office Math equations with anchors
2025-08-06 16:14:59,387 - office_math_to_latex_converter - INFO - Converting Office Math to LaTeX in: الدالة واحد لواحد (جاهزة للنشر).docx
2025-08-06 16:14:59,477 - office_math_to_latex_converter - INFO - Saved LaTeX version to: C:\Users\eyousef\AppData\Local\Temp\tmper1r1m2x.docx
2025-08-06 16:14:59,478 - office_math_to_latex_converter - INFO - Converted 1 Office Math equations to LaTeX
2025-08-06 16:14:59,479 - word_anchor_adder - INFO - Adding anchors to: tmper1r1m2x.docx
2025-08-06 16:14:59,555 - word_anchor_adder - INFO - Saved: D:\Work 3 (20-Oct-24)\2 Side projects May 25\Encyclopedia\articles\html\002_الدالة واحد لواحد (جاهزة للنشر)\الدالة واحد لواحد (جاهزة للنشر)_anchored.docx
2025-08-06 16:14:59,555 - word_anchor_adder - INFO - Total anchors: 2 (Office Math + LaTeX + Images)
2025-08-06 16:14:59,701 - mammoth_converter - INFO -   Detected equation type: latex
2025-08-06 16:14:59,837 - office_math_to_latex_converter - INFO - Converting Office Math to LaTeX in: الكيمياء الحيوية (بانتظار الترجمة).docx
2025-08-06 16:15:00,029 - office_math_to_latex_converter - INFO - No Office Math equations found
2025-08-06 16:15:00,049 - word_anchor_adder - INFO - Adding anchors to: tmpf2iy81b1.docx
2025-08-06 16:15:00,923 - word_anchor_adder - INFO - Saved: D:\Work 3 (20-Oct-24)\2 Side projects May 25\Encyclopedia\articles\html\003_الكيمياء الحيوية (بانتظار الترجمة)\الكيمياء الحيوية (بانتظار الترجمة)_anchored.docx
2025-08-06 16:15:00,924 - word_anchor_adder - INFO - Total anchors: 19 (Office Math + LaTeX + Images)
2025-08-06 16:15:03,473 - mammoth_converter - INFO -   Detected equation type: none
2025-08-06 16:15:06,538 - logger - INFO - Processing completed successfully!
