2025-07-31 16:35:04,784 - logger - INFO - ============================================================
2025-07-31 16:35:04,784 - logger - INFO - Mammoth Word to HTML Converter
2025-07-31 16:35:04,785 - logger - INFO - ============================================================
2025-07-31 16:35:04,790 - mammoth_converter - INFO - Found 45 documents
2025-07-31 16:35:04,790 - mammoth_converter - INFO - Converting [1]: الكيمياء الحيوية (بانتظار الترجمة).docx
2025-07-31 16:35:06,463 - mammoth_converter - INFO -   Detected equation type: none
2025-07-31 16:35:08,214 - mammoth_converter - WARNING - الكيمياء الحيوية (بانتظار الترجمة).docx: Message(type='warning', message='Unrecognised paragraph style: List Paragraph (Style ID: ListParagraph)')
2025-07-31 16:35:08,214 - mammoth_converter - WARNING - الكيمياء الحيوية (بانتظار الترجمة).docx: Message(type='warning', message='Unrecognised run style: anchor-text (Style ID: anchor-text)')
2025-07-31 16:35:08,223 - mammoth_converter - INFO - Saved: D:\Work 3 (20-Oct-24)\2 Side projects May 25\Encyclopedia\articles\html\001_الكيمياء الحيوية (بانتظار الترجمة)\الكيمياء الحيوية (بانتظار الترجمة).html
2025-07-31 16:35:08,223 - mammoth_converter - INFO - Converting [2]: الكيمياء الحيوية (بانتظار الترجمة).docx
2025-07-31 16:35:09,624 - mammoth_converter - INFO -   Detected equation type: none
2025-07-31 16:35:11,446 - mammoth_converter - ERROR - Error converting D:\Work 3 (20-Oct-24)\2 Side projects May 25\Encyclopedia\articles\مقالات بعد الاخراج\test\الكيمياء الحيوية (بانتظار الترجمة).docx: [Errno 2] No such file or directory: 'D:\\Work 3 (20-Oct-24)\\2 Side projects May 25\\Encyclopedia\\articles\\html\\test\\002_الكيمياء الحيوية (بانتظار الترجمة)\\images\\image_1.jpg'
Traceback (most recent call last):
  File "d:\Development\HTML Conversion\mammoth_converter.py", line 96, in _convert_document
    result = mammoth.convert_to_html(
  File "d:\Anaconda3\lib\site-packages\mammoth\__init__.py", line 12, in convert_to_html
    return convert(*args, output_format="html", **kwargs)
  File "d:\Anaconda3\lib\site-packages\mammoth\__init__.py", line 26, in convert
    return options.read_options(kwargs).bind(lambda convert_options:
  File "d:\Anaconda3\lib\site-packages\mammoth\results.py", line 15, in bind
    result = func(self.value)
  File "d:\Anaconda3\lib\site-packages\mammoth\__init__.py", line 27, in <lambda>
    docx.read(fileobj).map(transform_document).bind(lambda document:
  File "d:\Anaconda3\lib\site-packages\mammoth\results.py", line 15, in bind
    result = func(self.value)
  File "d:\Anaconda3\lib\site-packages\mammoth\__init__.py", line 28, in <lambda>
    conversion.convert_document_element_to_html(
  File "d:\Anaconda3\lib\site-packages\mammoth\conversion.py", line 49, in convert_document_element_to_html
    nodes = converter.visit(element, context)
  File "<string>", line 5, in visit
  File "<string>", line 1, in _accept1
  File "d:\Anaconda3\lib\site-packages\mammoth\conversion.py", line 83, in visit_document
    nodes = self._visit_all(document.children, context)
  File "d:\Anaconda3\lib\site-packages\mammoth\conversion.py", line 320, in _visit_all
    return [
  File "d:\Anaconda3\lib\site-packages\mammoth\conversion.py", line 323, in <listcomp>
    for html_node in self.visit(element, context)
  File "<string>", line 5, in visit
  File "<string>", line 1, in _accept1
  File "d:\Anaconda3\lib\site-packages\mammoth\conversion.py", line 106, in visit_paragraph
    return html_path.wrap(children)
  File "d:\Anaconda3\lib\site-packages\mammoth\html_paths.py", line 33, in wrap
    nodes = generate_nodes()
  File "d:\Anaconda3\lib\site-packages\mammoth\conversion.py", line 99, in children
    content = self._visit_all(paragraph.children, context)
  File "d:\Anaconda3\lib\site-packages\mammoth\conversion.py", line 320, in _visit_all
    return [
  File "d:\Anaconda3\lib\site-packages\mammoth\conversion.py", line 323, in <listcomp>
    for html_node in self.visit(element, context)
  File "<string>", line 5, in visit
  File "<string>", line 1, in _accept1
  File "d:\Anaconda3\lib\site-packages\mammoth\conversion.py", line 137, in visit_run
    return nodes()
  File "d:\Anaconda3\lib\site-packages\mammoth\html_paths.py", line 33, in wrap
    nodes = generate_nodes()
  File "d:\Anaconda3\lib\site-packages\mammoth\conversion.py", line 110, in <lambda>
    nodes = lambda: self._visit_all(run.children, context)
  File "d:\Anaconda3\lib\site-packages\mammoth\conversion.py", line 320, in _visit_all
    return [
  File "d:\Anaconda3\lib\site-packages\mammoth\conversion.py", line 323, in <listcomp>
    for html_node in self.visit(element, context)
  File "<string>", line 5, in visit
  File "<string>", line 1, in _accept1
  File "d:\Anaconda3\lib\site-packages\mammoth\conversion.py", line 77, in visit_image
    return self._convert_image(image)
  File "d:\Anaconda3\lib\site-packages\mammoth\images.py", line 11, in convert_image
    attributes.update(func(image))
  File "d:\Development\HTML Conversion\mammoth_converter.py", line 494, in _image_handler
    with open(image_path, "wb") as f:
FileNotFoundError: [Errno 2] No such file or directory: 'D:\\Work 3 (20-Oct-24)\\2 Side projects May 25\\Encyclopedia\\articles\\html\\test\\002_الكيمياء الحيوية (بانتظار الترجمة)\\images\\image_1.jpg'
2025-07-31 16:35:11,560 - mammoth_converter - INFO - Converting [3]: التناص (جاهزة للنشر).docx
2025-07-31 16:35:12,706 - mammoth_converter - INFO -   Detected equation type: none
2025-07-31 16:35:14,371 - mammoth_converter - WARNING - التناص (جاهزة للنشر).docx: Message(type='warning', message='Unrecognised paragraph style: List Paragraph (Style ID: ListParagraph)')
2025-07-31 16:35:14,373 - mammoth_converter - INFO - Saved: D:\Work 3 (20-Oct-24)\2 Side projects May 25\Encyclopedia\articles\html\الآداب واللغات\003_التناص (جاهزة للنشر)\التناص (جاهزة للنشر).html
2025-07-31 16:35:14,374 - mammoth_converter - INFO - Converting [4]: المعاجم العربية التراثية (جاهزة للنشر).docx
2025-07-31 16:35:18,340 - mammoth_converter - INFO -   Detected equation type: none
2025-07-31 16:35:21,467 - mammoth_converter - WARNING - المعاجم العربية التراثية (جاهزة للنشر).docx: Message(type='warning', message='Unrecognised paragraph style: List Paragraph (Style ID: ListParagraph)')
2025-07-31 16:35:21,473 - mammoth_converter - INFO - Saved: D:\Work 3 (20-Oct-24)\2 Side projects May 25\Encyclopedia\articles\html\الآداب واللغات\004_المعاجم العربية التراثية (جاهزة للنشر)\المعاجم العربية التراثية (جاهزة للنشر).html
2025-07-31 16:35:21,473 - mammoth_converter - INFO - Converting [5]: أمين الخولي (جاهزة للنشر) .docx
2025-07-31 16:35:24,670 - mammoth_converter - INFO -   Detected equation type: none
2025-07-31 16:35:27,673 - mammoth_converter - INFO - Saved: D:\Work 3 (20-Oct-24)\2 Side projects May 25\Encyclopedia\articles\html\الآداب واللغات\005_أمين الخولي (جاهزة للنشر)\أمين الخولي (جاهزة للنشر).html
2025-07-31 16:35:27,674 - mammoth_converter - INFO - Converting [6]: إلياس زيات (جاهزة للنشر).docx
2025-07-31 16:35:27,969 - mammoth_converter - INFO -   Detected equation type: none
2025-07-31 16:35:28,290 - mammoth_converter - INFO - Saved: D:\Work 3 (20-Oct-24)\2 Side projects May 25\Encyclopedia\articles\html\الآداب واللغات\006_إلياس زيات (جاهزة للنشر)\إلياس زيات (جاهزة للنشر).html
2025-07-31 16:35:28,290 - mammoth_converter - INFO - Converting [7]: حسن العطار (جاهزة للنشر).docx
2025-07-31 16:35:28,847 - mammoth_converter - INFO -   Detected equation type: none
2025-07-31 16:35:29,513 - mammoth_converter - INFO - Saved: D:\Work 3 (20-Oct-24)\2 Side projects May 25\Encyclopedia\articles\html\الآداب واللغات\007_حسن العطار (جاهزة للنشر)\حسن العطار (جاهزة للنشر).html
2025-07-31 16:35:29,517 - mammoth_converter - INFO - Converting [8]: حسن فتحي (جاهزة للنشر).docx
2025-07-31 16:35:30,016 - mammoth_converter - INFO -   Detected equation type: none
2025-07-31 16:35:30,551 - mammoth_converter - WARNING - حسن فتحي (جاهزة للنشر).docx: Message(type='warning', message='Unrecognised run style: wixui-rich-text__text (Style ID: wixui-rich-texttext)')
2025-07-31 16:35:30,553 - mammoth_converter - INFO - Saved: D:\Work 3 (20-Oct-24)\2 Side projects May 25\Encyclopedia\articles\html\الآداب واللغات\008_حسن فتحي (جاهزة للنشر)\حسن فتحي (جاهزة للنشر).html
2025-07-31 16:35:30,553 - mammoth_converter - INFO - Converting [9]: سليم النقاش (جاهزة للنشر)  .docx
2025-07-31 16:35:30,985 - mammoth_converter - INFO -   Detected equation type: none
2025-07-31 16:35:31,506 - mammoth_converter - INFO - Saved: D:\Work 3 (20-Oct-24)\2 Side projects May 25\Encyclopedia\articles\html\الآداب واللغات\009_سليم النقاش (جاهزة للنشر)\سليم النقاش (جاهزة للنشر).html
2025-07-31 16:35:31,506 - mammoth_converter - INFO - Converting [10]: غالب هلسا (جاهزة للنشر).docx
2025-07-31 16:35:32,199 - mammoth_converter - INFO -   Detected equation type: none
2025-07-31 16:35:33,052 - mammoth_converter - WARNING - غالب هلسا (جاهزة للنشر).docx: Message(type='warning', message='Unrecognised paragraph style: No Spacing (Style ID: NoSpacing)')
2025-07-31 16:35:33,055 - mammoth_converter - WARNING - غالب هلسا (جاهزة للنشر).docx: Message(type='warning', message='Unrecognised paragraph style: List Paragraph (Style ID: ListParagraph)')
2025-07-31 16:35:33,056 - mammoth_converter - INFO - Saved: D:\Work 3 (20-Oct-24)\2 Side projects May 25\Encyclopedia\articles\html\الآداب واللغات\010_غالب هلسا (جاهزة للنشر)\غالب هلسا (جاهزة للنشر).html
2025-07-31 16:35:33,057 - mammoth_converter - INFO - Converting [11]: كتاب العين (جاهزة للنشر).docx
2025-07-31 16:35:33,760 - mammoth_converter - INFO -   Detected equation type: none
2025-07-31 16:35:35,298 - mammoth_converter - WARNING - كتاب العين (جاهزة للنشر).docx: Message(type='warning', message='Unrecognised paragraph style: List Paragraph (Style ID: ListParagraph)')
2025-07-31 16:35:35,323 - mammoth_converter - INFO - Saved: D:\Work 3 (20-Oct-24)\2 Side projects May 25\Encyclopedia\articles\html\الآداب واللغات\011_كتاب العين (جاهزة للنشر)\كتاب العين (جاهزة للنشر).html
2025-07-31 16:35:35,326 - mammoth_converter - INFO - Converting [12]: ابن ماجه (جاهز للنشر).docx
2025-07-31 16:35:36,578 - mammoth_converter - INFO -   Detected equation type: none
2025-07-31 16:35:37,402 - mammoth_converter - WARNING - ابن ماجه (جاهز للنشر).docx: Message(type='warning', message='Unrecognised run style: familyname (Style ID: familyname)')
2025-07-31 16:35:37,405 - mammoth_converter - INFO - Saved: D:\Work 3 (20-Oct-24)\2 Side projects May 25\Encyclopedia\articles\html\الاسلام وعلومه\012_ابن ماجه (جاهز للنشر)\ابن ماجه (جاهز للنشر).html
2025-07-31 16:35:37,405 - mammoth_converter - INFO - Converting [13]: الطبيعيات في علم الكلام (جاهزة للنشر).docx
2025-07-31 16:35:39,421 - mammoth_converter - INFO -   Detected equation type: none
2025-07-31 16:35:40,885 - mammoth_converter - WARNING - الطبيعيات في علم الكلام (جاهزة للنشر).docx: Message(type='warning', message='Unrecognised paragraph style: List Paragraph (Style ID: ListParagraph)')
2025-07-31 16:35:40,900 - mammoth_converter - INFO - Saved: D:\Work 3 (20-Oct-24)\2 Side projects May 25\Encyclopedia\articles\html\الاسلام وعلومه\013_الطبيعيات في علم الكلام (جاهزة للنشر)\الطبيعيات في علم الكلام (جاهزة للنشر).html
2025-07-31 16:35:40,901 - mammoth_converter - INFO - Converting [14]: أبو يعلى الفراء (جاهزة للنشر).docx
2025-07-31 16:35:41,970 - mammoth_converter - INFO -   Detected equation type: none
2025-07-31 16:35:43,030 - mammoth_converter - WARNING - أبو يعلى الفراء (جاهزة للنشر).docx: Message(type='warning', message='Unrecognised paragraph style: List Paragraph (Style ID: ListParagraph)')
2025-07-31 16:35:43,030 - mammoth_converter - INFO - Saved: D:\Work 3 (20-Oct-24)\2 Side projects May 25\Encyclopedia\articles\html\الاسلام وعلومه\014_أبو يعلى الفراء (جاهزة للنشر)\أبو يعلى الفراء (جاهزة للنشر).html
2025-07-31 16:35:43,037 - mammoth_converter - INFO - Converting [15]: حسين الجسر (جاهزة للنشر).docx
2025-07-31 16:35:43,513 - mammoth_converter - INFO -   Detected equation type: none
2025-07-31 16:35:43,910 - mammoth_converter - INFO - Saved: D:\Work 3 (20-Oct-24)\2 Side projects May 25\Encyclopedia\articles\html\الاسلام وعلومه\015_حسين الجسر (جاهزة للنشر)\حسين الجسر (جاهزة للنشر).html
2025-07-31 16:35:43,910 - mammoth_converter - INFO - Converting [16]: مسعر بن كدام (جاهزة للنشر).docx
2025-07-31 16:35:45,053 - mammoth_converter - INFO -   Detected equation type: none
2025-07-31 16:35:46,150 - mammoth_converter - WARNING - مسعر بن كدام (جاهزة للنشر).docx: Message(type='warning', message='Unrecognised paragraph style: List Paragraph (Style ID: ListParagraph)')
2025-07-31 16:35:46,150 - mammoth_converter - WARNING - مسعر بن كدام (جاهزة للنشر).docx: Message(type='warning', message='Unrecognised run style: Footnote Text Char (Style ID: FootnoteTextChar)')
2025-07-31 16:35:46,153 - mammoth_converter - INFO - Saved: D:\Work 3 (20-Oct-24)\2 Side projects May 25\Encyclopedia\articles\html\الاسلام وعلومه\016_مسعر بن كدام (جاهزة للنشر)\مسعر بن كدام (جاهزة للنشر).html
2025-07-31 16:35:46,153 - mammoth_converter - INFO - Converting [17]: السلع العامة (جاهزة للنشر).docx
2025-07-31 16:35:47,578 - mammoth_converter - INFO -   Detected equation type: none
2025-07-31 16:35:49,389 - mammoth_converter - WARNING - السلع العامة (جاهزة للنشر).docx: Message(type='warning', message='Unrecognised paragraph style: Style1 (Style ID: Style1)')
2025-07-31 16:35:49,405 - mammoth_converter - INFO - Saved: D:\Work 3 (20-Oct-24)\2 Side projects May 25\Encyclopedia\articles\html\الاقتصاد والمال\017_السلع العامة (جاهزة للنشر)\السلع العامة (جاهزة للنشر).html
2025-07-31 16:35:49,406 - mammoth_converter - INFO - Converting [18]: التشابه (جاهزة للنشر) .docx
2025-07-31 16:35:50,844 - mammoth_converter - INFO -   Detected equation type: office_math
2025-07-31 16:35:50,954 - mammoth_converter - ERROR - Error in equation marker conversion: xpath() got an unexpected keyword argument 'namespaces'
2025-07-31 16:35:52,544 - mammoth_converter - INFO - Saved: D:\Work 3 (20-Oct-24)\2 Side projects May 25\Encyclopedia\articles\html\الرياضيات والفيزياء\018_التشابه (جاهزة للنشر)\التشابه (جاهزة للنشر).html
2025-07-31 16:35:52,546 - mammoth_converter - INFO - Converting [19]: الدائرة (جاهزة للنشر).docx
2025-07-31 16:35:54,246 - mammoth_converter - INFO -   Detected equation type: office_math
2025-07-31 16:35:54,334 - mammoth_converter - ERROR - Error in equation marker conversion: xpath() got an unexpected keyword argument 'namespaces'
2025-07-31 16:35:56,067 - mammoth_converter - INFO - Saved: D:\Work 3 (20-Oct-24)\2 Side projects May 25\Encyclopedia\articles\html\الرياضيات والفيزياء\019_الدائرة (جاهزة للنشر)\الدائرة (جاهزة للنشر).html
2025-07-31 16:35:56,068 - mammoth_converter - INFO - Converting [20]: الدالة واحد لواحد (جاهزة للنشر).docx
2025-07-31 16:35:56,669 - mammoth_converter - INFO -   Detected equation type: office_math
2025-07-31 16:35:56,737 - mammoth_converter - ERROR - Error in equation marker conversion: xpath() got an unexpected keyword argument 'namespaces'
2025-07-31 16:35:57,286 - mammoth_converter - INFO - Saved: D:\Work 3 (20-Oct-24)\2 Side projects May 25\Encyclopedia\articles\html\الرياضيات والفيزياء\020_الدالة واحد لواحد (جاهزة للنشر)\الدالة واحد لواحد (جاهزة للنشر).html
2025-07-31 16:35:57,287 - mammoth_converter - INFO - Converting [21]: العدد الأولي (جاهزة للنشر).docx
2025-07-31 16:35:58,788 - mammoth_converter - INFO -   Detected equation type: office_math
2025-07-31 16:35:58,880 - mammoth_converter - ERROR - Error in equation marker conversion: xpath() got an unexpected keyword argument 'namespaces'
2025-07-31 16:36:00,674 - mammoth_converter - INFO - Saved: D:\Work 3 (20-Oct-24)\2 Side projects May 25\Encyclopedia\articles\html\الرياضيات والفيزياء\021_العدد الأولي (جاهزة للنشر)\العدد الأولي (جاهزة للنشر).html
2025-07-31 16:36:00,682 - mammoth_converter - INFO - Converting [22]: الفضاء المتري (جاهزة للنشر).docx
2025-07-31 16:36:01,894 - mammoth_converter - INFO -   Detected equation type: office_math
2025-07-31 16:36:01,971 - mammoth_converter - ERROR - Error in equation marker conversion: xpath() got an unexpected keyword argument 'namespaces'
2025-07-31 16:36:03,421 - mammoth_converter - INFO - Saved: D:\Work 3 (20-Oct-24)\2 Side projects May 25\Encyclopedia\articles\html\الرياضيات والفيزياء\022_الفضاء المتري (جاهزة للنشر)\الفضاء المتري (جاهزة للنشر).html
2025-07-31 16:36:03,421 - mammoth_converter - INFO - Converting [23]: إستر أزهري (جاهزة للنشر).docx
2025-07-31 16:36:04,043 - mammoth_converter - INFO -   Detected equation type: none
2025-07-31 16:36:04,705 - mammoth_converter - INFO - Saved: D:\Work 3 (20-Oct-24)\2 Side projects May 25\Encyclopedia\articles\html\تاريخ وجغرافيا\023_إستر أزهري (جاهزة للنشر)\إستر أزهري (جاهزة للنشر).html
2025-07-31 16:36:04,710 - mammoth_converter - INFO - Converting [24]: بولينا حسون (جاهزة للنشر).docx
2025-07-31 16:36:05,198 - mammoth_converter - INFO -   Detected equation type: none
2025-07-31 16:36:05,818 - mammoth_converter - INFO - Saved: D:\Work 3 (20-Oct-24)\2 Side projects May 25\Encyclopedia\articles\html\تاريخ وجغرافيا\024_بولينا حسون (جاهزة للنشر)\بولينا حسون (جاهزة للنشر).html
2025-07-31 16:36:05,819 - mammoth_converter - INFO - Converting [25]: جمعية العهد (جاهزة للنشر).docx
2025-07-31 16:36:07,623 - mammoth_converter - INFO -   Detected equation type: none
2025-07-31 16:36:09,528 - mammoth_converter - WARNING - جمعية العهد (جاهزة للنشر).docx: Message(type='warning', message='Unrecognised paragraph style: List Paragraph (Style ID: ListParagraph)')
2025-07-31 16:36:09,529 - mammoth_converter - WARNING - جمعية العهد (جاهزة للنشر).docx: Message(type='warning', message='Unrecognised paragraph style: هامش عربي (المتن الداخلي) (Style ID: a)')
2025-07-31 16:36:09,529 - mammoth_converter - WARNING - جمعية العهد (جاهزة للنشر).docx: Message(type='warning', message='Unrecognised run style: عربي (Style ID: a0)')
2025-07-31 16:36:09,531 - mammoth_converter - INFO - Saved: D:\Work 3 (20-Oct-24)\2 Side projects May 25\Encyclopedia\articles\html\تاريخ وجغرافيا\025_جمعية العهد (جاهزة للنشر)\جمعية العهد (جاهزة للنشر).html
2025-07-31 16:36:09,531 - mammoth_converter - INFO - Converting [26]: زينب فواز (جاهزة للنشر).docx
2025-07-31 16:36:10,026 - mammoth_converter - INFO -   Detected equation type: none
2025-07-31 16:36:10,473 - mammoth_converter - WARNING - زينب فواز (جاهزة للنشر).docx: Message(type='warning', message='Unrecognised paragraph style: List Paragraph (Style ID: ListParagraph)')
2025-07-31 16:36:10,474 - mammoth_converter - INFO - Saved: D:\Work 3 (20-Oct-24)\2 Side projects May 25\Encyclopedia\articles\html\تاريخ وجغرافيا\026_زينب فواز (جاهزة للنشر)\زينب فواز (جاهزة للنشر).html
2025-07-31 16:36:10,474 - mammoth_converter - INFO - Converting [27]: ساطع الحصري (جاهزة للنشر).docx
2025-07-31 16:36:14,370 - mammoth_converter - INFO -   Detected equation type: none
2025-07-31 16:36:17,403 - mammoth_converter - WARNING - ساطع الحصري (جاهزة للنشر).docx: Message(type='warning', message='Unrecognised paragraph style: List Paragraph (Style ID: ListParagraph)')
2025-07-31 16:36:17,415 - mammoth_converter - INFO - Saved: D:\Work 3 (20-Oct-24)\2 Side projects May 25\Encyclopedia\articles\html\تاريخ وجغرافيا\027_ساطع الحصري (جاهزة للنشر)\ساطع الحصري (جاهزة للنشر).html
2025-07-31 16:36:17,415 - mammoth_converter - INFO - Converting [28]: سوق عكاظ (جاهزة للنشر).docx
2025-07-31 16:36:19,230 - mammoth_converter - INFO -   Detected equation type: none
2025-07-31 16:36:20,933 - mammoth_converter - INFO - Saved: D:\Work 3 (20-Oct-24)\2 Side projects May 25\Encyclopedia\articles\html\تاريخ وجغرافيا\028_سوق عكاظ (جاهزة للنشر)\سوق عكاظ (جاهزة للنشر).html
2025-07-31 16:36:20,934 - mammoth_converter - INFO - Converting [29]: صفقة الأسلحة التشيكية (جاهزة للنشر).docx
2025-07-31 16:36:21,323 - mammoth_converter - INFO -   Detected equation type: none
2025-07-31 16:36:21,832 - mammoth_converter - INFO - Saved: D:\Work 3 (20-Oct-24)\2 Side projects May 25\Encyclopedia\articles\html\تاريخ وجغرافيا\029_صفقة الأسلحة التشيكية (جاهزة للنشر)\صفقة الأسلحة التشيكية (جاهزة للنشر).html
2025-07-31 16:36:21,847 - mammoth_converter - INFO - Converting [30]: مجلي نصراوين (جاهزة للنشر).docx
2025-07-31 16:36:22,481 - mammoth_converter - INFO -   Detected equation type: none
2025-07-31 16:36:23,253 - mammoth_converter - INFO - Saved: D:\Work 3 (20-Oct-24)\2 Side projects May 25\Encyclopedia\articles\html\تاريخ وجغرافيا\030_مجلي نصراوين (جاهزة للنشر)\مجلي نصراوين (جاهزة للنشر).html
2025-07-31 16:36:23,254 - mammoth_converter - INFO - Converting [31]: مريانا مراش (جاهزة للنشر).docx
2025-07-31 16:36:23,755 - mammoth_converter - INFO -   Detected equation type: none
2025-07-31 16:36:24,393 - mammoth_converter - INFO - Saved: D:\Work 3 (20-Oct-24)\2 Side projects May 25\Encyclopedia\articles\html\تاريخ وجغرافيا\031_مريانا مراش (جاهزة للنشر)\مريانا مراش (جاهزة للنشر).html
2025-07-31 16:36:24,395 - mammoth_converter - INFO - Converting [32]: مسلم بن مسلم الجرمي (جاهزة للنشر).docx
2025-07-31 16:36:24,867 - mammoth_converter - INFO -   Detected equation type: none
2025-07-31 16:36:25,371 - mammoth_converter - INFO - Saved: D:\Work 3 (20-Oct-24)\2 Side projects May 25\Encyclopedia\articles\html\تاريخ وجغرافيا\032_مسلم بن مسلم الجرمي (جاهزة للنشر)\مسلم بن مسلم الجرمي (جاهزة للنشر).html
2025-07-31 16:36:25,372 - mammoth_converter - INFO - Converting [33]: نعمان قساطلي (جاهزة للنشر).docx
2025-07-31 16:36:25,927 - mammoth_converter - INFO -   Detected equation type: none
2025-07-31 16:36:26,410 - mammoth_converter - INFO - Saved: D:\Work 3 (20-Oct-24)\2 Side projects May 25\Encyclopedia\articles\html\تاريخ وجغرافيا\033_نعمان قساطلي (جاهزة للنشر)\نعمان قساطلي (جاهزة للنشر).html
2025-07-31 16:36:26,410 - mammoth_converter - INFO - Converting [34]: هارون بن يحيى (جاهزة للنشر).docx
2025-07-31 16:36:26,926 - mammoth_converter - INFO -   Detected equation type: none
2025-07-31 16:36:27,450 - mammoth_converter - INFO - Saved: D:\Work 3 (20-Oct-24)\2 Side projects May 25\Encyclopedia\articles\html\تاريخ وجغرافيا\034_هارون بن يحيى (جاهزة للنشر)\هارون بن يحيى (جاهزة للنشر).html
2025-07-31 16:36:27,451 - mammoth_converter - INFO - Converting [35]: هنا كسباني (جاهزة للنشر).docx
2025-07-31 16:36:27,887 - mammoth_converter - INFO -   Detected equation type: none
2025-07-31 16:36:28,385 - mammoth_converter - INFO - Saved: D:\Work 3 (20-Oct-24)\2 Side projects May 25\Encyclopedia\articles\html\تاريخ وجغرافيا\035_هنا كسباني (جاهزة للنشر)\هنا كسباني (جاهزة للنشر).html
2025-07-31 16:36:28,385 - mammoth_converter - INFO - Converting [36]: ياسين الهاشمي (جاهزة للنشر).docx
2025-07-31 16:36:30,398 - mammoth_converter - INFO -   Detected equation type: none
2025-07-31 16:36:32,816 - mammoth_converter - WARNING - ياسين الهاشمي (جاهزة للنشر).docx: Message(type='warning', message='Unrecognised paragraph style: List Paragraph (Style ID: ListParagraph)')
2025-07-31 16:36:32,816 - mammoth_converter - WARNING - ياسين الهاشمي (جاهزة للنشر).docx: Message(type='warning', message='Unrecognised run style: fn (Style ID: fn)')
2025-07-31 16:36:32,816 - mammoth_converter - WARNING - ياسين الهاشمي (جاهزة للنشر).docx: Message(type='warning', message='Unrecognised run style: Subtitle1 (Style ID: Subtitle1)')
2025-07-31 16:36:32,820 - mammoth_converter - INFO - Saved: D:\Work 3 (20-Oct-24)\2 Side projects May 25\Encyclopedia\articles\html\تاريخ وجغرافيا\036_ياسين الهاشمي (جاهزة للنشر)\ياسين الهاشمي (جاهزة للنشر).html
2025-07-31 16:36:32,820 - mammoth_converter - INFO - Converting [37]: الصيدلة (جاهزة للنشر).docx
2025-07-31 16:36:34,135 - mammoth_converter - INFO -   Detected equation type: none
2025-07-31 16:36:35,002 - mammoth_converter - WARNING - الصيدلة (جاهزة للنشر).docx: Message(type='warning', message='Unrecognised paragraph style: List Paragraph (Style ID: ListParagraph)')
2025-07-31 16:36:35,002 - mammoth_converter - WARNING - الصيدلة (جاهزة للنشر).docx: Message(type='warning', message='Unrecognised paragraph style: Normal (Web) (Style ID: NormalWeb)')
2025-07-31 16:36:35,004 - mammoth_converter - INFO - Saved: D:\Work 3 (20-Oct-24)\2 Side projects May 25\Encyclopedia\articles\html\طب وصيدلة\037_الصيدلة (جاهزة للنشر)\الصيدلة (جاهزة للنشر).html
2025-07-31 16:36:35,004 - mammoth_converter - INFO - Converting [38]: المكملات الغذائية (جاهزة للنشر).docx
2025-07-31 16:36:36,140 - mammoth_converter - INFO -   Detected equation type: none
2025-07-31 16:36:37,135 - mammoth_converter - INFO - Saved: D:\Work 3 (20-Oct-24)\2 Side projects May 25\Encyclopedia\articles\html\طب وصيدلة\038_المكملات الغذائية (جاهزة للنشر)\المكملات الغذائية (جاهزة للنشر).html
2025-07-31 16:36:37,141 - mammoth_converter - INFO - Converting [39]: البروتينات - (جاهزة للنشر).docx
2025-07-31 16:36:37,634 - mammoth_converter - INFO -   Detected equation type: none
2025-07-31 16:36:38,076 - mammoth_converter - WARNING - البروتينات - (جاهزة للنشر).docx: Message(type='warning', message='Unrecognised paragraph style: EndNote Bibliography (Style ID: EndNoteBibliography)')
2025-07-31 16:36:38,078 - mammoth_converter - INFO - Saved: D:\Work 3 (20-Oct-24)\2 Side projects May 25\Encyclopedia\articles\html\علوم الأحياء والكيمياء\039_البروتينات - (جاهزة للنشر)\البروتينات - (جاهزة للنشر).html
2025-07-31 16:36:38,078 - mammoth_converter - INFO - Converting [40]: الدورة الشهرية (جاهزة للنشر).docx
2025-07-31 16:36:38,505 - mammoth_converter - INFO -   Detected equation type: none
2025-07-31 16:36:39,040 - mammoth_converter - WARNING - الدورة الشهرية (جاهزة للنشر).docx: Message(type='warning', message='Unrecognised paragraph style: List Paragraph (Style ID: ListParagraph)')
2025-07-31 16:36:39,040 - mammoth_converter - WARNING - الدورة الشهرية (جاهزة للنشر).docx: Message(type='warning', message='Unrecognised run style: bk_cite_avail (Style ID: bkciteavail)')
2025-07-31 16:36:39,042 - mammoth_converter - INFO - Saved: D:\Work 3 (20-Oct-24)\2 Side projects May 25\Encyclopedia\articles\html\علوم الأحياء والكيمياء\040_الدورة الشهرية (جاهزة للنشر)\الدورة الشهرية (جاهزة للنشر).html
2025-07-31 16:36:39,042 - mammoth_converter - INFO - Converting [41]: الغشاء الخلوي-مترجم (جاهزة للنشر).docx
2025-07-31 16:36:41,473 - mammoth_converter - INFO -   Detected equation type: none
2025-07-31 16:36:43,854 - mammoth_converter - WARNING - الغشاء الخلوي-مترجم (جاهزة للنشر).docx: Message(type='warning', message='Unrecognised paragraph style: List Paragraph (Style ID: ListParagraph)')
2025-07-31 16:36:43,855 - mammoth_converter - INFO -   Found 1 LaTeX equations
2025-07-31 16:36:43,857 - mammoth_converter - INFO - Saved: D:\Work 3 (20-Oct-24)\2 Side projects May 25\Encyclopedia\articles\html\علوم الأحياء والكيمياء\041_الغشاء الخلوي-مترجم (جاهزة للنشر)\الغشاء الخلوي-مترجم (جاهزة للنشر).html
2025-07-31 16:36:43,857 - mammoth_converter - INFO - Converting [42]: النواتج الطبيعية (جاهزة للنشر).docx
2025-07-31 16:36:47,341 - mammoth_converter - INFO -   Detected equation type: none
2025-07-31 16:36:50,796 - mammoth_converter - WARNING - النواتج الطبيعية (جاهزة للنشر).docx: Message(type='warning', message='Unrecognised paragraph style: List Paragraph (Style ID: ListParagraph)')
2025-07-31 16:36:50,799 - mammoth_converter - INFO - Saved: D:\Work 3 (20-Oct-24)\2 Side projects May 25\Encyclopedia\articles\html\علوم الأحياء والكيمياء\042_النواتج الطبيعية (جاهزة للنشر)\النواتج الطبيعية (جاهزة للنشر).html
2025-07-31 16:36:50,800 - mammoth_converter - INFO - Converting [43]: فيروس كورونا (جاهزة للنشر).docx
2025-07-31 16:36:52,321 - mammoth_converter - INFO -   Detected equation type: none
2025-07-31 16:36:53,869 - mammoth_converter - WARNING - فيروس كورونا (جاهزة للنشر).docx: Message(type='warning', message='Unrecognised paragraph style: Heading 3a (Style ID: Heading3a)')
2025-07-31 16:36:53,869 - mammoth_converter - WARNING - فيروس كورونا (جاهزة للنشر).docx: Message(type='warning', message='Unrecognised paragraph style: EndNote Bibliography (Style ID: EndNoteBibliography)')
2025-07-31 16:36:53,872 - mammoth_converter - INFO - Saved: D:\Work 3 (20-Oct-24)\2 Side projects May 25\Encyclopedia\articles\html\علوم الأحياء والكيمياء\043_فيروس كورونا (جاهزة للنشر)\فيروس كورونا (جاهزة للنشر).html
2025-07-31 16:36:53,872 - mammoth_converter - INFO - Converting [44]: لينا ماري عبيد (جاهزة للنشر).docx
2025-07-31 16:36:55,165 - mammoth_converter - INFO -   Detected equation type: none
2025-07-31 16:36:56,609 - mammoth_converter - WARNING - لينا ماري عبيد (جاهزة للنشر).docx: Message(type='warning', message='Unrecognised run style: id-label (Style ID: id-label)')
2025-07-31 16:36:56,609 - mammoth_converter - WARNING - لينا ماري عبيد (جاهزة للنشر).docx: Message(type='warning', message='Unrecognised run style: identifier (Style ID: identifier)')
2025-07-31 16:36:56,611 - mammoth_converter - INFO - Saved: D:\Work 3 (20-Oct-24)\2 Side projects May 25\Encyclopedia\articles\html\علوم الأحياء والكيمياء\044_لينا ماري عبيد (جاهزة للنشر)\لينا ماري عبيد (جاهزة للنشر).html
2025-07-31 16:36:56,611 - mammoth_converter - INFO - Converting [45]: يوسف عوني حنّون (جاهزة للنشر).docx
2025-07-31 16:36:58,177 - mammoth_converter - INFO -   Detected equation type: none
2025-07-31 16:36:59,916 - mammoth_converter - WARNING - يوسف عوني حنّون (جاهزة للنشر).docx: Message(type='warning', message='Unrecognised run style: hlfld-contribauthor (Style ID: hlfld-contribauthor)')
2025-07-31 16:36:59,917 - mammoth_converter - WARNING - يوسف عوني حنّون (جاهزة للنشر).docx: Message(type='warning', message='Unrecognised run style: ml-1 (Style ID: ml-1)')
2025-07-31 16:36:59,918 - mammoth_converter - WARNING - يوسف عوني حنّون (جاهزة للنشر).docx: Message(type='warning', message='Unrecognised paragraph style: List Paragraph (Style ID: ListParagraph)')
2025-07-31 16:36:59,919 - mammoth_converter - INFO - Saved: D:\Work 3 (20-Oct-24)\2 Side projects May 25\Encyclopedia\articles\html\علوم الأحياء والكيمياء\045_يوسف عوني حنّون (جاهزة للنشر)\يوسف عوني حنّون (جاهزة للنشر).html
2025-07-31 16:36:59,920 - mammoth_converter - INFO - ============================================================
2025-07-31 16:36:59,920 - mammoth_converter - INFO - Conversion Summary:
2025-07-31 16:36:59,921 - mammoth_converter - INFO -   Total equations found: 1
2025-07-31 16:36:59,921 - mammoth_converter - INFO -   Total footnotes: 0
2025-07-31 16:36:59,921 - mammoth_converter - INFO -   Total images: 175
2025-07-31 16:36:59,922 - mammoth_converter - INFO - ============================================================
2025-07-31 16:36:59,922 - logger - INFO - ============================================================
2025-07-31 16:36:59,922 - logger - INFO - Conversion completed!
2025-07-31 16:36:59,922 - logger - INFO - ============================================================
