2025-08-06 15:49:31,419 - logger - INFO - ============================================================
2025-08-06 15:49:31,420 - logger - INFO - Document Processing Started
2025-08-06 15:49:31,420 - logger - INFO - Input folder: D:\Work 3 (20-Oct-24)\2 Side projects May 25\Encyclopedia\articles\مقالات بعد الاخراج\test
2025-08-06 15:49:31,421 - logger - INFO - Output folder: D:\Work 3 (20-Oct-24)\2 Side projects May 25\Encyclopedia\articles\html
2025-08-06 15:49:31,421 - logger - INFO - External CSS: True
2025-08-06 15:49:31,421 - logger - INFO - ============================================================
2025-08-06 15:49:31,695 - office_math_to_latex_converter - INFO - Converting Office Math to LaTeX in: الدائرة (جاهزة للنشر).docx
2025-08-06 15:49:32,016 - office_math_to_latex_converter - INFO - Saved LaTeX version to: C:\Users\eyousef\AppData\Local\Temp\tmpw7d49w5a.docx
2025-08-06 15:49:32,017 - office_math_to_latex_converter - INFO - Converted 30 Office Math equations to LaTeX
2025-08-06 15:49:32,018 - word_anchor_adder - INFO - Adding anchors to: tmpw7d49w5a.docx
2025-08-06 15:49:32,220 - word_anchor_adder - INFO - Found 23 Office Math paragraphs
2025-08-06 15:49:32,458 - word_anchor_adder - INFO - Saved: D:\Work 3 (20-Oct-24)\2 Side projects May 25\Encyclopedia\articles\html\001_الدائرة (جاهزة للنشر)\الدائرة (جاهزة للنشر)_anchored.docx
2025-08-06 15:49:32,459 - word_anchor_adder - INFO - Total anchors: 43 (Office Math + LaTeX + Images)
2025-08-06 15:49:33,560 - mammoth_converter - INFO -   Detected equation type: office_math
2025-08-06 15:49:33,561 - mammoth_converter - INFO - Converting with equation markers (fixed)...
2025-08-06 15:49:34,977 - mammoth_converter - WARNING - الدائرة (جاهزة للنشر)_anchored.docx: Message(type='warning', message='An unrecognised element was ignored: {http://schemas.openxmlformats.org/officeDocument/2006/math}oMathPara')
2025-08-06 15:49:34,978 - mammoth_converter - WARNING - الدائرة (جاهزة للنشر)_anchored.docx: Message(type='warning', message='Unrecognised run style: rynqvb (Style ID: rynqvb)')
2025-08-06 15:49:34,979 - mammoth_converter - WARNING - الدائرة (جاهزة للنشر)_anchored.docx: Message(type='warning', message='Unrecognised paragraph style: List Paragraph (Style ID: ListParagraph)')
2025-08-06 15:49:34,979 - mammoth_converter - WARNING - الدائرة (جاهزة للنشر)_anchored.docx: Message(type='warning', message='Unrecognised paragraph style: q-text (Style ID: q-text)')
2025-08-06 15:49:34,980 - mammoth_converter - INFO -   Processed 28 Office Math equations with anchors
2025-08-06 15:49:34,993 - office_math_to_latex_converter - INFO - Converting Office Math to LaTeX in: الدالة واحد لواحد (جاهزة للنشر).docx
2025-08-06 15:49:35,055 - office_math_to_latex_converter - INFO - Saved LaTeX version to: C:\Users\eyousef\AppData\Local\Temp\tmp1tjlha_9.docx
2025-08-06 15:49:35,055 - office_math_to_latex_converter - INFO - Converted 1 Office Math equations to LaTeX
2025-08-06 15:49:35,056 - word_anchor_adder - INFO - Adding anchors to: tmp1tjlha_9.docx
2025-08-06 15:49:35,137 - word_anchor_adder - INFO - Saved: D:\Work 3 (20-Oct-24)\2 Side projects May 25\Encyclopedia\articles\html\002_الدالة واحد لواحد (جاهزة للنشر)\الدالة واحد لواحد (جاهزة للنشر)_anchored.docx
2025-08-06 15:49:35,137 - word_anchor_adder - INFO - Total anchors: 2 (Office Math + LaTeX + Images)
2025-08-06 15:49:35,270 - mammoth_converter - INFO -   Detected equation type: latex
2025-08-06 15:49:35,401 - office_math_to_latex_converter - INFO - Converting Office Math to LaTeX in: الكيمياء الحيوية (بانتظار الترجمة).docx
2025-08-06 15:49:35,554 - office_math_to_latex_converter - INFO - No Office Math equations found
2025-08-06 15:49:35,563 - word_anchor_adder - INFO - Adding anchors to: tmp34sqehsa.docx
2025-08-06 15:49:36,690 - word_anchor_adder - INFO - Saved: D:\Work 3 (20-Oct-24)\2 Side projects May 25\Encyclopedia\articles\html\003_الكيمياء الحيوية (بانتظار الترجمة)\الكيمياء الحيوية (بانتظار الترجمة)_anchored.docx
2025-08-06 15:49:36,690 - word_anchor_adder - INFO - Total anchors: 19 (Office Math + LaTeX + Images)
2025-08-06 15:49:38,652 - mammoth_converter - INFO -   Detected equation type: none
2025-08-06 15:49:40,690 - logger - INFO - Processing completed successfully!
