2025-07-31 14:16:41,875 - logger - INFO - ============================================================
2025-07-31 14:16:41,876 - logger - INFO - Mammoth Word to HTML Converter
2025-07-31 14:16:41,876 - logger - INFO - ============================================================
2025-07-31 14:16:41,881 - mammoth_converter - INFO - Found 45 documents
2025-07-31 14:16:41,881 - mammoth_converter - INFO - Converting [1]: الكيمياء الحيوية (بانتظار الترجمة).docx
2025-07-31 14:16:43,876 - mammoth_converter - WARNING - الكيمياء الحيوية (بانتظار الترجمة).docx: Message(type='warning', message='An unrecognised element was ignored: {http://schemas.openxmlformats.org/officeDocument/2006/math}oMath')
2025-07-31 14:16:43,879 - mammoth_converter - WARNING - الكيمياء الحيوية (بانتظار الترجمة).docx: Message(type='warning', message='An unrecognised element was ignored: {http://schemas.openxmlformats.org/officeDocument/2006/math}oMathPara')
2025-07-31 14:16:43,879 - mammoth_converter - WARNING - الكيمياء الحيوية (بانتظار الترجمة).docx: Message(type='warning', message='Unrecognised paragraph style: caption (Style ID: Caption)')
2025-07-31 14:16:43,879 - mammoth_converter - WARNING - الكيمياء الحيوية (بانتظار الترجمة).docx: Message(type='warning', message='Unrecognised paragraph style: List Paragraph (Style ID: ListParagraph)')
2025-07-31 14:16:43,880 - mammoth_converter - WARNING - الكيمياء الحيوية (بانتظار الترجمة).docx: Message(type='warning', message='Unrecognised run style: anchor-text (Style ID: anchor-text)')
2025-07-31 14:16:43,881 - mammoth_converter - INFO - Saved: D:\Work 3 (20-Oct-24)\2 Side projects May 25\Encyclopedia\articles\html\001_الكيمياء الحيوية (بانتظار الترجمة)\الكيمياء الحيوية (بانتظار الترجمة).html
2025-07-31 14:16:43,882 - mammoth_converter - INFO - Converting [2]: الكيمياء الحيوية (بانتظار الترجمة).docx
2025-07-31 14:16:46,463 - mammoth_converter - WARNING - الكيمياء الحيوية (بانتظار الترجمة).docx: Message(type='warning', message='An unrecognised element was ignored: {http://schemas.openxmlformats.org/officeDocument/2006/math}oMath')
2025-07-31 14:16:46,463 - mammoth_converter - WARNING - الكيمياء الحيوية (بانتظار الترجمة).docx: Message(type='warning', message='An unrecognised element was ignored: {http://schemas.openxmlformats.org/officeDocument/2006/math}oMathPara')
2025-07-31 14:16:46,464 - mammoth_converter - WARNING - الكيمياء الحيوية (بانتظار الترجمة).docx: Message(type='warning', message='Unrecognised paragraph style: caption (Style ID: Caption)')
2025-07-31 14:16:46,464 - mammoth_converter - WARNING - الكيمياء الحيوية (بانتظار الترجمة).docx: Message(type='warning', message='Unrecognised paragraph style: List Paragraph (Style ID: ListParagraph)')
2025-07-31 14:16:46,464 - mammoth_converter - WARNING - الكيمياء الحيوية (بانتظار الترجمة).docx: Message(type='warning', message='Unrecognised run style: anchor-text (Style ID: anchor-text)')
2025-07-31 14:16:46,466 - mammoth_converter - INFO - Saved: D:\Work 3 (20-Oct-24)\2 Side projects May 25\Encyclopedia\articles\html\test\002_الكيمياء الحيوية (بانتظار الترجمة)\الكيمياء الحيوية (بانتظار الترجمة).html
2025-07-31 14:16:46,466 - mammoth_converter - INFO - Converting [3]: التناص (جاهزة للنشر).docx
2025-07-31 14:16:48,259 - mammoth_converter - WARNING - التناص (جاهزة للنشر).docx: Message(type='warning', message='Unrecognised paragraph style: caption (Style ID: Caption)')
2025-07-31 14:16:48,259 - mammoth_converter - WARNING - التناص (جاهزة للنشر).docx: Message(type='warning', message='Unrecognised paragraph style: List Paragraph (Style ID: ListParagraph)')
2025-07-31 14:16:48,261 - mammoth_converter - INFO - Saved: D:\Work 3 (20-Oct-24)\2 Side projects May 25\Encyclopedia\articles\html\الآداب واللغات\003_التناص (جاهزة للنشر)\التناص (جاهزة للنشر).html
2025-07-31 14:16:48,262 - mammoth_converter - INFO - Converting [4]: المعاجم العربية التراثية (جاهزة للنشر).docx
2025-07-31 14:16:50,615 - mammoth_converter - WARNING - المعاجم العربية التراثية (جاهزة للنشر).docx: Message(type='warning', message='Unrecognised paragraph style: caption (Style ID: Caption)')
2025-07-31 14:16:50,616 - mammoth_converter - WARNING - المعاجم العربية التراثية (جاهزة للنشر).docx: Message(type='warning', message='Unrecognised run style: Emphasis (Style ID: Emphasis)')
2025-07-31 14:16:50,616 - mammoth_converter - WARNING - المعاجم العربية التراثية (جاهزة للنشر).docx: Message(type='warning', message='Unrecognised paragraph style: List Paragraph (Style ID: ListParagraph)')
2025-07-31 14:16:50,628 - mammoth_converter - INFO - Saved: D:\Work 3 (20-Oct-24)\2 Side projects May 25\Encyclopedia\articles\html\الآداب واللغات\004_المعاجم العربية التراثية (جاهزة للنشر)\المعاجم العربية التراثية (جاهزة للنشر).html
2025-07-31 14:16:50,628 - mammoth_converter - INFO - Converting [5]: أمين الخولي (جاهزة للنشر) .docx
2025-07-31 14:16:53,425 - mammoth_converter - WARNING - أمين الخولي (جاهزة للنشر) .docx: Message(type='warning', message='Unrecognised paragraph style: caption (Style ID: Caption)')
2025-07-31 14:16:53,427 - mammoth_converter - INFO - Saved: D:\Work 3 (20-Oct-24)\2 Side projects May 25\Encyclopedia\articles\html\الآداب واللغات\005_أمين الخولي (جاهزة للنشر)\أمين الخولي (جاهزة للنشر).html
2025-07-31 14:16:53,428 - mammoth_converter - INFO - Converting [6]: إلياس زيات (جاهزة للنشر).docx
2025-07-31 14:16:53,871 - mammoth_converter - WARNING - إلياس زيات (جاهزة للنشر).docx: Message(type='warning', message='Unrecognised paragraph style: caption (Style ID: Caption)')
2025-07-31 14:16:53,873 - mammoth_converter - INFO - Saved: D:\Work 3 (20-Oct-24)\2 Side projects May 25\Encyclopedia\articles\html\الآداب واللغات\006_إلياس زيات (جاهزة للنشر)\إلياس زيات (جاهزة للنشر).html
2025-07-31 14:16:53,873 - mammoth_converter - INFO - Converting [7]: حسن العطار (جاهزة للنشر).docx
2025-07-31 14:16:54,620 - mammoth_converter - WARNING - حسن العطار (جاهزة للنشر).docx: Message(type='warning', message='Unrecognised paragraph style: caption (Style ID: Caption)')
2025-07-31 14:16:54,620 - mammoth_converter - WARNING - حسن العطار (جاهزة للنشر).docx: Message(type='warning', message='Unrecognised run style: Emphasis (Style ID: Emphasis)')
2025-07-31 14:16:54,621 - mammoth_converter - INFO - Saved: D:\Work 3 (20-Oct-24)\2 Side projects May 25\Encyclopedia\articles\html\الآداب واللغات\007_حسن العطار (جاهزة للنشر)\حسن العطار (جاهزة للنشر).html
2025-07-31 14:16:54,622 - mammoth_converter - INFO - Converting [8]: حسن فتحي (جاهزة للنشر).docx
2025-07-31 14:16:55,487 - mammoth_converter - WARNING - حسن فتحي (جاهزة للنشر).docx: Message(type='warning', message='Unrecognised paragraph style: caption (Style ID: Caption)')
2025-07-31 14:16:55,488 - mammoth_converter - WARNING - حسن فتحي (جاهزة للنشر).docx: Message(type='warning', message='Unrecognised run style: wixui-rich-text__text (Style ID: wixui-rich-texttext)')
2025-07-31 14:16:55,491 - mammoth_converter - INFO - Saved: D:\Work 3 (20-Oct-24)\2 Side projects May 25\Encyclopedia\articles\html\الآداب واللغات\008_حسن فتحي (جاهزة للنشر)\حسن فتحي (جاهزة للنشر).html
2025-07-31 14:16:55,491 - mammoth_converter - INFO - Converting [9]: سليم النقاش (جاهزة للنشر)  .docx
2025-07-31 14:16:56,120 - mammoth_converter - WARNING - سليم النقاش (جاهزة للنشر)  .docx: Message(type='warning', message='Unrecognised paragraph style: caption (Style ID: Caption)')
2025-07-31 14:16:56,121 - mammoth_converter - INFO - Saved: D:\Work 3 (20-Oct-24)\2 Side projects May 25\Encyclopedia\articles\html\الآداب واللغات\009_سليم النقاش (جاهزة للنشر)\سليم النقاش (جاهزة للنشر).html
2025-07-31 14:16:56,122 - mammoth_converter - INFO - Converting [10]: غالب هلسا (جاهزة للنشر).docx
2025-07-31 14:16:57,306 - mammoth_converter - WARNING - غالب هلسا (جاهزة للنشر).docx: Message(type='warning', message='Unrecognised paragraph style: No Spacing (Style ID: NoSpacing)')
2025-07-31 14:16:57,307 - mammoth_converter - WARNING - غالب هلسا (جاهزة للنشر).docx: Message(type='warning', message='Unrecognised paragraph style: caption (Style ID: Caption)')
2025-07-31 14:16:57,308 - mammoth_converter - WARNING - غالب هلسا (جاهزة للنشر).docx: Message(type='warning', message='Unrecognised paragraph style: List Paragraph (Style ID: ListParagraph)')
2025-07-31 14:16:57,310 - mammoth_converter - INFO - Saved: D:\Work 3 (20-Oct-24)\2 Side projects May 25\Encyclopedia\articles\html\الآداب واللغات\010_غالب هلسا (جاهزة للنشر)\غالب هلسا (جاهزة للنشر).html
2025-07-31 14:16:57,311 - mammoth_converter - INFO - Converting [11]: كتاب العين (جاهزة للنشر).docx
2025-07-31 14:17:00,579 - mammoth_converter - WARNING - كتاب العين (جاهزة للنشر).docx: Message(type='warning', message='Unrecognised paragraph style: caption (Style ID: Caption)')
2025-07-31 14:17:00,584 - mammoth_converter - WARNING - كتاب العين (جاهزة للنشر).docx: Message(type='warning', message='Unrecognised paragraph style: List Paragraph (Style ID: ListParagraph)')
2025-07-31 14:17:00,588 - mammoth_converter - INFO - Saved: D:\Work 3 (20-Oct-24)\2 Side projects May 25\Encyclopedia\articles\html\الآداب واللغات\011_كتاب العين (جاهزة للنشر)\كتاب العين (جاهزة للنشر).html
2025-07-31 14:17:00,614 - mammoth_converter - INFO - Converting [12]: ابن ماجه (جاهز للنشر).docx
2025-07-31 14:17:02,436 - mammoth_converter - WARNING - ابن ماجه (جاهز للنشر).docx: Message(type='warning', message='Unrecognised paragraph style: caption (Style ID: Caption)')
2025-07-31 14:17:02,437 - mammoth_converter - WARNING - ابن ماجه (جاهز للنشر).docx: Message(type='warning', message='Unrecognised run style: familyname (Style ID: familyname)')
2025-07-31 14:17:02,437 - mammoth_converter - WARNING - ابن ماجه (جاهز للنشر).docx: Message(type='warning', message='Unrecognised run style: Emphasis (Style ID: Emphasis)')
2025-07-31 14:17:02,439 - mammoth_converter - INFO - Saved: D:\Work 3 (20-Oct-24)\2 Side projects May 25\Encyclopedia\articles\html\الاسلام وعلومه\012_ابن ماجه (جاهز للنشر)\ابن ماجه (جاهز للنشر).html
2025-07-31 14:17:02,440 - mammoth_converter - INFO - Converting [13]: الطبيعيات في علم الكلام (جاهزة للنشر).docx
2025-07-31 14:17:06,461 - mammoth_converter - WARNING - الطبيعيات في علم الكلام (جاهزة للنشر).docx: Message(type='warning', message='Unrecognised paragraph style: caption (Style ID: Caption)')
2025-07-31 14:17:06,462 - mammoth_converter - WARNING - الطبيعيات في علم الكلام (جاهزة للنشر).docx: Message(type='warning', message='Unrecognised paragraph style: List Paragraph (Style ID: ListParagraph)')
2025-07-31 14:17:06,464 - mammoth_converter - WARNING - الطبيعيات في علم الكلام (جاهزة للنشر).docx: Message(type='warning', message='Unrecognised run style: Emphasis (Style ID: Emphasis)')
2025-07-31 14:17:06,467 - mammoth_converter - INFO - Saved: D:\Work 3 (20-Oct-24)\2 Side projects May 25\Encyclopedia\articles\html\الاسلام وعلومه\013_الطبيعيات في علم الكلام (جاهزة للنشر)\الطبيعيات في علم الكلام (جاهزة للنشر).html
2025-07-31 14:17:06,468 - mammoth_converter - INFO - Converting [14]: أبو يعلى الفراء (جاهزة للنشر).docx
2025-07-31 14:17:07,925 - mammoth_converter - WARNING - أبو يعلى الفراء (جاهزة للنشر).docx: Message(type='warning', message='Unrecognised paragraph style: caption (Style ID: Caption)')
2025-07-31 14:17:07,926 - mammoth_converter - WARNING - أبو يعلى الفراء (جاهزة للنشر).docx: Message(type='warning', message='Unrecognised paragraph style: List Paragraph (Style ID: ListParagraph)')
2025-07-31 14:17:07,927 - mammoth_converter - INFO - Saved: D:\Work 3 (20-Oct-24)\2 Side projects May 25\Encyclopedia\articles\html\الاسلام وعلومه\014_أبو يعلى الفراء (جاهزة للنشر)\أبو يعلى الفراء (جاهزة للنشر).html
2025-07-31 14:17:07,927 - mammoth_converter - INFO - Converting [15]: حسين الجسر (جاهزة للنشر).docx
2025-07-31 14:17:08,438 - mammoth_converter - WARNING - حسين الجسر (جاهزة للنشر).docx: Message(type='warning', message='Unrecognised paragraph style: caption (Style ID: Caption)')
2025-07-31 14:17:08,439 - mammoth_converter - INFO - Saved: D:\Work 3 (20-Oct-24)\2 Side projects May 25\Encyclopedia\articles\html\الاسلام وعلومه\015_حسين الجسر (جاهزة للنشر)\حسين الجسر (جاهزة للنشر).html
2025-07-31 14:17:08,440 - mammoth_converter - INFO - Converting [16]: مسعر بن كدام (جاهزة للنشر).docx
2025-07-31 14:17:09,565 - mammoth_converter - WARNING - مسعر بن كدام (جاهزة للنشر).docx: Message(type='warning', message='Unrecognised paragraph style: caption (Style ID: Caption)')
2025-07-31 14:17:09,565 - mammoth_converter - WARNING - مسعر بن كدام (جاهزة للنشر).docx: Message(type='warning', message='Unrecognised paragraph style: List Paragraph (Style ID: ListParagraph)')
2025-07-31 14:17:09,566 - mammoth_converter - WARNING - مسعر بن كدام (جاهزة للنشر).docx: Message(type='warning', message='Unrecognised run style: Footnote Text Char (Style ID: FootnoteTextChar)')
2025-07-31 14:17:09,567 - mammoth_converter - INFO - Saved: D:\Work 3 (20-Oct-24)\2 Side projects May 25\Encyclopedia\articles\html\الاسلام وعلومه\016_مسعر بن كدام (جاهزة للنشر)\مسعر بن كدام (جاهزة للنشر).html
2025-07-31 14:17:09,568 - mammoth_converter - INFO - Converting [17]: السلع العامة (جاهزة للنشر).docx
2025-07-31 14:17:11,220 - mammoth_converter - WARNING - السلع العامة (جاهزة للنشر).docx: Message(type='warning', message='Unrecognised paragraph style: caption (Style ID: Caption)')
2025-07-31 14:17:11,221 - mammoth_converter - WARNING - السلع العامة (جاهزة للنشر).docx: Message(type='warning', message='Unrecognised paragraph style: Style1 (Style ID: Style1)')
2025-07-31 14:17:11,222 - mammoth_converter - INFO - Saved: D:\Work 3 (20-Oct-24)\2 Side projects May 25\Encyclopedia\articles\html\الاقتصاد والمال\017_السلع العامة (جاهزة للنشر)\السلع العامة (جاهزة للنشر).html
2025-07-31 14:17:11,223 - mammoth_converter - INFO - Converting [18]: التشابه (جاهزة للنشر) .docx
2025-07-31 14:17:12,802 - mammoth_converter - WARNING - التشابه (جاهزة للنشر) .docx: Message(type='warning', message='An unrecognised element was ignored: {http://schemas.openxmlformats.org/officeDocument/2006/math}oMath')
2025-07-31 14:17:12,803 - mammoth_converter - WARNING - التشابه (جاهزة للنشر) .docx: Message(type='warning', message='An unrecognised element was ignored: {http://schemas.openxmlformats.org/officeDocument/2006/math}oMathPara')
2025-07-31 14:17:12,803 - mammoth_converter - WARNING - التشابه (جاهزة للنشر) .docx: Message(type='warning', message='Unrecognised run style: rynqvb (Style ID: rynqvb)')
2025-07-31 14:17:12,804 - mammoth_converter - WARNING - التشابه (جاهزة للنشر) .docx: Message(type='warning', message='Unrecognised paragraph style: caption (Style ID: Caption)')
2025-07-31 14:17:12,804 - mammoth_converter - WARNING - التشابه (جاهزة للنشر) .docx: Message(type='warning', message='Unrecognised paragraph style: q-text (Style ID: q-text)')
2025-07-31 14:17:12,804 - mammoth_converter - WARNING - التشابه (جاهزة للنشر) .docx: Message(type='warning', message='Unrecognised paragraph style: List Paragraph (Style ID: ListParagraph)')
2025-07-31 14:17:12,806 - mammoth_converter - INFO - Saved: D:\Work 3 (20-Oct-24)\2 Side projects May 25\Encyclopedia\articles\html\الرياضيات والفيزياء\018_التشابه (جاهزة للنشر)\التشابه (جاهزة للنشر).html
2025-07-31 14:17:12,806 - mammoth_converter - INFO - Converting [19]: الدائرة (جاهزة للنشر).docx
2025-07-31 14:17:14,693 - mammoth_converter - WARNING - الدائرة (جاهزة للنشر).docx: Message(type='warning', message='An unrecognised element was ignored: {http://schemas.openxmlformats.org/officeDocument/2006/math}oMath')
2025-07-31 14:17:14,693 - mammoth_converter - WARNING - الدائرة (جاهزة للنشر).docx: Message(type='warning', message='An unrecognised element was ignored: {http://schemas.openxmlformats.org/officeDocument/2006/math}oMathPara')
2025-07-31 14:17:14,693 - mammoth_converter - WARNING - الدائرة (جاهزة للنشر).docx: Message(type='warning', message='Unrecognised run style: rynqvb (Style ID: rynqvb)')
2025-07-31 14:17:14,693 - mammoth_converter - WARNING - الدائرة (جاهزة للنشر).docx: Message(type='warning', message='Unrecognised paragraph style: caption (Style ID: Caption)')
2025-07-31 14:17:14,695 - mammoth_converter - WARNING - الدائرة (جاهزة للنشر).docx: Message(type='warning', message='Unrecognised paragraph style: List Paragraph (Style ID: ListParagraph)')
2025-07-31 14:17:14,695 - mammoth_converter - WARNING - الدائرة (جاهزة للنشر).docx: Message(type='warning', message='Unrecognised paragraph style: q-text (Style ID: q-text)')
2025-07-31 14:17:14,697 - mammoth_converter - INFO - Saved: D:\Work 3 (20-Oct-24)\2 Side projects May 25\Encyclopedia\articles\html\الرياضيات والفيزياء\019_الدائرة (جاهزة للنشر)\الدائرة (جاهزة للنشر).html
2025-07-31 14:17:14,698 - mammoth_converter - INFO - Converting [20]: الدالة واحد لواحد (جاهزة للنشر).docx
2025-07-31 14:17:15,469 - mammoth_converter - WARNING - الدالة واحد لواحد (جاهزة للنشر).docx: Message(type='warning', message='An unrecognised element was ignored: {http://schemas.openxmlformats.org/officeDocument/2006/math}oMath')
2025-07-31 14:17:15,470 - mammoth_converter - WARNING - الدالة واحد لواحد (جاهزة للنشر).docx: Message(type='warning', message='An unrecognised element was ignored: {http://schemas.openxmlformats.org/officeDocument/2006/math}oMathPara')
2025-07-31 14:17:15,471 - mammoth_converter - WARNING - الدالة واحد لواحد (جاهزة للنشر).docx: Message(type='warning', message='Unrecognised paragraph style: caption (Style ID: Caption)')
2025-07-31 14:17:15,471 - mammoth_converter - WARNING - الدالة واحد لواحد (جاهزة للنشر).docx: Message(type='warning', message='Unrecognised paragraph style: List Paragraph (Style ID: ListParagraph)')
2025-07-31 14:17:15,472 - mammoth_converter - INFO - Saved: D:\Work 3 (20-Oct-24)\2 Side projects May 25\Encyclopedia\articles\html\الرياضيات والفيزياء\020_الدالة واحد لواحد (جاهزة للنشر)\الدالة واحد لواحد (جاهزة للنشر).html
2025-07-31 14:17:15,473 - mammoth_converter - INFO - Converting [21]: العدد الأولي (جاهزة للنشر).docx
2025-07-31 14:17:17,260 - mammoth_converter - WARNING - العدد الأولي (جاهزة للنشر).docx: Message(type='warning', message='An unrecognised element was ignored: {http://schemas.openxmlformats.org/officeDocument/2006/math}oMath')
2025-07-31 14:17:17,260 - mammoth_converter - WARNING - العدد الأولي (جاهزة للنشر).docx: Message(type='warning', message='An unrecognised element was ignored: v:stroke')
2025-07-31 14:17:17,260 - mammoth_converter - WARNING - العدد الأولي (جاهزة للنشر).docx: Message(type='warning', message='An unrecognised element was ignored: {http://schemas.openxmlformats.org/officeDocument/2006/math}oMathPara')
2025-07-31 14:17:17,260 - mammoth_converter - WARNING - العدد الأولي (جاهزة للنشر).docx: Message(type='warning', message='An unrecognised element was ignored: v:line')
2025-07-31 14:17:17,260 - mammoth_converter - WARNING - العدد الأولي (جاهزة للنشر).docx: Message(type='warning', message='Run style with ID Normal was referenced but not defined in the document')
2025-07-31 14:17:17,260 - mammoth_converter - WARNING - العدد الأولي (جاهزة للنشر).docx: Message(type='warning', message='Unrecognised paragraph style: caption (Style ID: Caption)')
2025-07-31 14:17:17,260 - mammoth_converter - WARNING - العدد الأولي (جاهزة للنشر).docx: Message(type='warning', message='Unrecognised paragraph style: List Paragraph (Style ID: ListParagraph)')
2025-07-31 14:17:17,260 - mammoth_converter - WARNING - العدد الأولي (جاهزة للنشر).docx: Message(type='warning', message='Unrecognised run style: None (Style ID: Normal)')
2025-07-31 14:17:17,260 - mammoth_converter - WARNING - العدد الأولي (جاهزة للنشر).docx: Message(type='warning', message='Unrecognised paragraph style: Bibliography (Style ID: Bibliography)')
2025-07-31 14:17:17,260 - mammoth_converter - INFO - Saved: D:\Work 3 (20-Oct-24)\2 Side projects May 25\Encyclopedia\articles\html\الرياضيات والفيزياء\021_العدد الأولي (جاهزة للنشر)\العدد الأولي (جاهزة للنشر).html
2025-07-31 14:17:17,265 - mammoth_converter - INFO - Converting [22]: الفضاء المتري (جاهزة للنشر).docx
2025-07-31 14:17:18,835 - mammoth_converter - WARNING - الفضاء المتري (جاهزة للنشر).docx: Message(type='warning', message='An unrecognised element was ignored: {http://schemas.openxmlformats.org/officeDocument/2006/math}oMath')
2025-07-31 14:17:18,836 - mammoth_converter - WARNING - الفضاء المتري (جاهزة للنشر).docx: Message(type='warning', message='An unrecognised element was ignored: {http://schemas.openxmlformats.org/officeDocument/2006/math}oMathPara')
2025-07-31 14:17:18,837 - mammoth_converter - WARNING - الفضاء المتري (جاهزة للنشر).docx: Message(type='warning', message='Unrecognised paragraph style: Normal (Web) (Style ID: NormalWeb)')
2025-07-31 14:17:18,837 - mammoth_converter - WARNING - الفضاء المتري (جاهزة للنشر).docx: Message(type='warning', message='Unrecognised paragraph style: List Paragraph (Style ID: ListParagraph)')
2025-07-31 14:17:18,837 - mammoth_converter - WARNING - الفضاء المتري (جاهزة للنشر).docx: Message(type='warning', message='Unrecognised paragraph style: caption (Style ID: Caption)')
2025-07-31 14:17:18,837 - mammoth_converter - WARNING - الفضاء المتري (جاهزة للنشر).docx: Message(type='warning', message='Unrecognised paragraph style: Bibliography (Style ID: Bibliography)')
2025-07-31 14:17:18,840 - mammoth_converter - INFO - Saved: D:\Work 3 (20-Oct-24)\2 Side projects May 25\Encyclopedia\articles\html\الرياضيات والفيزياء\022_الفضاء المتري (جاهزة للنشر)\الفضاء المتري (جاهزة للنشر).html
2025-07-31 14:17:18,840 - mammoth_converter - INFO - Converting [23]: إستر أزهري (جاهزة للنشر).docx
2025-07-31 14:17:19,495 - mammoth_converter - WARNING - إستر أزهري (جاهزة للنشر).docx: Message(type='warning', message='Unrecognised paragraph style: caption (Style ID: Caption)')
2025-07-31 14:17:19,495 - mammoth_converter - INFO - Saved: D:\Work 3 (20-Oct-24)\2 Side projects May 25\Encyclopedia\articles\html\تاريخ وجغرافيا\023_إستر أزهري (جاهزة للنشر)\إستر أزهري (جاهزة للنشر).html
2025-07-31 14:17:19,500 - mammoth_converter - INFO - Converting [24]: بولينا حسون (جاهزة للنشر).docx
2025-07-31 14:17:20,042 - mammoth_converter - WARNING - بولينا حسون (جاهزة للنشر).docx: Message(type='warning', message='Unrecognised paragraph style: caption (Style ID: Caption)')
2025-07-31 14:17:20,043 - mammoth_converter - INFO - Saved: D:\Work 3 (20-Oct-24)\2 Side projects May 25\Encyclopedia\articles\html\تاريخ وجغرافيا\024_بولينا حسون (جاهزة للنشر)\بولينا حسون (جاهزة للنشر).html
2025-07-31 14:17:20,043 - mammoth_converter - INFO - Converting [25]: جمعية العهد (جاهزة للنشر).docx
2025-07-31 14:17:22,215 - mammoth_converter - WARNING - جمعية العهد (جاهزة للنشر).docx: Message(type='warning', message='Unrecognised paragraph style: caption (Style ID: Caption)')
2025-07-31 14:17:22,215 - mammoth_converter - WARNING - جمعية العهد (جاهزة للنشر).docx: Message(type='warning', message='Unrecognised paragraph style: List Paragraph (Style ID: ListParagraph)')
2025-07-31 14:17:22,216 - mammoth_converter - WARNING - جمعية العهد (جاهزة للنشر).docx: Message(type='warning', message='Unrecognised paragraph style: هامش عربي (المتن الداخلي) (Style ID: a)')
2025-07-31 14:17:22,216 - mammoth_converter - WARNING - جمعية العهد (جاهزة للنشر).docx: Message(type='warning', message='Unrecognised run style: عربي (Style ID: a0)')
2025-07-31 14:17:22,219 - mammoth_converter - INFO - Saved: D:\Work 3 (20-Oct-24)\2 Side projects May 25\Encyclopedia\articles\html\تاريخ وجغرافيا\025_جمعية العهد (جاهزة للنشر)\جمعية العهد (جاهزة للنشر).html
2025-07-31 14:17:22,220 - mammoth_converter - INFO - Converting [26]: زينب فواز (جاهزة للنشر).docx
2025-07-31 14:17:22,748 - mammoth_converter - WARNING - زينب فواز (جاهزة للنشر).docx: Message(type='warning', message='Unrecognised paragraph style: caption (Style ID: Caption)')
2025-07-31 14:17:22,748 - mammoth_converter - WARNING - زينب فواز (جاهزة للنشر).docx: Message(type='warning', message='Unrecognised paragraph style: List Paragraph (Style ID: ListParagraph)')
2025-07-31 14:17:22,750 - mammoth_converter - INFO - Saved: D:\Work 3 (20-Oct-24)\2 Side projects May 25\Encyclopedia\articles\html\تاريخ وجغرافيا\026_زينب فواز (جاهزة للنشر)\زينب فواز (جاهزة للنشر).html
2025-07-31 14:17:22,751 - mammoth_converter - INFO - Converting [27]: ساطع الحصري (جاهزة للنشر).docx
2025-07-31 14:17:25,884 - mammoth_converter - WARNING - ساطع الحصري (جاهزة للنشر).docx: Message(type='warning', message='Unrecognised paragraph style: caption (Style ID: Caption)')
2025-07-31 14:17:25,885 - mammoth_converter - WARNING - ساطع الحصري (جاهزة للنشر).docx: Message(type='warning', message='Unrecognised paragraph style: List Paragraph (Style ID: ListParagraph)')
2025-07-31 14:17:25,886 - mammoth_converter - INFO - Saved: D:\Work 3 (20-Oct-24)\2 Side projects May 25\Encyclopedia\articles\html\تاريخ وجغرافيا\027_ساطع الحصري (جاهزة للنشر)\ساطع الحصري (جاهزة للنشر).html
2025-07-31 14:17:25,887 - mammoth_converter - INFO - Converting [28]: سوق عكاظ (جاهزة للنشر).docx
2025-07-31 14:17:27,439 - mammoth_converter - WARNING - سوق عكاظ (جاهزة للنشر).docx: Message(type='warning', message='Unrecognised paragraph style: caption (Style ID: Caption)')
2025-07-31 14:17:27,440 - mammoth_converter - INFO - Saved: D:\Work 3 (20-Oct-24)\2 Side projects May 25\Encyclopedia\articles\html\تاريخ وجغرافيا\028_سوق عكاظ (جاهزة للنشر)\سوق عكاظ (جاهزة للنشر).html
2025-07-31 14:17:27,440 - mammoth_converter - INFO - Converting [29]: صفقة الأسلحة التشيكية (جاهزة للنشر).docx
2025-07-31 14:17:27,993 - mammoth_converter - WARNING - صفقة الأسلحة التشيكية (جاهزة للنشر).docx: Message(type='warning', message='Unrecognised paragraph style: caption (Style ID: Caption)')
2025-07-31 14:17:27,994 - mammoth_converter - INFO - Saved: D:\Work 3 (20-Oct-24)\2 Side projects May 25\Encyclopedia\articles\html\تاريخ وجغرافيا\029_صفقة الأسلحة التشيكية (جاهزة للنشر)\صفقة الأسلحة التشيكية (جاهزة للنشر).html
2025-07-31 14:17:27,995 - mammoth_converter - INFO - Converting [30]: مجلي نصراوين (جاهزة للنشر).docx
2025-07-31 14:17:28,701 - mammoth_converter - INFO - Saved: D:\Work 3 (20-Oct-24)\2 Side projects May 25\Encyclopedia\articles\html\تاريخ وجغرافيا\030_مجلي نصراوين (جاهزة للنشر)\مجلي نصراوين (جاهزة للنشر).html
2025-07-31 14:17:28,701 - mammoth_converter - INFO - Converting [31]: مريانا مراش (جاهزة للنشر).docx
2025-07-31 14:17:29,343 - mammoth_converter - WARNING - مريانا مراش (جاهزة للنشر).docx: Message(type='warning', message='Unrecognised paragraph style: caption (Style ID: Caption)')
2025-07-31 14:17:29,344 - mammoth_converter - INFO - Saved: D:\Work 3 (20-Oct-24)\2 Side projects May 25\Encyclopedia\articles\html\تاريخ وجغرافيا\031_مريانا مراش (جاهزة للنشر)\مريانا مراش (جاهزة للنشر).html
2025-07-31 14:17:29,345 - mammoth_converter - INFO - Converting [32]: مسلم بن مسلم الجرمي (جاهزة للنشر).docx
2025-07-31 14:17:29,827 - mammoth_converter - WARNING - مسلم بن مسلم الجرمي (جاهزة للنشر).docx: Message(type='warning', message='Unrecognised paragraph style: caption (Style ID: Caption)')
2025-07-31 14:17:29,829 - mammoth_converter - INFO - Saved: D:\Work 3 (20-Oct-24)\2 Side projects May 25\Encyclopedia\articles\html\تاريخ وجغرافيا\032_مسلم بن مسلم الجرمي (جاهزة للنشر)\مسلم بن مسلم الجرمي (جاهزة للنشر).html
2025-07-31 14:17:29,829 - mammoth_converter - INFO - Converting [33]: نعمان قساطلي (جاهزة للنشر).docx
2025-07-31 14:17:30,485 - mammoth_converter - WARNING - نعمان قساطلي (جاهزة للنشر).docx: Message(type='warning', message='Unrecognised paragraph style: caption (Style ID: Caption)')
2025-07-31 14:17:30,487 - mammoth_converter - INFO - Saved: D:\Work 3 (20-Oct-24)\2 Side projects May 25\Encyclopedia\articles\html\تاريخ وجغرافيا\033_نعمان قساطلي (جاهزة للنشر)\نعمان قساطلي (جاهزة للنشر).html
2025-07-31 14:17:30,488 - mammoth_converter - INFO - Converting [34]: هارون بن يحيى (جاهزة للنشر).docx
2025-07-31 14:17:30,928 - mammoth_converter - WARNING - هارون بن يحيى (جاهزة للنشر).docx: Message(type='warning', message='Unrecognised paragraph style: caption (Style ID: Caption)')
2025-07-31 14:17:30,936 - mammoth_converter - INFO - Saved: D:\Work 3 (20-Oct-24)\2 Side projects May 25\Encyclopedia\articles\html\تاريخ وجغرافيا\034_هارون بن يحيى (جاهزة للنشر)\هارون بن يحيى (جاهزة للنشر).html
2025-07-31 14:17:30,936 - mammoth_converter - INFO - Converting [35]: هنا كسباني (جاهزة للنشر).docx
2025-07-31 14:17:31,400 - mammoth_converter - WARNING - هنا كسباني (جاهزة للنشر).docx: Message(type='warning', message='Unrecognised paragraph style: caption (Style ID: Caption)')
2025-07-31 14:17:31,401 - mammoth_converter - INFO - Saved: D:\Work 3 (20-Oct-24)\2 Side projects May 25\Encyclopedia\articles\html\تاريخ وجغرافيا\035_هنا كسباني (جاهزة للنشر)\هنا كسباني (جاهزة للنشر).html
2025-07-31 14:17:31,402 - mammoth_converter - INFO - Converting [36]: ياسين الهاشمي (جاهزة للنشر).docx
2025-07-31 14:17:33,721 - mammoth_converter - WARNING - ياسين الهاشمي (جاهزة للنشر).docx: Message(type='warning', message='Unrecognised paragraph style: caption (Style ID: Caption)')
2025-07-31 14:17:33,721 - mammoth_converter - WARNING - ياسين الهاشمي (جاهزة للنشر).docx: Message(type='warning', message='Unrecognised paragraph style: List Paragraph (Style ID: ListParagraph)')
2025-07-31 14:17:33,722 - mammoth_converter - WARNING - ياسين الهاشمي (جاهزة للنشر).docx: Message(type='warning', message='Unrecognised run style: fn (Style ID: fn)')
2025-07-31 14:17:33,723 - mammoth_converter - WARNING - ياسين الهاشمي (جاهزة للنشر).docx: Message(type='warning', message='Unrecognised run style: Subtitle1 (Style ID: Subtitle1)')
2025-07-31 14:17:33,724 - mammoth_converter - INFO - Saved: D:\Work 3 (20-Oct-24)\2 Side projects May 25\Encyclopedia\articles\html\تاريخ وجغرافيا\036_ياسين الهاشمي (جاهزة للنشر)\ياسين الهاشمي (جاهزة للنشر).html
2025-07-31 14:17:33,727 - mammoth_converter - INFO - Converting [37]: الصيدلة (جاهزة للنشر).docx
2025-07-31 14:17:35,273 - mammoth_converter - WARNING - الصيدلة (جاهزة للنشر).docx: Message(type='warning', message='Unrecognised paragraph style: caption (Style ID: Caption)')
2025-07-31 14:17:35,273 - mammoth_converter - WARNING - الصيدلة (جاهزة للنشر).docx: Message(type='warning', message='Unrecognised paragraph style: List Paragraph (Style ID: ListParagraph)')
2025-07-31 14:17:35,274 - mammoth_converter - WARNING - الصيدلة (جاهزة للنشر).docx: Message(type='warning', message='Unrecognised paragraph style: Normal (Web) (Style ID: NormalWeb)')
2025-07-31 14:17:35,275 - mammoth_converter - INFO - Saved: D:\Work 3 (20-Oct-24)\2 Side projects May 25\Encyclopedia\articles\html\طب وصيدلة\037_الصيدلة (جاهزة للنشر)\الصيدلة (جاهزة للنشر).html
2025-07-31 14:17:35,276 - mammoth_converter - INFO - Converting [38]: المكملات الغذائية (جاهزة للنشر).docx
2025-07-31 14:17:36,757 - mammoth_converter - WARNING - المكملات الغذائية (جاهزة للنشر).docx: Message(type='warning', message='Unrecognised paragraph style: caption (Style ID: Caption)')
2025-07-31 14:17:36,758 - mammoth_converter - INFO - Saved: D:\Work 3 (20-Oct-24)\2 Side projects May 25\Encyclopedia\articles\html\طب وصيدلة\038_المكملات الغذائية (جاهزة للنشر)\المكملات الغذائية (جاهزة للنشر).html
2025-07-31 14:17:36,758 - mammoth_converter - INFO - Converting [39]: البروتينات - (جاهزة للنشر).docx
2025-07-31 14:17:37,276 - mammoth_converter - WARNING - البروتينات - (جاهزة للنشر).docx: Message(type='warning', message='Unrecognised paragraph style: caption (Style ID: Caption)')
2025-07-31 14:17:37,277 - mammoth_converter - WARNING - البروتينات - (جاهزة للنشر).docx: Message(type='warning', message='Unrecognised paragraph style: EndNote Bibliography (Style ID: EndNoteBibliography)')
2025-07-31 14:17:37,278 - mammoth_converter - INFO - Saved: D:\Work 3 (20-Oct-24)\2 Side projects May 25\Encyclopedia\articles\html\علوم الأحياء والكيمياء\039_البروتينات - (جاهزة للنشر)\البروتينات - (جاهزة للنشر).html
2025-07-31 14:17:37,279 - mammoth_converter - INFO - Converting [40]: الدورة الشهرية (جاهزة للنشر).docx
2025-07-31 14:17:37,966 - mammoth_converter - WARNING - الدورة الشهرية (جاهزة للنشر).docx: Message(type='warning', message='Unrecognised paragraph style: caption (Style ID: Caption)')
2025-07-31 14:17:37,969 - mammoth_converter - WARNING - الدورة الشهرية (جاهزة للنشر).docx: Message(type='warning', message='Unrecognised paragraph style: List Paragraph (Style ID: ListParagraph)')
2025-07-31 14:17:37,969 - mammoth_converter - WARNING - الدورة الشهرية (جاهزة للنشر).docx: Message(type='warning', message='Unrecognised run style: bk_cite_avail (Style ID: bkciteavail)')
2025-07-31 14:17:37,970 - mammoth_converter - INFO - Saved: D:\Work 3 (20-Oct-24)\2 Side projects May 25\Encyclopedia\articles\html\علوم الأحياء والكيمياء\040_الدورة الشهرية (جاهزة للنشر)\الدورة الشهرية (جاهزة للنشر).html
2025-07-31 14:17:37,971 - mammoth_converter - INFO - Converting [41]: الغشاء الخلوي-مترجم (جاهزة للنشر).docx
2025-07-31 14:17:39,357 - mammoth_converter - WARNING - الغشاء الخلوي-مترجم (جاهزة للنشر).docx: Message(type='warning', message='Unrecognised paragraph style: caption (Style ID: Caption)')
2025-07-31 14:17:39,357 - mammoth_converter - WARNING - الغشاء الخلوي-مترجم (جاهزة للنشر).docx: Message(type='warning', message='Unrecognised paragraph style: List Paragraph (Style ID: ListParagraph)')
2025-07-31 14:17:39,359 - mammoth_converter - INFO - Saved: D:\Work 3 (20-Oct-24)\2 Side projects May 25\Encyclopedia\articles\html\علوم الأحياء والكيمياء\041_الغشاء الخلوي-مترجم (جاهزة للنشر)\الغشاء الخلوي-مترجم (جاهزة للنشر).html
2025-07-31 14:17:39,360 - mammoth_converter - INFO - Converting [42]: النواتج الطبيعية (جاهزة للنشر).docx
2025-07-31 14:17:43,460 - mammoth_converter - WARNING - النواتج الطبيعية (جاهزة للنشر).docx: Message(type='warning', message='Unrecognised paragraph style: caption (Style ID: Caption)')
2025-07-31 14:17:43,461 - mammoth_converter - WARNING - النواتج الطبيعية (جاهزة للنشر).docx: Message(type='warning', message='Unrecognised paragraph style: List Paragraph (Style ID: ListParagraph)')
2025-07-31 14:17:43,463 - mammoth_converter - INFO - Saved: D:\Work 3 (20-Oct-24)\2 Side projects May 25\Encyclopedia\articles\html\علوم الأحياء والكيمياء\042_النواتج الطبيعية (جاهزة للنشر)\النواتج الطبيعية (جاهزة للنشر).html
2025-07-31 14:17:43,464 - mammoth_converter - INFO - Converting [43]: فيروس كورونا (جاهزة للنشر).docx
2025-07-31 14:17:46,018 - mammoth_converter - WARNING - فيروس كورونا (جاهزة للنشر).docx: Message(type='warning', message='Unrecognised paragraph style: caption (Style ID: Caption)')
2025-07-31 14:17:46,018 - mammoth_converter - WARNING - فيروس كورونا (جاهزة للنشر).docx: Message(type='warning', message='Unrecognised paragraph style: Heading 3a (Style ID: Heading3a)')
2025-07-31 14:17:46,018 - mammoth_converter - WARNING - فيروس كورونا (جاهزة للنشر).docx: Message(type='warning', message='Unrecognised paragraph style: EndNote Bibliography (Style ID: EndNoteBibliography)')
2025-07-31 14:17:46,021 - mammoth_converter - INFO - Saved: D:\Work 3 (20-Oct-24)\2 Side projects May 25\Encyclopedia\articles\html\علوم الأحياء والكيمياء\043_فيروس كورونا (جاهزة للنشر)\فيروس كورونا (جاهزة للنشر).html
2025-07-31 14:17:46,021 - mammoth_converter - INFO - Converting [44]: لينا ماري عبيد (جاهزة للنشر).docx
2025-07-31 14:17:48,983 - mammoth_converter - WARNING - لينا ماري عبيد (جاهزة للنشر).docx: Message(type='warning', message='Unrecognised paragraph style: caption (Style ID: Caption)')
2025-07-31 14:17:48,984 - mammoth_converter - WARNING - لينا ماري عبيد (جاهزة للنشر).docx: Message(type='warning', message='Unrecognised run style: Emphasis (Style ID: Emphasis)')
2025-07-31 14:17:48,985 - mammoth_converter - WARNING - لينا ماري عبيد (جاهزة للنشر).docx: Message(type='warning', message='Unrecognised run style: id-label (Style ID: id-label)')
2025-07-31 14:17:48,985 - mammoth_converter - WARNING - لينا ماري عبيد (جاهزة للنشر).docx: Message(type='warning', message='Unrecognised run style: identifier (Style ID: identifier)')
2025-07-31 14:17:48,987 - mammoth_converter - INFO - Saved: D:\Work 3 (20-Oct-24)\2 Side projects May 25\Encyclopedia\articles\html\علوم الأحياء والكيمياء\044_لينا ماري عبيد (جاهزة للنشر)\لينا ماري عبيد (جاهزة للنشر).html
2025-07-31 14:17:48,988 - mammoth_converter - INFO - Converting [45]: يوسف عوني حنّون (جاهزة للنشر).docx
2025-07-31 14:17:51,298 - mammoth_converter - WARNING - يوسف عوني حنّون (جاهزة للنشر).docx: Message(type='warning', message='Unrecognised paragraph style: caption (Style ID: Caption)')
2025-07-31 14:17:51,299 - mammoth_converter - WARNING - يوسف عوني حنّون (جاهزة للنشر).docx: Message(type='warning', message='Unrecognised run style: Emphasis (Style ID: Emphasis)')
2025-07-31 14:17:51,299 - mammoth_converter - WARNING - يوسف عوني حنّون (جاهزة للنشر).docx: Message(type='warning', message='Unrecognised run style: hlfld-contribauthor (Style ID: hlfld-contribauthor)')
2025-07-31 14:17:51,299 - mammoth_converter - WARNING - يوسف عوني حنّون (جاهزة للنشر).docx: Message(type='warning', message='Unrecognised run style: ml-1 (Style ID: ml-1)')
2025-07-31 14:17:51,300 - mammoth_converter - WARNING - يوسف عوني حنّون (جاهزة للنشر).docx: Message(type='warning', message='Unrecognised paragraph style: List Paragraph (Style ID: ListParagraph)')
2025-07-31 14:17:51,302 - mammoth_converter - INFO - Saved: D:\Work 3 (20-Oct-24)\2 Side projects May 25\Encyclopedia\articles\html\علوم الأحياء والكيمياء\045_يوسف عوني حنّون (جاهزة للنشر)\يوسف عوني حنّون (جاهزة للنشر).html
2025-07-31 14:17:51,302 - logger - INFO - ============================================================
2025-07-31 14:17:51,302 - logger - INFO - Conversion completed!
2025-07-31 14:17:51,303 - logger - INFO - ============================================================
