2025-08-06 15:32:26,768 - logger - INFO - ============================================================
2025-08-06 15:32:26,768 - logger - INFO - Document Processing Started
2025-08-06 15:32:26,768 - logger - INFO - Input folder: D:\Work 3 (20-Oct-24)\2 Side projects May 25\Encyclopedia\articles\مقالات بعد الاخراج\test
2025-08-06 15:32:26,768 - logger - INFO - Output folder: D:\Work 3 (20-Oct-24)\2 Side projects May 25\Encyclopedia\articles\html
2025-08-06 15:32:26,768 - logger - INFO - External CSS: True
2025-08-06 15:32:26,769 - logger - INFO - ============================================================
2025-08-06 15:32:27,262 - office_math_to_latex_converter - INFO - Converting Office Math to LaTeX in: الدائرة (جاهزة للنشر).docx
2025-08-06 15:32:27,440 - office_math_to_latex_converter - INFO - Saved LaTeX version to: C:\Users\eyousef\AppData\Local\Temp\tmp56402mht.docx
2025-08-06 15:32:27,443 - office_math_to_latex_converter - INFO - Converted 30 Office Math equations to LaTeX
2025-08-06 15:32:27,443 - word_anchor_adder - INFO - Adding anchors to: tmp56402mht.docx
2025-08-06 15:32:27,567 - word_anchor_adder - INFO - Found 23 Office Math paragraphs
2025-08-06 15:32:27,693 - word_anchor_adder - INFO - Saved: D:\Work 3 (20-Oct-24)\2 Side projects May 25\Encyclopedia\articles\html\001_الدائرة (جاهزة للنشر)\الدائرة (جاهزة للنشر)_anchored.docx
2025-08-06 15:32:27,694 - word_anchor_adder - INFO - Total anchors: 43 (Office Math + LaTeX + Images)
2025-08-06 15:32:28,457 - mammoth_converter - INFO -   Detected equation type: office_math
2025-08-06 15:32:28,516 - mammoth_converter - ERROR - Error in equation marker conversion: xpath() got an unexpected keyword argument 'namespaces'
2025-08-06 15:32:29,506 - office_math_to_latex_converter - INFO - Converting Office Math to LaTeX in: الدالة واحد لواحد (جاهزة للنشر).docx
2025-08-06 15:32:29,536 - office_math_to_latex_converter - INFO - Saved LaTeX version to: C:\Users\eyousef\AppData\Local\Temp\tmp4hvf60fn.docx
2025-08-06 15:32:29,545 - office_math_to_latex_converter - INFO - Converted 1 Office Math equations to LaTeX
2025-08-06 15:32:29,545 - word_anchor_adder - INFO - Adding anchors to: tmp4hvf60fn.docx
2025-08-06 15:32:29,596 - word_anchor_adder - INFO - Saved: D:\Work 3 (20-Oct-24)\2 Side projects May 25\Encyclopedia\articles\html\002_الدالة واحد لواحد (جاهزة للنشر)\الدالة واحد لواحد (جاهزة للنشر)_anchored.docx
2025-08-06 15:32:29,596 - word_anchor_adder - INFO - Total anchors: 2 (Office Math + LaTeX + Images)
2025-08-06 15:32:29,695 - mammoth_converter - INFO -   Detected equation type: latex
2025-08-06 15:32:29,774 - office_math_to_latex_converter - INFO - Converting Office Math to LaTeX in: الكيمياء الحيوية (بانتظار الترجمة).docx
2025-08-06 15:32:29,892 - office_math_to_latex_converter - INFO - No Office Math equations found
2025-08-06 15:32:29,903 - word_anchor_adder - INFO - Adding anchors to: tmp0s11lzay.docx
2025-08-06 15:32:30,533 - word_anchor_adder - INFO - Saved: D:\Work 3 (20-Oct-24)\2 Side projects May 25\Encyclopedia\articles\html\003_الكيمياء الحيوية (بانتظار الترجمة)\الكيمياء الحيوية (بانتظار الترجمة)_anchored.docx
2025-08-06 15:32:30,534 - word_anchor_adder - INFO - Total anchors: 19 (Office Math + LaTeX + Images)
2025-08-06 15:32:32,310 - mammoth_converter - INFO -   Detected equation type: none
2025-08-06 15:32:33,803 - logger - INFO - Processing completed successfully!
